net 2: 13 4 0 0 0 0 #timing (1050 1050) ps polarity 1
net 2: 15 6 1 3 0 0 #timing (1134 1134) ps polarity 0
net 2: 15 2 3 1 0 0 #timing (1218 1218) ps polarity 0
net 2: 11 2 4 2 0 0 #timing (1260 1260) ps polarity 0
net 2: 11 2 1 2 0 1 #timing (1281 1281) ps polarity 1
net 2: 9 2 0 1 0 1 #timing (1281 1281) ps polarity 0
net 2: 15 10 3 4 0 0 #timing (1218 1218) ps polarity 0
net 2: 15 10 1 1 0 1 #timing (1239 1239) ps polarity 1
net 2: 15 8 0 0 0 1 #timing (1239 1239) ps polarity 0
net 2: 15 6 5 0 0 0 #timing (1218 1218) ps polarity 1
net 2: 30 6 13 2 1 0 #timing (1302 1302) ps polarity 0
net 2: 30 6 5 0 1 1 #timing (1302 1302) ps polarity 0
net 2: 30 6 1 0 0 1 #timing (1323 1323) ps polarity 0
net 2: 30 6 0 0 0 1 #timing (1323 1323) ps polarity 1
net 2: 15 6 1 3 0 1 #timing (1196 1196) ps polarity 1
net 2: 13 4 0 0 0 1 #timing (1196 1196) ps polarity 0
net 3: 14 6 0 0 0 0 #timing (1050 1050) ps polarity 1
net 3: 12 4 1 3 0 0 #timing (1134 1134) ps polarity 0
net 3: 12 0 3 1 0 0 #timing (1218 1218) ps polarity 0
net 3: 8 0 4 2 0 0 #timing (1260 1260) ps polarity 0
net 3: 8 0 1 1 0 1 #timing (1281 1281) ps polarity 1
net 3: 8 2 0 3 0 1 #timing (1281 1281) ps polarity 0
net 3: 12 4 5 0 0 0 #timing (1218 1218) ps polarity 1
net 3: 29 4 13 2 1 0 #timing (1302 1302) ps polarity 0
net 3: 29 4 5 0 1 1 #timing (1302 1302) ps polarity 0
net 3: 29 4 1 3 0 1 #timing (1323 1323) ps polarity 0
net 3: 31 6 0 2 0 1 #timing (1323 1323) ps polarity 1
net 3: 12 4 1 0 0 1 #timing (1196 1196) ps polarity 1
net 3: 12 4 0 0 0 1 #timing (1196 1196) ps polarity 0
net 3: 12 4 1 3 0 1 #timing (1196 1196) ps polarity 1
net 3: 14 6 0 3 0 1 #timing (1196 1196) ps polarity 0
net 4: 12 9 0 0 0 0 #timing (1050 1050) ps polarity 1
net 4: 14 11 1 3 0 0 #timing (1134 1134) ps polarity 0
net 4: 14 7 3 4 0 0 #timing (1218 1218) ps polarity 0
net 4: 10 7 4 2 0 0 #timing (1260 1260) ps polarity 0
net 4: 10 7 3 1 0 1 #timing (1322 1322) ps polarity 0
net 4: 10 3 1 2 0 1 #timing (1322 1322) ps polarity 1
net 4: 8 3 0 2 0 1 #timing (1322 1322) ps polarity 0
net 4: 14 7 5 0 0 0 #timing (1260 1260) ps polarity 1
net 4: 31 7 13 2 1 0 #timing (1344 1344) ps polarity 0
net 4: 31 7 5 0 1 1 #timing (1344 1344) ps polarity 0
net 4: 31 7 1 1 0 1 #timing (1365 1365) ps polarity 0
net 4: 31 5 0 0 0 1 #timing (1365 1365) ps polarity 1
net 4: 14 7 1 3 0 1 #timing (1239 1239) ps polarity 1
net 4: 12 5 0 2 0 1 #timing (1239 1239) ps polarity 0
net 4: 14 11 1 1 0 1 #timing (1196 1196) ps polarity 1
net 4: 14 9 0 1 0 1 #timing (1196 1196) ps polarity 0
net 4: 14 9 0 2 0 1 #timing (1196 1196) ps polarity 0
net 5: 10 6 0 0 0 0 #timing (1050 1050) ps polarity 1
net 5: 8 4 1 3 0 0 #timing (1134 1134) ps polarity 0
net 5: 8 0 3 1 0 0 #timing (1218 1218) ps polarity 0
net 5: 8 0 5 0 0 0 #timing (1260 1260) ps polarity 1
net 5: 25 0 13 2 1 0 #timing (1344 1344) ps polarity 0
net 5: 25 0 5 0 1 1 #timing (1344 1344) ps polarity 0
net 5: 25 0 4 2 0 1 #timing (1386 1386) ps polarity 1
net 5: 29 0 1 3 0 1 #timing (1407 1407) ps polarity 0
net 5: 31 2 0 1 0 1 #timing (1407 1407) ps polarity 1
net 5: 8 0 1 3 0 1 #timing (1239 1239) ps polarity 1
net 5: 10 2 0 0 0 1 #timing (1239 1239) ps polarity 0
net 5: 8 4 3 4 0 1 #timing (1239 1239) ps polarity 0
net 5: 8 8 1 2 0 1 #timing (1239 1239) ps polarity 1
net 5: 10 8 0 1 0 1 #timing (1239 1239) ps polarity 0
net 6: 11 1 0 0 0 0 #timing (1050 1050) ps polarity 1
net 6: 9 3 1 3 0 0 #timing (1134 1134) ps polarity 0
net 6: 9 7 3 1 0 0 #timing (1218 1218) ps polarity 0
net 6: 9 7 5 0 1 0 #timing (1260 1260) ps polarity 1
net 6: 25 7 13 2 0 0 #timing (1344 1344) ps polarity 0
net 6: 25 7 5 0 1 1 #timing (1344 1344) ps polarity 0
net 6: 25 7 4 2 0 1 #timing (1386 1386) ps polarity 1
net 6: 29 7 1 3 0 1 #timing (1407 1407) ps polarity 0
net 6: 31 5 0 3 0 1 #timing (1407 1407) ps polarity 1
net 6: 9 7 3 4 0 1 #timing (1280 1280) ps polarity 0
net 6: 9 11 1 3 0 1 #timing (1280 1280) ps polarity 1
net 6: 11 9 0 2 0 1 #timing (1280 1280) ps polarity 0
net 6: 9 3 1 2 0 1 #timing (1196 1196) ps polarity 1
net 6: 11 3 0 1 0 1 #timing (1196 1196) ps polarity 0
net 7: 8 3 0 0 0 0 #timing (1050 1050) ps polarity 1
net 7: 10 1 1 3 0 0 #timing (1134 1134) ps polarity 0
net 7: 10 5 3 1 0 0 #timing (1218 1218) ps polarity 0
net 7: 10 5 5 0 1 0 #timing (1260 1260) ps polarity 1
net 7: 26 5 13 2 0 0 #timing (1344 1344) ps polarity 0
net 7: 26 5 5 0 1 1 #timing (1344 1344) ps polarity 0
net 7: 26 5 4 2 0 1 #timing (1386 1386) ps polarity 1
net 7: 30 5 3 1 0 1 #timing (1428 1428) ps polarity 1
net 7: 30 1 1 1 0 1 #timing (1428 1428) ps polarity 0
net 7: 30 3 0 2 0 1 #timing (1428 1428) ps polarity 1
net 7: 10 5 1 3 0 1 #timing (1239 1239) ps polarity 1
net 7: 8 7 0 1 0 1 #timing (1239 1239) ps polarity 0
net 7: 10 5 3 4 0 1 #timing (1280 1280) ps polarity 0
net 7: 10 9 1 0 1 1 #timing (1280 1280) ps polarity 1
net 7: 10 9 0 0 0 1 #timing (1280 1280) ps polarity 0
net 7: 10 1 1 1 0 1 #timing (1196 1196) ps polarity 1
net 7: 10 3 0 2 0 1 #timing (1196 1196) ps polarity 0
net 8: 9 5 0 1 0 0 #timing (1050 1050) ps polarity 1
net 8: 9 5 1 0 0 0 #timing (1134 1134) ps polarity 0
net 8: 9 5 3 1 0 1 #timing (1239 1239) ps polarity 0
net 8: 9 1 1 0 1 1 #timing (1239 1239) ps polarity 1
net 8: 9 1 0 0 0 1 #timing (1239 1239) ps polarity 0
net 9: 11 7 0 2 0 0 #timing (1050 1050) ps polarity 1
net 9: 11 7 1 0 0 0 #timing (1134 1134) ps polarity 0
net 9: 11 7 3 1 0 1 #timing (1239 1239) ps polarity 0
net 9: 11 3 1 2 0 1 #timing (1239 1239) ps polarity 1
net 9: 9 3 0 0 0 1 #timing (1239 1239) ps polarity 0
net 10: 11 9 0 0 0 0 #timing (1050 1050) ps polarity 1
net 10: 9 11 1 3 0 0 #timing (1134 1134) ps polarity 0
net 10: 9 7 3 4 0 0 #timing (1218 1218) ps polarity 0
net 10: 9 7 3 1 0 1 #timing (1280 1280) ps polarity 0
net 10: 9 3 1 1 0 1 #timing (1280 1280) ps polarity 1
net 10: 9 1 0 2 0 1 #timing (1280 1280) ps polarity 0
net 11: 10 8 0 0 0 0 #timing (1050 1050) ps polarity 1
net 11: 8 10 1 3 0 0 #timing (1134 1134) ps polarity 0
net 11: 8 10 3 4 0 1 #timing (1239 1239) ps polarity 0
net 11: 8 6 1 2 0 1 #timing (1239 1239) ps polarity 1
net 11: 10 6 0 1 0 1 #timing (1239 1239) ps polarity 0
net 12: 10 9 0 0 0 0 #timing (1050 1050) ps polarity 1
net 12: 8 11 1 3 0 0 #timing (1134 1134) ps polarity 0
net 12: 8 11 3 4 0 1 #timing (1239 1239) ps polarity 0
net 12: 8 7 1 2 0 1 #timing (1239 1239) ps polarity 1
net 12: 10 7 0 0 0 1 #timing (1239 1239) ps polarity 0
net 14: 31 1 0 0 0 0 #timing (1050 1050) ps polarity 1
net 14: 29 3 1 3 0 0 #timing (1134 1134) ps polarity 0
net 14: 25 3 4 2 0 0 #timing (1218 1218) ps polarity 0
net 14: 25 3 4 5 0 1 #timing (1260 1260) ps polarity 0
net 14: 21 3 1 3 0 1 #timing (1281 1281) ps polarity 1
net 14: 23 1 0 1 0 1 #timing (1281 1281) ps polarity 0
net 15: 30 1 0 2 0 0 #timing (1050 1050) ps polarity 1
net 15: 28 3 1 3 0 0 #timing (1134 1134) ps polarity 0
net 15: 24 3 4 2 0 0 #timing (1218 1218) ps polarity 0
net 15: 24 3 4 5 0 1 #timing (1260 1260) ps polarity 0
net 15: 20 3 1 3 0 1 #timing (1281 1281) ps polarity 1
net 15: 22 1 0 1 0 1 #timing (1281 1281) ps polarity 0
net 18: 15 8 0 0 0 0 #timing (1050 1050) ps polarity 1
net 18: 13 10 1 3 0 0 #timing (1134 1134) ps polarity 0
net 18: 13 10 3 4 0 1 #timing (1239 1239) ps polarity 0
net 18: 13 6 1 2 0 1 #timing (1239 1239) ps polarity 1
net 18: 15 6 0 3 0 1 #timing (1239 1239) ps polarity 0
net 25: 8 6 0 0 0 0 #timing (1050 1050) ps polarity 0
net 25: 10 4 1 3 0 0 #timing (1134 1134) ps polarity 1
net 25: 10 4 1 2 0 1 #timing (1196 1196) ps polarity 0
net 25: 8 4 0 2 0 1 #timing (1196 1196) ps polarity 1
net 26: 8 7 0 1 0 0 #timing (1050 1050) ps polarity 1
net 26: 10 5 1 3 0 0 #timing (1134 1134) ps polarity 0
net 26: 10 5 1 2 0 1 #timing (1196 1196) ps polarity 1
net 26: 8 5 0 3 0 1 #timing (1196 1196) ps polarity 0
net 27: 9 6 0 0 0 0 #timing (1050 1050) ps polarity 1
net 27: 11 4 1 3 0 0 #timing (1134 1134) ps polarity 0
net 27: 11 4 1 2 0 1 #timing (1196 1196) ps polarity 1
net 27: 9 4 0 2 0 1 #timing (1196 1196) ps polarity 0
net 28: 9 7 0 1 0 0 #timing (1050 1050) ps polarity 0
net 28: 11 5 1 3 0 0 #timing (1134 1134) ps polarity 1
net 28: 11 5 1 2 0 1 #timing (1196 1196) ps polarity 0
net 28: 9 5 0 3 0 1 #timing (1196 1196) ps polarity 1
net 29: 15 9 0 0 0 0 #timing (1050 1050) ps polarity 1
net 29: 13 11 1 3 0 0 #timing (1134 1134) ps polarity 0
net 29: 13 11 1 3 0 1 #timing (1196 1196) ps polarity 1
net 29: 15 9 0 2 0 1 #timing (1196 1196) ps polarity 0
net 30: 14 7 0 0 0 0 #timing (1050 1050) ps polarity 1
net 30: 12 5 1 3 0 0 #timing (1134 1134) ps polarity 0
net 30: 12 5 3 4 0 1 #timing (1239 1239) ps polarity 0
net 30: 12 9 1 2 0 1 #timing (1239 1239) ps polarity 1
net 30: 14 9 0 0 0 1 #timing (1239 1239) ps polarity 0
net 31: 14 6 0 3 0 0 #timing (1050 1050) ps polarity 1
net 31: 14 6 1 0 0 0 #timing (1134 1134) ps polarity 0
net 31: 14 6 3 4 0 1 #timing (1239 1239) ps polarity 0
net 31: 14 10 1 1 0 1 #timing (1239 1239) ps polarity 1
net 31: 14 8 0 1 0 1 #timing (1239 1239) ps polarity 0
net 32: 14 8 0 0 0 0 #timing (1050 1050) ps polarity 1
net 32: 12 10 1 3 0 0 #timing (1134 1134) ps polarity 0
net 32: 12 10 3 4 0 1 #timing (1239 1239) ps polarity 0
net 32: 12 6 1 2 0 1 #timing (1239 1239) ps polarity 1
net 32: 14 6 0 1 0 1 #timing (1239 1239) ps polarity 0
net 33: 14 9 0 3 0 0 #timing (1050 1050) ps polarity 1
net 33: 12 11 1 3 0 0 #timing (1134 1134) ps polarity 0
net 33: 12 11 3 4 0 1 #timing (1239 1239) ps polarity 0
net 33: 12 7 1 2 0 1 #timing (1239 1239) ps polarity 1
net 33: 14 7 0 0 0 1 #timing (1239 1239) ps polarity 0
net 34: 11 2 0 0 0 0 #timing (1050 1050) ps polarity 1
net 34: 9 0 1 3 0 0 #timing (1134 1134) ps polarity 0
net 34: 9 4 3 1 0 0 #timing (1218 1218) ps polarity 0
net 34: 13 4 4 2 0 0 #timing (1260 1260) ps polarity 0
net 34: 13 4 3 4 0 1 #timing (1322 1322) ps polarity 0
net 34: 13 8 1 2 0 1 #timing (1322 1322) ps polarity 1
net 34: 15 8 0 3 0 1 #timing (1322 1322) ps polarity 0
net 34: 9 0 1 0 0 1 #timing (1196 1196) ps polarity 1
net 34: 9 0 0 3 0 1 #timing (1196 1196) ps polarity 0
net 35: 10 3 0 1 0 0 #timing (1050 1050) ps polarity 1
net 35: 8 1 1 3 0 0 #timing (1134 1134) ps polarity 0
net 35: 8 5 3 1 0 0 #timing (1218 1218) ps polarity 0
net 35: 12 5 4 2 0 0 #timing (1260 1260) ps polarity 0
net 35: 12 5 1 3 0 1 #timing (1281 1281) ps polarity 1
net 35: 14 7 0 2 0 1 #timing (1281 1281) ps polarity 0
net 35: 8 5 1 3 0 1 #timing (1239 1239) ps polarity 1
net 35: 10 7 0 1 0 1 #timing (1239 1239) ps polarity 0
net 36: 11 3 0 1 0 0 #timing (1050 1050) ps polarity 1
net 36: 9 1 1 3 0 0 #timing (1134 1134) ps polarity 0
net 36: 9 5 3 1 0 0 #timing (1218 1218) ps polarity 0
net 36: 13 5 4 2 0 0 #timing (1260 1260) ps polarity 0
net 36: 13 5 1 3 0 1 #timing (1281 1281) ps polarity 1
net 36: 15 7 0 2 0 1 #timing (1281 1281) ps polarity 0
net 38: 11 8 0 0 0 0 #timing (1050 1050) ps polarity 1
net 38: 9 10 1 3 0 0 #timing (1134 1134) ps polarity 0
net 38: 9 10 3 4 0 1 #timing (1239 1239) ps polarity 0
net 38: 9 6 1 2 0 1 #timing (1239 1239) ps polarity 1
net 38: 11 6 0 0 0 1 #timing (1239 1239) ps polarity 0
net 39: 9 4 0 0 0 0 #timing (1050 1050) ps polarity 0
net 39: 11 6 1 3 0 0 #timing (1134 1134) ps polarity 1
net 39: 11 6 4 2 0 1 #timing (1239 1239) ps polarity 1
net 39: 15 6 1 0 1 1 #timing (1260 1260) ps polarity 0
net 39: 15 6 0 2 0 1 #timing (1260 1260) ps polarity 1
net 39: 15 6 1 2 0 1 #timing (1260 1260) ps polarity 0
net 39: 13 6 0 2 0 1 #timing (1260 1260) ps polarity 1
net 39: 13 6 0 3 0 1 #timing (1260 1260) ps polarity 1
net 40: 8 4 0 0 0 0 #timing (1050 1050) ps polarity 0
net 40: 10 6 1 3 0 0 #timing (1134 1134) ps polarity 1
net 40: 10 2 3 1 0 0 #timing (1218 1218) ps polarity 1
net 40: 10 2 1 1 0 1 #timing (1239 1239) ps polarity 0
net 40: 10 0 0 1 0 1 #timing (1239 1239) ps polarity 1
net 40: 10 2 1 3 0 1 #timing (1239 1239) ps polarity 0
net 40: 8 0 0 1 0 1 #timing (1239 1239) ps polarity 1
net 40: 10 6 1 0 0 1 #timing (1196 1196) ps polarity 0
net 40: 10 6 0 0 0 1 #timing (1196 1196) ps polarity 1
net 42: 11 31 0 0 0 0 #timing (1050 1050) ps polarity 1
net 42: 9 29 1 3 0 0 #timing (1134 1134) ps polarity 0
net 42: 9 29 5 0 1 0 #timing (1218 1218) ps polarity 1
net 42: 9 12 13 1 1 0 #timing (1302 1302) ps polarity 0
net 42: 9 12 5 1 0 1 #timing (1323 1323) ps polarity 1
net 42: 9 4 1 2 0 1 #timing (1344 1344) ps polarity 0
net 42: 11 4 0 1 0 1 #timing (1344 1344) ps polarity 1
net 42: 11 4 0 2 0 1 #timing (1344 1344) ps polarity 1
net 42: 11 4 0 3 0 1 #timing (1344 1344) ps polarity 1
net 42: 9 4 1 3 0 1 #timing (1344 1344) ps polarity 0
net 42: 11 6 0 3 0 1 #timing (1344 1344) ps polarity 1
net 43: 24 31 0 0 0 0 #timing (1050 1050) ps polarity 1
net 43: 26 29 1 3 0 0 #timing (1134 1134) ps polarity 0
net 43: 26 29 5 0 1 0 #timing (1218 1218) ps polarity 1
net 43: 11 29 13 2 1 0 #timing (1302 1302) ps polarity 0
net 43: 11 12 13 1 1 0 #timing (1344 1344) ps polarity 1
net 43: 11 12 5 1 0 1 #timing (1365 1365) ps polarity 0
net 43: 11 4 1 3 0 1 #timing (1386 1386) ps polarity 1
net 43: 9 6 0 2 0 1 #timing (1386 1386) ps polarity 0
net 45: 9 9 0 0 0 0 #timing (1050 1050) ps polarity 0
net 45: 11 11 1 3 0 0 #timing (1134 1134) ps polarity 1
net 45: 15 11 4 2 0 0 #timing (1218 1218) ps polarity 1
net 45: 15 11 5 0 1 0 #timing (1260 1260) ps polarity 0
net 45: 30 11 13 2 1 0 #timing (1344 1344) ps polarity 1
net 45: 30 11 5 1 0 1 #timing (1365 1365) ps polarity 0
net 45: 30 3 1 1 0 1 #timing (1386 1386) ps polarity 1
net 45: 30 1 0 2 0 1 #timing (1386 1386) ps polarity 0
net 46: 8 9 0 0 0 0 #timing (1050 1050) ps polarity 0
net 46: 10 11 1 3 0 0 #timing (1134 1134) ps polarity 1
net 46: 14 11 4 2 0 0 #timing (1218 1218) ps polarity 1
net 46: 14 11 5 0 1 0 #timing (1260 1260) ps polarity 0
net 46: 31 11 13 2 1 0 #timing (1344 1344) ps polarity 1
net 46: 31 11 5 1 0 1 #timing (1365 1365) ps polarity 0
net 46: 31 3 1 1 0 1 #timing (1386 1386) ps polarity 1
net 46: 31 1 0 0 0 1 #timing (1386 1386) ps polarity 0
net 47: 9 7 0 0 0 0 #timing (1050 1050) ps polarity 0
net 47: 9 5 1 1 0 0 #timing (1134 1134) ps polarity 1
net 47: 9 5 5 0 1 0 #timing (1218 1218) ps polarity 0
net 47: 24 5 13 2 1 0 #timing (1302 1302) ps polarity 1
net 47: 24 5 5 0 1 1 #timing (1302 1302) ps polarity 1
net 47: 24 5 4 2 0 1 #timing (1344 1344) ps polarity 0
net 47: 28 5 3 1 0 1 #timing (1386 1386) ps polarity 0
net 47: 28 1 1 2 0 1 #timing (1386 1386) ps polarity 1
net 47: 30 1 0 0 0 1 #timing (1386 1386) ps polarity 0
net 48: 8 7 0 0 0 0 #timing (1050 1050) ps polarity 0
net 48: 8 5 1 1 0 0 #timing (1134 1134) ps polarity 1
net 48: 8 5 5 0 1 0 #timing (1218 1218) ps polarity 0
net 48: 25 5 13 2 1 0 #timing (1302 1302) ps polarity 1
net 48: 25 5 5 0 1 1 #timing (1302 1302) ps polarity 1
net 48: 25 5 4 2 0 1 #timing (1344 1344) ps polarity 0
net 48: 29 5 3 1 0 1 #timing (1386 1386) ps polarity 0
net 48: 29 1 1 2 0 1 #timing (1386 1386) ps polarity 1
net 48: 31 1 0 2 0 1 #timing (1386 1386) ps polarity 0
net 49: 9 5 0 3 0 0 #timing (1050 1050) ps polarity 1
net 49: 9 7 1 1 0 0 #timing (1134 1134) ps polarity 0
net 49: 9 7 1 0 1 1 #timing (1196 1196) ps polarity 1
net 49: 9 7 0 3 0 1 #timing (1196 1196) ps polarity 0
net 53: 9 3 0 0 0 0 #timing (1050 1050) ps polarity 0
net 53: 11 1 1 3 0 0 #timing (1134 1134) ps polarity 1
net 53: 11 1 5 0 1 0 #timing (1218 1218) ps polarity 0
net 53: 26 1 13 2 1 0 #timing (1302 1302) ps polarity 1
net 53: 26 16 13 1 1 0 #timing (1344 1344) ps polarity 0
net 53: 26 16 5 1 0 1 #timing (1365 1365) ps polarity 1
net 53: 26 24 3 1 0 1 #timing (1427 1427) ps polarity 1
net 53: 26 28 1 1 0 1 #timing (1427 1427) ps polarity 0
net 53: 26 30 0 1 0 1 #timing (1427 1427) ps polarity 1
net 54: 9 5 0 0 0 0 #timing (1050 1050) ps polarity 1
net 54: 11 7 1 3 0 0 #timing (1134 1134) ps polarity 0
net 54: 11 7 5 0 1 0 #timing (1218 1218) ps polarity 1
net 54: 26 7 13 2 1 0 #timing (1302 1302) ps polarity 0
net 54: 26 7 5 0 1 1 #timing (1302 1302) ps polarity 0
net 54: 26 7 3 1 0 1 #timing (1364 1364) ps polarity 1
net 54: 26 3 1 1 0 1 #timing (1364 1364) ps polarity 0
net 54: 26 1 0 3 0 1 #timing (1364 1364) ps polarity 1
net 55: 25 31 0 0 0 0 #timing (1050 1050) ps polarity 1
net 55: 27 29 1 3 0 0 #timing (1134 1134) ps polarity 0
net 55: 27 29 5 0 1 0 #timing (1218 1218) ps polarity 1
net 55: 10 29 13 2 1 0 #timing (1302 1302) ps polarity 0
net 55: 10 12 13 1 1 0 #timing (1344 1344) ps polarity 1
net 55: 10 12 5 1 0 1 #timing (1365 1365) ps polarity 0
net 55: 10 4 1 3 0 1 #timing (1386 1386) ps polarity 1
net 55: 8 6 0 0 0 1 #timing (1386 1386) ps polarity 0
net 57: 8 0 0 0 0 0 #timing (1050 1050) ps polarity 1
net 57: 10 2 1 3 0 0 #timing (1134 1134) ps polarity 0
net 57: 10 2 3 1 0 1 #timing (1239 1239) ps polarity 0
net 57: 10 6 1 2 0 1 #timing (1239 1239) ps polarity 1
net 57: 8 6 0 1 0 1 #timing (1239 1239) ps polarity 0
net 58: 24 0 0 0 0 0 #timing (1050 1050) ps polarity 1
net 58: 26 2 1 3 0 0 #timing (1134 1134) ps polarity 0
net 58: 26 2 5 0 1 0 #timing (1218 1218) ps polarity 1
net 58: 11 2 13 2 1 0 #timing (1302 1302) ps polarity 0
net 58: 11 2 5 0 0 1 #timing (1302 1302) ps polarity 0
net 58: 11 2 3 1 0 1 #timing (1364 1364) ps polarity 1
net 58: 11 6 1 2 0 1 #timing (1364 1364) ps polarity 0
net 58: 9 6 0 3 0 1 #timing (1364 1364) ps polarity 1
net 59: 10 1 0 1 0 0 #timing (1050 1050) ps polarity 1
net 59: 8 3 1 3 0 0 #timing (1134 1134) ps polarity 0
net 59: 8 3 3 1 0 1 #timing (1239 1239) ps polarity 0
net 59: 8 7 1 0 1 1 #timing (1239 1239) ps polarity 1
net 59: 8 7 0 0 0 1 #timing (1239 1239) ps polarity 0
net 60: 9 1 0 1 0 0 #timing (1050 1050) ps polarity 1
net 60: 11 3 1 3 0 0 #timing (1134 1134) ps polarity 0
net 60: 11 3 3 1 0 1 #timing (1239 1239) ps polarity 0
net 60: 11 7 1 2 0 1 #timing (1239 1239) ps polarity 1
net 60: 9 7 0 2 0 1 #timing (1239 1239) ps polarity 0
net 63: 30 0 0 1 0 0 #timing (1050 1050) ps polarity 1
net 63: 28 2 1 3 0 0 #timing (1134 1134) ps polarity 0
net 63: 28 6 3 1 0 0 #timing (1218 1218) ps polarity 0
net 63: 28 6 5 0 1 0 #timing (1260 1260) ps polarity 1
net 63: 28 23 13 1 1 0 #timing (1344 1344) ps polarity 0
net 63: 28 23 5 3 0 1 #timing (1365 1365) ps polarity 0
net 63: 20 31 1 2 0 1 #timing (1365 1365) ps polarity 0
net 63: 22 31 0 2 0 1 #timing (1365 1365) ps polarity 1
net 64: 31 0 0 3 0 0 #timing (1050 1050) ps polarity 1
net 64: 29 2 1 3 0 0 #timing (1134 1134) ps polarity 0
net 64: 29 2 4 2 0 1 #timing (1239 1239) ps polarity 0
net 64: 25 2 1 1 0 1 #timing (1260 1260) ps polarity 1
net 64: 25 0 0 0 0 1 #timing (1260 1260) ps polarity 0
net 72: 10 5 0 0 0 0 #timing (1050 1050) ps polarity 1
net 72: 8 7 1 3 0 0 #timing (1134 1134) ps polarity 0
net 72: 8 7 4 2 0 1 #timing (1239 1239) ps polarity 0
net 72: 12 7 1 0 1 1 #timing (1260 1260) ps polarity 1
net 72: 12 7 0 0 0 1 #timing (1260 1260) ps polarity 0
net 75: 10 7 0 3 0 0 #timing (1050 1050) ps polarity 0
net 75: 8 5 1 3 0 0 #timing (1134 1134) ps polarity 1
net 75: 8 5 3 1 0 1 #timing (1239 1239) ps polarity 1
net 75: 8 1 1 0 1 1 #timing (1239 1239) ps polarity 0
net 75: 8 1 0 0 0 1 #timing (1239 1239) ps polarity 1
net 76: 11 7 0 3 0 0 #timing (1050 1050) ps polarity 0
net 76: 9 5 1 3 0 0 #timing (1134 1134) ps polarity 1
net 76: 9 5 1 3 0 1 #timing (1196 1196) ps polarity 0
net 76: 11 7 0 3 0 1 #timing (1196 1196) ps polarity 1
net 77: 11 5 0 3 0 0 #timing (1050 1050) ps polarity 0
net 77: 9 7 1 3 0 0 #timing (1134 1134) ps polarity 1
net 77: 9 7 4 2 0 1 #timing (1239 1239) ps polarity 1
net 77: 13 7 1 2 0 1 #timing (1260 1260) ps polarity 0
net 77: 15 7 0 3 0 1 #timing (1260 1260) ps polarity 1
net 78: 10 4 0 3 0 0 #timing (1050 1050) ps polarity 1
net 78: 8 6 1 3 0 0 #timing (1134 1134) ps polarity 0
net 78: 8 6 4 2 0 1 #timing (1239 1239) ps polarity 0
net 78: 12 6 1 0 1 1 #timing (1260 1260) ps polarity 1
net 78: 12 6 0 0 0 1 #timing (1260 1260) ps polarity 0
net 79: 13 5 0 0 0 0 #timing (1050 1050) ps polarity 1
net 79: 15 7 1 3 0 0 #timing (1134 1134) ps polarity 0
net 79: 15 7 1 2 0 1 #timing (1196 1196) ps polarity 1
net 79: 13 7 0 2 0 1 #timing (1196 1196) ps polarity 0
net 80: 12 5 0 0 0 0 #timing (1050 1050) ps polarity 1
net 80: 14 7 1 3 0 0 #timing (1134 1134) ps polarity 0
net 80: 14 7 1 0 1 1 #timing (1196 1196) ps polarity 1
net 80: 14 7 0 1 0 1 #timing (1196 1196) ps polarity 0
net 85: 11 4 0 3 0 0 #timing (1050 1050) ps polarity 1
net 85: 9 6 1 3 0 0 #timing (1134 1134) ps polarity 0
net 85: 9 6 3 1 0 1 #timing (1239 1239) ps polarity 0
net 85: 9 2 1 3 0 1 #timing (1239 1239) ps polarity 1
net 85: 11 0 0 3 0 1 #timing (1239 1239) ps polarity 0
net 86: 8 5 0 0 0 0 #timing (1050 1050) ps polarity 1
net 86: 10 7 1 3 0 0 #timing (1134 1134) ps polarity 0
net 86: 10 7 5 0 1 0 #timing (1218 1218) ps polarity 1
net 86: 27 7 13 2 1 0 #timing (1302 1302) ps polarity 0
net 86: 27 7 5 0 1 1 #timing (1302 1302) ps polarity 0
net 86: 27 7 3 1 0 1 #timing (1364 1364) ps polarity 1
net 86: 27 3 1 1 0 1 #timing (1364 1364) ps polarity 0
net 86: 27 1 0 3 0 1 #timing (1364 1364) ps polarity 1
net 87: 15 9 0 2 0 0 #timing (1050 1050) ps polarity 0
net 87: 13 9 1 2 0 0 #timing (1134 1134) ps polarity 1
net 87: 13 5 3 4 0 0 #timing (1218 1218) ps polarity 1
net 87: 17 5 4 5 0 0 #timing (1260 1260) ps polarity 1
net 87: 17 5 5 0 1 0 #timing (1302 1302) ps polarity 0
net 87: 17 21 13 1 0 0 #timing (1386 1386) ps polarity 1
net 87: 17 21 5 3 0 1 #timing (1407 1407) ps polarity 1
net 87: 25 29 1 3 0 1 #timing (1407 1407) ps polarity 1
net 87: 27 31 0 0 0 1 #timing (1407 1407) ps polarity 0
