net 3: 10 0 0 0 0 0 #timing (1050 1050) ps polarity 1
net 3: 8 2 1 3 0 0 #timing (1134 1134) ps polarity 0
net 3: 12 2 4 2 0 0 #timing (1218 1218) ps polarity 0
net 3: 12 2 5 0 1 0 #timing (1260 1260) ps polarity 1
net 3: 28 2 13 2 0 0 #timing (1344 1344) ps polarity 0
net 3: 28 2 5 2 0 1 #timing (1365 1365) ps polarity 1
net 3: 20 2 1 0 0 1 #timing (1386 1386) ps polarity 0
net 3: 20 2 0 1 0 1 #timing (1386 1386) ps polarity 1
net 3: 20 2 3 1 0 1 #timing (1427 1427) ps polarity 1
net 3: 20 6 1 0 0 1 #timing (1427 1427) ps polarity 0
net 3: 20 6 0 0 0 1 #timing (1427 1427) ps polarity 1
net 3: 20 6 0 1 0 1 #timing (1427 1427) ps polarity 1
net 3: 20 6 1 1 0 1 #timing (1427 1427) ps polarity 0
net 3: 20 4 0 1 0 1 #timing (1427 1427) ps polarity 1
net 3: 20 6 1 2 0 1 #timing (1427 1427) ps polarity 0
net 3: 22 6 0 1 0 1 #timing (1427 1427) ps polarity 1
net 3: 29 2 13 2 1 0 #timing (1344 1344) ps polarity 0
net 3: 29 2 5 3 0 1 #timing (1365 1365) ps polarity 0
net 3: 21 10 4 2 0 1 #timing (1407 1407) ps polarity 1
net 3: 17 10 3 4 0 1 #timing (1449 1449) ps polarity 1
net 3: 17 6 1 1 0 1 #timing (1449 1449) ps polarity 0
net 3: 17 4 0 2 0 1 #timing (1449 1449) ps polarity 1
net 3: 12 2 4 5 0 1 #timing (1260 1260) ps polarity 0
net 3: 16 2 1 0 0 1 #timing (1281 1281) ps polarity 1
net 3: 16 2 0 0 0 1 #timing (1281 1281) ps polarity 0
net 3: 16 2 0 1 0 1 #timing (1281 1281) ps polarity 0
net 3: 16 2 3 1 0 1 #timing (1302 1302) ps polarity 0
net 3: 16 6 1 0 0 1 #timing (1302 1302) ps polarity 1
net 3: 16 6 0 0 0 1 #timing (1302 1302) ps polarity 0
net 3: 16 6 1 2 0 1 #timing (1302 1302) ps polarity 1
net 3: 18 6 0 0 0 1 #timing (1302 1302) ps polarity 0
net 3: 8 2 1 1 0 1 #timing (1196 1196) ps polarity 1
net 3: 8 0 0 0 0 1 #timing (1196 1196) ps polarity 0
net 4: 24 30 0 1 0 0 #timing (1050 1050) ps polarity 1
net 4: 26 28 1 3 0 0 #timing (1134 1134) ps polarity 0
net 4: 26 28 5 0 1 0 #timing (1218 1218) ps polarity 1
net 4: 26 13 13 1 1 0 #timing (1302 1302) ps polarity 0
net 4: 26 13 5 3 0 1 #timing (1323 1323) ps polarity 0
net 4: 18 5 1 3 0 1 #timing (1323 1323) ps polarity 0
net 4: 16 7 0 1 0 1 #timing (1323 1323) ps polarity 1
net 4: 18 5 3 1 0 1 #timing (1385 1385) ps polarity 1
net 4: 18 1 1 2 0 1 #timing (1385 1385) ps polarity 0
net 4: 16 1 0 2 0 1 #timing (1385 1385) ps polarity 1
net 6: 21 8 0 0 0 0 #timing (1050 1050) ps polarity 1
net 6: 21 8 1 0 0 0 #timing (1134 1134) ps polarity 0
net 6: 21 12 3 1 0 0 #timing (1218 1218) ps polarity 0
net 6: 17 12 4 2 0 0 #timing (1260 1260) ps polarity 0
net 6: 17 12 1 1 0 1 #timing (1281 1281) ps polarity 1
net 6: 17 14 0 0 0 1 #timing (1281 1281) ps polarity 0
net 7: 23 9 0 0 0 0 #timing (1050 1050) ps polarity 1
net 7: 21 11 1 3 0 0 #timing (1134 1134) ps polarity 0
net 7: 21 15 3 1 0 0 #timing (1218 1218) ps polarity 0
net 7: 17 15 4 2 0 0 #timing (1260 1260) ps polarity 0
net 7: 17 15 1 0 0 1 #timing (1281 1281) ps polarity 1
net 7: 17 15 0 3 0 1 #timing (1281 1281) ps polarity 0
net 7: 17 15 1 1 0 1 #timing (1281 1281) ps polarity 1
net 7: 17 13 0 2 0 1 #timing (1281 1281) ps polarity 0
net 8: 22 8 0 0 0 0 #timing (1050 1050) ps polarity 1
net 8: 20 10 1 3 0 0 #timing (1134 1134) ps polarity 0
net 8: 20 14 3 1 0 0 #timing (1218 1218) ps polarity 0
net 8: 16 14 4 2 0 0 #timing (1260 1260) ps polarity 0
net 8: 16 14 1 0 0 1 #timing (1281 1281) ps polarity 1
net 8: 16 14 0 3 0 1 #timing (1281 1281) ps polarity 0
net 8: 16 14 1 1 0 1 #timing (1281 1281) ps polarity 1
net 8: 16 12 0 1 0 1 #timing (1281 1281) ps polarity 0
net 9: 23 8 0 0 0 0 #timing (1050 1050) ps polarity 1
net 9: 21 10 1 3 0 0 #timing (1134 1134) ps polarity 0
net 9: 21 14 3 1 0 0 #timing (1218 1218) ps polarity 0
net 9: 17 14 4 2 0 0 #timing (1260 1260) ps polarity 0
net 9: 17 14 1 0 0 1 #timing (1281 1281) ps polarity 1
net 9: 17 14 0 3 0 1 #timing (1281 1281) ps polarity 0
net 9: 17 14 1 1 0 1 #timing (1281 1281) ps polarity 1
net 9: 17 12 0 3 0 1 #timing (1281 1281) ps polarity 0
net 10: 20 4 0 0 0 0 #timing (1050 1050) ps polarity 1
net 10: 20 4 1 0 0 0 #timing (1134 1134) ps polarity 0
net 10: 20 8 3 4 0 0 #timing (1218 1218) ps polarity 0
net 10: 16 8 4 2 0 0 #timing (1260 1260) ps polarity 0
net 10: 16 8 1 1 0 1 #timing (1281 1281) ps polarity 1
net 10: 16 10 0 2 0 1 #timing (1281 1281) ps polarity 0
net 11: 20 5 0 3 0 0 #timing (1050 1050) ps polarity 1
net 11: 22 7 1 3 0 0 #timing (1134 1134) ps polarity 0
net 11: 22 11 3 4 0 0 #timing (1218 1218) ps polarity 0
net 11: 22 11 4 2 0 1 #timing (1280 1280) ps polarity 0
net 11: 18 11 1 2 0 1 #timing (1281 1281) ps
net 11: 18 11 3 1 0 1 #timing (1322 1322) ps polarity 0
net 11: 18 15 1 3 0 1 #timing (1322 1322) ps polarity 1
net 11: 16 13 0 1 0 1 #timing (1322 1322) ps polarity 0
net 11: 22 7 4 2 0 1 #timing (1239 1239) ps polarity 0
net 11: 18 7 3 4 0 1 #timing (1281 1281) ps polarity 0
net 11: 18 11 1 2 0 1 #timing (1281 1281) ps polarity 1
net 11: 16 11 0 1 0 1 #timing (1281 1281) ps polarity 0
net 12: 22 9 0 0 0 0 #timing (1050 1050) ps polarity 1
net 12: 20 11 1 3 0 0 #timing (1134 1134) ps polarity 0
net 12: 20 11 4 2 0 1 #timing (1239 1239) ps polarity 0
net 12: 16 11 1 0 0 1 #timing (1260 1260) ps polarity 1
net 12: 16 11 0 2 0 1 #timing (1260 1260) ps polarity 0
net 12: 23 9 0 2 0 0 #timing (1050 1050) ps polarity 1
net 12: 23 11 1 1 0 0 #timing (1134 1134) ps polarity 0
net 12: 23 15 3 1 0 0 #timing (1218 1218) ps polarity 0
net 12: 19 15 4 2 0 0 #timing (1260 1260) ps polarity 0
net 12: 19 15 1 3 0 1 #timing (1281 1281) ps polarity 1
net 12: 17 13 0 3 0 1 #timing (1281 1281) ps polarity 0
net 13: 21 8 0 2 0 0 #timing (1050 1050) ps polarity 1
net 13: 23 10 1 3 0 0 #timing (1134 1134) ps polarity 0
net 13: 23 10 4 2 0 1 #timing (1239 1239) ps polarity 0
net 13: 19 10 1 2 0 1 #timing (1260 1260) ps polarity 1
net 13: 17 10 0 3 0 1 #timing (1260 1260) ps polarity 0
net 13: 19 10 3 1 0 1 #timing (1281 1281) ps polarity 0
net 13: 19 14 1 3 0 1 #timing (1281 1281) ps polarity 1
net 13: 17 12 0 2 0 1 #timing (1281 1281) ps polarity 0
net 14: 17 4 0 1 0 0 #timing (1050 1050) ps polarity 1
net 14: 17 6 1 1 0 0 #timing (1134 1134) ps polarity 0
net 14: 17 6 3 4 0 1 #timing (1239 1239) ps polarity 0
net 14: 17 10 1 1 0 1 #timing (1239 1239) ps polarity 1
net 14: 17 8 0 0 0 1 #timing (1239 1239) ps polarity 0
net 15: 16 4 0 1 0 0 #timing (1050 1050) ps polarity 1
net 15: 18 6 1 3 0 0 #timing (1134 1134) ps polarity 0
net 15: 18 10 3 4 0 0 #timing (1218 1218) ps polarity 0
net 15: 18 10 1 3 0 1 #timing (1239 1239) ps polarity 1
net 15: 16 8 0 0 0 1 #timing (1239 1239) ps polarity 0
net 15: 18 6 1 2 0 1 #timing (1196 1196) ps polarity 1
net 15: 16 6 0 1 0 1 #timing (1196 1196) ps polarity 0
net 16: 17 5 0 0 0 0 #timing (1050 1050) ps polarity 1
net 16: 19 7 1 3 0 0 #timing (1134 1134) ps polarity 0
net 16: 19 11 3 4 0 0 #timing (1218 1218) ps polarity 0
net 16: 19 11 1 3 0 1 #timing (1239 1239) ps polarity 1
net 16: 17 9 0 0 0 1 #timing (1239 1239) ps polarity 0
net 16: 19 7 1 2 0 1 #timing (1196 1196) ps polarity 1
net 16: 17 7 0 2 0 1 #timing (1196 1196) ps polarity 0
net 17: 21 4 0 1 0 0 #timing (1050 1050) ps polarity 1
net 17: 23 6 1 3 0 0 #timing (1134 1134) ps polarity 0
net 17: 23 6 4 2 0 1 #timing (1239 1239) ps polarity 0
net 17: 19 6 1 2 0 1 #timing (1260 1260) ps polarity 1
net 17: 17 6 0 3 0 1 #timing (1260 1260) ps polarity 0
net 17: 19 6 3 4 0 1 #timing (1281 1281) ps polarity 0
net 17: 19 10 1 3 0 1 #timing (1281 1281) ps polarity 1
net 17: 17 8 0 3 0 1 #timing (1281 1281) ps polarity 0
net 18: 20 6 0 0 0 0 #timing (1050 1050) ps polarity 1
net 18: 20 6 1 0 0 0 #timing (1134 1134) ps polarity 0
net 18: 20 10 3 4 0 0 #timing (1218 1218) ps polarity 0
net 18: 16 10 4 2 0 0 #timing (1260 1260) ps polarity 0
net 18: 16 10 1 1 0 1 #timing (1281 1281) ps polarity 1
net 18: 16 8 0 1 0 1 #timing (1281 1281) ps polarity 0
net 18: 20 7 0 1 0 0 #timing (1050 1050) ps polarity 1
net 18: 22 5 1 3 0 0 #timing (1134 1134) ps polarity 0
net 18: 22 9 3 4 0 0 #timing (1218 1218) ps polarity 0
net 18: 18 9 4 2 0 0 #timing (1260 1260) ps polarity 0
net 18: 18 9 3 1 0 1 #timing (1322 1322) ps polarity 0
net 18: 18 13 1 3 0 1 #timing (1322 1322) ps polarity 1
net 18: 16 15 0 1 0 1 #timing (1322 1322) ps polarity 0
net 18: 22 5 1 1 0 1 #timing (1196 1196) ps polarity 1
net 18: 22 7 0 0 0 1 #timing (1196 1196) ps polarity 0
net 19: 20 7 0 2 0 0 #timing (1050 1050) ps polarity 1
net 19: 22 7 1 2 0 0 #timing (1134 1134) ps polarity 0
net 19: 22 3 3 1 0 0 #timing (1218 1218) ps polarity 0
net 19: 18 3 4 2 0 0 #timing (1260 1260) ps polarity 0
net 19: 18 3 1 0 1 1 #timing (1281 1281) ps polarity 1
net 19: 18 3 0 3 0 1 #timing (1281 1281) ps polarity 0
net 19: 26 7 4 5 0 0 #timing (1218 1218) ps polarity 0
net 19: 26 7 5 0 0 0 #timing (1260 1260) ps polarity 1
net 19: 26 7 5 3 0 1 #timing (1322 1322) ps polarity 1
net 19: 18 15 1 2 0 1 #timing (1322 1322) ps polarity 1
net 19: 16 15 0 3 0 1 #timing (1322 1322) ps polarity 0
net 20: 20 4 0 1 0 0 #timing (1050 1050) ps polarity 1
net 20: 22 6 1 3 0 0 #timing (1134 1134) ps polarity 0
net 20: 22 10 3 4 0 0 #timing (1218 1218) ps polarity 0
net 20: 22 10 1 1 0 1 #timing (1239 1239) ps polarity 1
net 20: 22 8 0 3 0 1 #timing (1239 1239) ps polarity 0
net 20: 22 10 4 2 0 1 #timing (1280 1280) ps polarity 0
net 20: 18 10 3 1 0 1 #timing (1322 1322) ps polarity 0
net 20: 18 14 1 2 0 1 #timing (1322 1322) ps polarity 1
net 20: 16 14 0 1 0 1 #timing (1322 1322) ps polarity 0
net 21: 21 6 0 0 0 0 #timing (1050 1050) ps polarity 1
net 21: 23 4 1 3 0 0 #timing (1134 1134) ps polarity 0
net 21: 23 8 3 4 0 0 #timing (1218 1218) ps polarity 0
net 21: 19 8 4 2 0 0 #timing (1260 1260) ps polarity 0
net 21: 19 8 3 1 0 1 #timing (1322 1322) ps polarity 0
net 21: 19 12 1 3 0 1 #timing (1322 1322) ps polarity 1
net 21: 17 14 0 1 0 1 #timing (1322 1322) ps polarity 0
net 21: 23 8 1 0 1 1 #timing (1239 1239) ps polarity 1
net 21: 23 8 0 3 0 1 #timing (1239 1239) ps polarity 0
net 22: 20 8 0 0 0 0 #timing (1050 1050) ps polarity 1
net 22: 22 10 1 3 0 0 #timing (1134 1134) ps polarity 0
net 22: 18 10 4 2 0 0 #timing (1218 1218) ps polarity 0
net 22: 18 10 5 0 0 0 #timing (1260 1260) ps polarity 1
net 22: 18 10 5 1 0 1 #timing (1322 1322) ps polarity 0
net 22: 18 2 1 0 0 1 #timing (1343 1343) ps polarity 1
net 22: 18 2 0 3 0 1 #timing (1343 1343) ps polarity 0
net 22: 18 10 1 2 0 1 #timing (1239 1239) ps polarity 1
net 22: 16 10 0 0 0 1 #timing (1239 1239) ps polarity 0
net 22: 22 10 3 4 0 1 #timing (1239 1239) ps polarity 0
net 22: 22 6 1 3 0 1 #timing (1239 1239) ps polarity 1
net 22: 20 4 0 2 0 1 #timing (1239 1239) ps polarity 0
net 23: 21 9 0 0 0 0 #timing (1050 1050) ps polarity 1
net 23: 23 11 1 3 0 0 #timing (1134 1134) ps polarity 0
net 23: 19 11 4 2 0 0 #timing (1218 1218) ps polarity 0
net 23: 19 11 5 0 0 0 #timing (1260 1260) ps polarity 1
net 23: 19 11 5 1 0 1 #timing (1322 1322) ps polarity 0
net 23: 19 3 1 0 0 1 #timing (1343 1343) ps polarity 1
net 23: 19 3 0 2 0 1 #timing (1343 1343) ps polarity 0
net 23: 19 11 1 2 0 1 #timing (1239 1239) ps polarity 1
net 23: 17 11 0 1 0 1 #timing (1239 1239) ps polarity 0
net 23: 23 11 3 4 0 1 #timing (1239 1239) ps polarity 0
net 23: 23 7 1 3 0 1 #timing (1239 1239) ps polarity 1
net 23: 21 5 0 3 0 1 #timing (1239 1239) ps polarity 0
net 24: 20 6 0 1 0 0 #timing (1050 1050) ps polarity 1
net 24: 22 4 1 3 0 0 #timing (1134 1134) ps polarity 0
net 24: 22 8 3 4 0 0 #timing (1218 1218) ps polarity 0
net 24: 18 8 4 2 0 0 #timing (1260 1260) ps polarity 0
net 24: 18 8 1 3 0 1 #timing (1281 1281) ps polarity 1
net 24: 16 10 0 1 0 1 #timing (1281 1281) ps polarity 0
net 24: 22 4 3 1 0 1 #timing (1239 1239) ps polarity 0
net 24: 22 0 1 3 0 1 #timing (1239 1239) ps polarity 1
net 24: 20 2 0 2 0 1 #timing (1239 1239) ps polarity 0
net 25: 21 9 0 1 0 0 #timing (1050 1050) ps polarity 1
net 25: 21 9 1 0 0 0 #timing (1134 1134) ps polarity 0
net 25: 21 5 3 4 0 0 #timing (1218 1218) ps polarity 0
net 25: 21 5 1 3 0 1 #timing (1239 1239) ps polarity 1
net 25: 23 7 0 2 0 1 #timing (1239 1239) ps polarity 0
net 25: 21 5 3 1 0 1 #timing (1280 1280) ps polarity 0
net 25: 21 1 1 1 0 1 #timing (1280 1280) ps polarity 1
net 25: 21 3 0 2 0 1 #timing (1280 1280) ps polarity 0
net 25: 17 9 4 2 0 0 #timing (1218 1218) ps polarity 0
net 25: 17 9 1 1 0 1 #timing (1239 1239) ps polarity 1
net 25: 17 11 0 0 0 1 #timing (1239 1239) ps polarity 0
net 26: 17 5 0 3 0 0 #timing (1050 1050) ps polarity 1
net 26: 19 5 1 2 0 0 #timing (1134 1134) ps polarity 0
net 26: 19 1 3 1 0 0 #timing (1218 1218) ps polarity 0
net 26: 23 1 4 2 0 0 #timing (1260 1260) ps polarity 0
net 26: 23 1 1 2 0 1 #timing (1281 1281) ps polarity 1
net 26: 21 1 0 2 0 1 #timing (1281 1281) ps polarity 0
net 26: 19 5 3 4 0 1 #timing (1239 1239) ps polarity 0
net 26: 19 9 1 2 0 1 #timing (1239 1239) ps polarity 1
net 26: 17 9 0 3 0 1 #timing (1239 1239) ps polarity 0
net 27: 16 6 0 2 0 0 #timing (1050 1050) ps polarity 0
net 27: 18 4 1 3 0 0 #timing (1134 1134) ps polarity 1
net 27: 18 0 3 1 0 0 #timing (1218 1218) ps polarity 1
net 27: 18 0 1 0 1 1 #timing (1239 1239) ps polarity 0
net 27: 18 0 0 1 0 1 #timing (1239 1239) ps polarity 1
net 27: 18 4 3 4 0 1 #timing (1239 1239) ps polarity 1
net 27: 18 8 1 2 0 1 #timing (1239 1239) ps polarity 0
net 27: 16 8 0 2 0 1 #timing (1239 1239) ps polarity 1
net 28: 20 9 0 0 0 0 #timing (1050 1050) ps polarity 1
net 28: 22 11 1 3 0 0 #timing (1134 1134) ps polarity 0
net 28: 18 11 4 2 0 0 #timing (1218 1218) ps polarity 0
net 28: 18 11 1 3 0 1 #timing (1239 1239) ps polarity 1
net 28: 16 9 0 0 0 1 #timing (1239 1239) ps polarity 0
net 28: 22 11 3 4 0 1 #timing (1239 1239) ps polarity 0
net 28: 22 7 1 3 0 1 #timing (1239 1239) ps polarity 1
net 28: 20 5 0 2 0 1 #timing (1239 1239) ps polarity 0
net 28: 21 8 0 3 0 0 #timing (1050 1050) ps polarity 1
net 28: 23 8 1 2 0 0 #timing (1134 1134) ps polarity 0
net 28: 23 8 5 0 0 0 #timing (1218 1218) ps polarity 1
net 28: 23 8 5 1 0 1 #timing (1280 1280) ps polarity 0
net 28: 23 0 1 2 0 1 #timing (1301 1301) ps polarity 1
net 28: 21 0 0 3 0 1 #timing (1301 1301) ps polarity 0
net 29: 17 4 0 0 0 0 #timing (1050 1050) ps polarity 1
net 29: 17 4 1 0 0 0 #timing (1134 1134) ps polarity 0
net 29: 17 4 3 1 0 1 #timing (1239 1239) ps polarity 0
net 29: 17 0 1 2 0 1 #timing (1239 1239) ps polarity 1
net 29: 19 0 0 3 0 1 #timing (1239 1239) ps polarity 0
net 29: 17 4 3 4 0 1 #timing (1239 1239) ps polarity 0
net 29: 17 8 1 0 1 1 #timing (1239 1239) ps polarity 1
net 29: 17 8 0 1 0 1 #timing (1239 1239) ps polarity 0
net 30: 19 9 0 0 0 0 #timing (1050 1050) ps polarity 1
net 30: 17 11 1 3 0 0 #timing (1134 1134) ps polarity 0
net 30: 17 7 3 4 0 0 #timing (1218 1218) ps polarity 0
net 30: 17 7 3 1 0 1 #timing (1280 1280) ps polarity 0
net 30: 17 3 1 1 0 1 #timing (1280 1280) ps polarity 1
net 30: 17 1 0 2 0 1 #timing (1280 1280) ps polarity 0
net 30: 17 11 1 3 0 1 #timing (1196 1196) ps polarity 1
net 30: 19 9 0 0 0 1 #timing (1196 1196) ps polarity 0
net 30: 19 9 0 2 0 1 #timing (1196 1196) ps polarity 0
net 31: 18 9 0 0 0 0 #timing (1050 1050) ps polarity 1
net 31: 16 11 1 3 0 0 #timing (1134 1134) ps polarity 0
net 31: 16 7 3 4 0 0 #timing (1218 1218) ps polarity 0
net 31: 16 7 1 0 0 1 #timing (1239 1239) ps polarity 1
net 31: 16 7 0 3 0 1 #timing (1239 1239) ps polarity 0
net 31: 12 11 4 5 0 0 #timing (1218 1218) ps polarity 0
net 31: 12 11 5 0 1 0 #timing (1260 1260) ps polarity 1
net 31: 29 11 13 2 1 0 #timing (1344 1344) ps polarity 0
net 31: 29 11 5 3 0 1 #timing (1365 1365) ps polarity 0
net 31: 21 3 4 2 0 1 #timing (1407 1407) ps polarity 1
net 31: 17 3 1 0 0 1 #timing (1428 1428) ps polarity 0
net 31: 17 3 0 1 0 1 #timing (1428 1428) ps polarity 1
net 31: 16 11 1 3 0 1 #timing (1196 1196) ps polarity 1
net 31: 18 9 0 0 0 1 #timing (1196 1196) ps polarity 0
net 32: 19 7 0 0 0 0 #timing (1050 1050) ps polarity 1
net 32: 17 5 1 3 0 0 #timing (1134 1134) ps polarity 0
net 32: 17 9 3 4 0 0 #timing (1218 1218) ps polarity 0
net 32: 17 9 1 2 0 1 #timing (1239 1239) ps polarity 1
net 32: 19 9 0 1 0 1 #timing (1239 1239) ps polarity 0
net 32: 17 5 1 2 0 1 #timing (1196 1196) ps polarity 1
net 32: 19 5 0 2 0 1 #timing (1196 1196) ps polarity 0
net 33: 18 7 0 0 0 0 #timing (1050 1050) ps polarity 1
net 33: 16 5 1 3 0 0 #timing (1134 1134) ps polarity 0
net 33: 16 1 3 1 0 0 #timing (1218 1218) ps polarity 0
net 33: 16 1 1 1 0 1 #timing (1239 1239) ps polarity 1
net 33: 16 3 0 3 0 1 #timing (1239 1239) ps polarity 0
net 33: 16 5 1 3 0 1 #timing (1196 1196) ps polarity 1
net 33: 18 7 0 2 0 1 #timing (1196 1196) ps polarity 0
net 34: 19 6 0 0 0 0 #timing (1050 1050) ps polarity 1
net 34: 17 4 1 3 0 0 #timing (1134 1134) ps polarity 0
net 34: 17 0 3 1 0 0 #timing (1218 1218) ps polarity 0
net 34: 17 0 1 1 0 1 #timing (1239 1239) ps polarity 1
net 34: 17 2 0 0 0 1 #timing (1239 1239) ps polarity 0
net 34: 17 4 1 0 0 1 #timing (1196 1196) ps polarity 1
net 34: 17 4 0 0 0 1 #timing (1196 1196) ps polarity 0
net 34: 17 4 0 3 0 1 #timing (1196 1196) ps polarity 0
net 34: 17 4 1 2 0 1 #timing (1196 1196) ps polarity 1
net 34: 19 4 0 1 0 1 #timing (1196 1196) ps polarity 0
net 35: 18 6 0 0 0 0 #timing (1050 1050) ps polarity 1
net 35: 16 4 1 3 0 0 #timing (1134 1134) ps polarity 0
net 35: 16 4 1 2 0 1 #timing (1196 1196) ps polarity 1
net 35: 18 4 0 1 0 1 #timing (1196 1196) ps polarity 0
net 36: 19 4 0 0 0 0 #timing (1050 1050) ps polarity 1
net 36: 17 6 1 3 0 0 #timing (1134 1134) ps polarity 0
net 36: 17 2 3 1 0 0 #timing (1218 1218) ps polarity 0
net 36: 17 2 1 1 0 1 #timing (1239 1239) ps polarity 1
net 36: 17 0 0 1 0 1 #timing (1239 1239) ps polarity 0
net 36: 17 2 1 2 0 1 #timing (1239 1239) ps polarity 1
net 36: 19 2 0 2 0 1 #timing (1239 1239) ps polarity 0
net 36: 17 6 1 3 0 1 #timing (1196 1196) ps polarity 1
net 36: 19 4 0 0 0 1 #timing (1196 1196) ps polarity 0
net 37: 18 4 0 0 0 0 #timing (1050 1050) ps polarity 1
net 37: 16 6 1 3 0 0 #timing (1134 1134) ps polarity 0
net 37: 16 2 3 1 0 0 #timing (1218 1218) ps polarity 0
net 37: 16 2 1 0 1 1 #timing (1239 1239) ps polarity 1
net 37: 16 2 0 2 0 1 #timing (1239 1239) ps polarity 0
net 37: 16 2 0 3 0 1 #timing (1239 1239) ps polarity 0
net 37: 16 2 1 2 0 1 #timing (1239 1239) ps polarity 1
net 37: 18 2 0 0 0 1 #timing (1239 1239) ps polarity 0
net 37: 16 6 1 3 0 1 #timing (1196 1196) ps polarity 1
net 37: 18 4 0 0 0 1 #timing (1196 1196) ps polarity 0
net 38: 16 8 0 1 0 0 #timing (1050 1050) ps polarity 1
net 38: 18 10 1 3 0 0 #timing (1134 1134) ps polarity 0
net 38: 18 6 3 4 0 0 #timing (1218 1218) ps polarity 0
net 38: 22 6 4 2 0 0 #timing (1260 1260) ps polarity 0
net 38: 22 6 3 1 0 1 #timing (1322 1322) ps polarity 0
net 38: 22 2 1 2 0 1 #timing (1322 1322) ps polarity 1
net 38: 20 2 0 3 0 1 #timing (1322 1322) ps polarity 0
net 39: 19 1 0 0 0 0 #timing (1050 1050) ps polarity 1
net 39: 17 3 1 3 0 0 #timing (1134 1134) ps polarity 0
net 39: 17 3 4 2 0 1 #timing (1239 1239) ps polarity 0
net 39: 21 3 1 0 0 1 #timing (1260 1260) ps polarity 1
net 39: 21 3 0 0 0 1 #timing (1260 1260) ps polarity 0
net 40: 21 1 0 0 0 0 #timing (1050 1050) ps polarity 1
net 40: 23 3 1 3 0 0 #timing (1134 1134) ps polarity 0
net 40: 23 3 1 2 0 1 #timing (1196 1196) ps polarity 1
net 40: 21 3 0 3 0 1 #timing (1196 1196) ps polarity 0
net 41: 20 3 0 1 0 0 #timing (1050 1050) ps polarity 1
net 41: 22 1 1 3 0 0 #timing (1134 1134) ps polarity 0
net 41: 22 1 1 3 0 1 #timing (1196 1196) ps polarity 1
net 41: 20 3 0 1 0 1 #timing (1196 1196) ps polarity 0
net 42: 19 2 0 0 0 0 #timing (1050 1050) ps polarity 1
net 42: 17 0 1 3 0 0 #timing (1134 1134) ps polarity 0
net 42: 17 0 4 2 0 1 #timing (1239 1239) ps polarity 0
net 42: 21 0 1 1 0 1 #timing (1260 1260) ps polarity 1
net 42: 21 2 0 1 0 1 #timing (1260 1260) ps polarity 0
net 43: 18 3 0 1 0 0 #timing (1050 1050) ps polarity 1
net 43: 16 1 1 3 0 0 #timing (1134 1134) ps polarity 0
net 43: 16 1 4 2 0 1 #timing (1239 1239) ps polarity 0
net 43: 20 1 1 1 0 1 #timing (1260 1260) ps polarity 1
net 43: 20 3 0 2 0 1 #timing (1260 1260) ps polarity 0
net 44: 20 2 0 3 0 0 #timing (1050 1050) ps polarity 1
net 44: 20 2 1 0 0 0 #timing (1134 1134) ps polarity 0
net 44: 20 2 1 0 1 1 #timing (1196 1196) ps polarity 1
net 44: 20 2 0 0 0 1 #timing (1196 1196) ps polarity 0
net 45: 18 2 0 3 0 0 #timing (1050 1050) ps polarity 1
net 45: 16 0 1 3 0 0 #timing (1134 1134) ps polarity 0
net 45: 16 0 4 2 0 1 #timing (1239 1239) ps polarity 0
net 45: 20 0 1 0 0 1 #timing (1260 1260) ps polarity 1
net 45: 20 0 0 1 0 1 #timing (1260 1260) ps polarity 0
net 46: 21 2 0 3 0 0 #timing (1050 1050) ps polarity 1
net 46: 23 2 1 2 0 0 #timing (1134 1134) ps polarity 0
net 46: 23 2 1 2 0 1 #timing (1196 1196) ps polarity 1
net 46: 21 2 0 2 0 1 #timing (1196 1196) ps polarity 0
net 47: 19 3 0 2 0 0 #timing (1050 1050) ps polarity 1
net 47: 17 1 1 3 0 0 #timing (1134 1134) ps polarity 0
net 47: 17 1 4 2 0 1 #timing (1239 1239) ps polarity 0
net 47: 21 1 1 0 0 1 #timing (1260 1260) ps polarity 1
net 47: 21 1 0 0 0 1 #timing (1260 1260) ps polarity 0
net 49: 17 9 0 3 0 0 #timing (1050 1050) ps polarity 1
net 49: 19 11 1 3 0 0 #timing (1134 1134) ps polarity 0
net 49: 19 11 3 4 0 1 #timing (1239 1239) ps polarity 0
net 49: 19 7 1 3 0 1 #timing (1239 1239) ps polarity 1
net 49: 17 5 0 3 0 1 #timing (1239 1239) ps polarity 0
net 50: 17 9 0 1 0 0 #timing (1050 1050) ps polarity 1
net 50: 17 9 1 0 0 0 #timing (1134 1134) ps polarity 0
net 50: 17 9 3 4 0 1 #timing (1239 1239) ps polarity 0
net 50: 17 5 1 1 0 1 #timing (1239 1239) ps polarity 1
net 50: 17 7 0 3 0 1 #timing (1239 1239) ps polarity 0
net 51: 16 9 0 1 0 0 #timing (1050 1050) ps polarity 1
net 51: 18 11 1 3 0 0 #timing (1134 1134) ps polarity 0
net 51: 18 7 3 4 0 0 #timing (1218 1218) ps polarity 0
net 51: 22 7 4 2 0 0 #timing (1260 1260) ps polarity 0
net 51: 22 7 1 2 0 1 #timing (1281 1281) ps polarity 1
net 51: 20 7 0 0 0 1 #timing (1281 1281) ps polarity 0
net 52: 16 8 0 2 0 0 #timing (1050 1050) ps polarity 1
net 52: 16 8 1 0 0 0 #timing (1134 1134) ps polarity 0
net 52: 16 8 3 4 0 1 #timing (1239 1239) ps polarity 0
net 52: 16 4 1 0 1 1 #timing (1239 1239) ps polarity 1
net 52: 16 4 0 2 0 1 #timing (1239 1239) ps polarity 0
net 53: 16 11 0 0 0 0 #timing (1050 1050) ps polarity 1
net 53: 18 9 1 3 0 0 #timing (1134 1134) ps polarity 0
net 53: 18 9 4 2 0 1 #timing (1239 1239) ps polarity 0
net 53: 22 9 1 2 0 1 #timing (1260 1260) ps polarity 1
net 53: 20 9 0 0 0 1 #timing (1260 1260) ps polarity 0
net 54: 17 11 0 0 0 0 #timing (1050 1050) ps polarity 1
net 54: 17 9 1 1 0 0 #timing (1134 1134) ps polarity 0
net 54: 17 5 3 4 0 0 #timing (1218 1218) ps polarity 0
net 54: 21 5 4 2 0 0 #timing (1260 1260) ps polarity 0
net 54: 21 5 1 1 0 1 #timing (1281 1281) ps polarity 1
net 54: 21 7 0 2 0 1 #timing (1281 1281) ps polarity 0
net 55: 16 10 0 1 0 0 #timing (1050 1050) ps polarity 1
net 55: 18 8 1 3 0 0 #timing (1134 1134) ps polarity 0
net 55: 18 8 4 2 0 1 #timing (1239 1239) ps polarity 0
net 55: 22 8 1 2 0 1 #timing (1260 1260) ps polarity 1
net 55: 20 8 0 0 0 1 #timing (1260 1260) ps polarity 0
net 56: 17 10 0 1 0 0 #timing (1050 1050) ps polarity 1
net 56: 19 8 1 3 0 0 #timing (1134 1134) ps polarity 0
net 56: 19 8 4 2 0 1 #timing (1239 1239) ps polarity 0
net 56: 23 8 1 2 0 1 #timing (1260 1260) ps polarity 1
net 56: 21 8 0 1 0 1 #timing (1260 1260) ps polarity 0
net 57: 16 15 0 1 0 0 #timing (1050 1050) ps polarity 1
net 57: 18 13 1 3 0 0 #timing (1134 1134) ps polarity 0
net 57: 18 9 3 1 0 0 #timing (1218 1218) ps polarity 0
net 57: 22 9 4 2 0 0 #timing (1260 1260) ps polarity 0
net 57: 22 9 3 4 0 1 #timing (1322 1322) ps polarity 0
net 57: 22 5 1 3 0 1 #timing (1322 1322) ps polarity 1
net 57: 20 7 0 1 0 1 #timing (1322 1322) ps polarity 0
net 58: 17 15 0 1 0 0 #timing (1050 1050) ps polarity 1
net 58: 19 13 1 3 0 0 #timing (1134 1134) ps polarity 0
net 58: 19 9 3 1 0 0 #timing (1218 1218) ps polarity 0
net 58: 23 9 4 2 0 0 #timing (1260 1260) ps polarity 0
net 58: 23 9 1 2 0 1 #timing (1281 1281) ps polarity 1
net 58: 21 9 0 1 0 1 #timing (1281 1281) ps polarity 0
net 59: 17 14 0 2 0 0 #timing (1050 1050) ps polarity 1
net 59: 19 12 1 3 0 0 #timing (1134 1134) ps polarity 0
net 59: 19 8 3 1 0 0 #timing (1218 1218) ps polarity 0
net 59: 23 8 4 2 0 0 #timing (1260 1260) ps polarity 0
net 59: 23 8 3 4 0 1 #timing (1322 1322) ps polarity 0
net 59: 23 4 1 2 0 1 #timing (1322 1322) ps polarity 1
net 59: 21 4 0 3 0 1 #timing (1322 1322) ps polarity 0
net 60: 16 15 0 3 0 0 #timing (1050 1050) ps polarity 1
net 60: 16 15 1 0 0 0 #timing (1134 1134) ps polarity 0
net 60: 12 15 4 5 0 0 #timing (1218 1218) ps polarity 0
net 60: 12 15 5 0 1 0 #timing (1260 1260) ps polarity 1
net 60: 29 15 13 2 1 0 #timing (1344 1344) ps polarity 0
net 60: 29 15 5 3 0 1 #timing (1365 1365) ps polarity 0
net 60: 21 7 1 0 1 1 #timing (1365 1365) ps polarity 0
net 60: 21 7 0 3 0 1 #timing (1365 1365) ps polarity 1
net 61: 18 1 0 0 0 0 #timing (1050 1050) ps polarity 0
net 61: 16 3 1 3 0 0 #timing (1134 1134) ps polarity 1
net 61: 16 7 3 1 0 0 #timing (1218 1218) ps polarity 1
net 61: 16 7 1 0 1 1 #timing (1239 1239) ps polarity 0
net 61: 16 7 0 0 0 1 #timing (1239 1239) ps polarity 1
net 61: 20 3 4 2 0 0 #timing (1218 1218) ps polarity 1
net 61: 20 3 1 1 0 1 #timing (1239 1239) ps polarity 0
net 61: 20 1 0 0 0 1 #timing (1239 1239) ps polarity 1
net 61: 16 3 1 3 0 1 #timing (1196 1196) ps polarity 0
net 61: 18 1 0 0 0 1 #timing (1196 1196) ps polarity 1
net 86: 21 2 0 1 0 0 #timing (1050 1050) ps polarity 0
net 86: 23 0 1 3 0 0 #timing (1134 1134) ps polarity 1
net 86: 27 0 4 5 0 0 #timing (1218 1218) ps polarity 1
net 86: 27 0 1 2 0 1 #timing (1239 1239) ps polarity 0
net 86: 25 0 0 2 0 1 #timing (1239 1239) ps polarity 1
net 86: 23 0 1 3 0 1 #timing (1196 1196) ps polarity 0
net 86: 21 2 0 3 0 1 #timing (1196 1196) ps polarity 1
net 104: 17 3 0 0 0 0 #timing (1050 1050) ps polarity 1
net 104: 19 1 1 3 0 0 #timing (1134 1134) ps polarity 0
net 104: 19 5 3 1 0 0 #timing (1218 1218) ps polarity 0
net 104: 23 5 4 2 0 0 #timing (1260 1260) ps polarity 0
net 104: 23 5 1 2 0 1 #timing (1281 1281) ps polarity 1
net 104: 21 5 0 2 0 1 #timing (1281 1281) ps polarity 0
net 104: 19 1 1 3 0 1 #timing (1196 1196) ps polarity 1
net 104: 17 3 0 2 0 1 #timing (1196 1196) ps polarity 0
net 105: 16 3 0 0 0 0 #timing (1050 1050) ps polarity 1
net 105: 18 1 1 3 0 0 #timing (1134 1134) ps polarity 0
net 105: 18 1 1 3 0 1 #timing (1196 1196) ps polarity 1
net 105: 16 3 0 0 0 1 #timing (1196 1196) ps polarity 0
net 105: 16 3 0 1 0 1 #timing (1196 1196) ps polarity 0
net 106: 17 0 0 3 0 0 #timing (1050 1050) ps polarity 1
net 106: 19 2 1 3 0 0 #timing (1134 1134) ps polarity 0
net 106: 15 2 4 5 0 0 #timing (1218 1218) ps polarity 0
net 106: 15 2 5 0 1 0 #timing (1260 1260) ps polarity 1
net 106: 30 2 13 2 1 0 #timing (1344 1344) ps polarity 0
net 106: 30 2 5 2 0 1 #timing (1365 1365) ps polarity 1
net 106: 22 2 4 2 0 1 #timing (1427 1427) ps polarity 1
net 106: 18 2 3 1 0 1 #timing (1469 1469) ps polarity 1
net 106: 18 6 1 3 0 1 #timing (1469 1469) ps polarity 0
net 106: 16 4 0 0 0 1 #timing (1469 1469) ps polarity 1
net 106: 16 4 0 1 0 1 #timing (1469 1469) ps polarity 1
net 106: 19 2 1 2 0 1 #timing (1196 1196) ps polarity 1
net 106: 17 2 0 2 0 1 #timing (1196 1196) ps polarity 0
net 110: 16 7 0 1 0 0 #timing (1050 1050) ps polarity 0
net 110: 18 5 1 3 0 0 #timing (1134 1134) ps polarity 1
net 110: 18 5 1 2 0 1 #timing (1196 1196) ps polarity 0
net 110: 16 5 0 2 0 1 #timing (1196 1196) ps polarity 1
net 111: 16 5 0 3 0 0 #timing (1050 1050) ps polarity 0
net 111: 18 7 1 3 0 0 #timing (1134 1134) ps polarity 1
net 111: 18 7 3 1 0 1 #timing (1239 1239) ps polarity 1
net 111: 18 3 1 1 0 1 #timing (1239 1239) ps polarity 0
net 111: 18 1 0 2 0 1 #timing (1239 1239) ps polarity 1
net 111: 18 3 1 2 0 1 #timing (1239 1239) ps polarity 0
net 111: 16 3 0 2 0 1 #timing (1239 1239) ps polarity 1
net 112: 18 9 0 1 0 0 #timing (1050 1050) ps polarity 1
net 112: 18 11 1 1 0 0 #timing (1134 1134) ps polarity 0
net 112: 14 11 4 5 0 0 #timing (1218 1218) ps polarity 0
net 112: 14 11 5 0 1 0 #timing (1260 1260) ps polarity 1
net 112: 31 11 13 2 1 0 #timing (1344 1344) ps polarity 0
net 112: 31 11 5 3 0 1 #timing (1365 1365) ps polarity 0
net 112: 23 3 4 2 0 1 #timing (1407 1407) ps polarity 1
net 112: 19 3 1 1 0 1 #timing (1428 1428) ps polarity 0
net 112: 19 1 0 2 0 1 #timing (1428 1428) ps polarity 1
net 112: 19 3 1 2 0 1 #timing (1428 1428) ps polarity 0
net 112: 17 3 0 0 0 1 #timing (1428 1428) ps polarity 1
net 112: 18 11 3 4 0 1 #timing (1239 1239) ps polarity 0
net 112: 18 7 1 3 0 1 #timing (1239 1239) ps polarity 1
net 112: 16 5 0 0 0 1 #timing (1239 1239) ps polarity 0
net 113: 19 5 0 2 0 0 #timing (1050 1050) ps polarity 1
net 113: 17 7 1 3 0 0 #timing (1134 1134) ps polarity 0
net 113: 17 3 3 1 0 0 #timing (1218 1218) ps polarity 0
net 113: 13 3 4 5 0 0 #timing (1260 1260) ps polarity 0
net 113: 13 3 5 0 0 0 #timing (1302 1302) ps polarity 1
net 113: 28 3 13 2 1 0 #timing (1386 1386) ps polarity 0
net 113: 28 3 5 2 0 1 #timing (1407 1407) ps polarity 1
net 113: 20 3 4 2 0 1 #timing (1469 1469) ps polarity 1
net 113: 16 3 1 1 0 1 #timing (1490 1490) ps polarity 0
net 113: 16 1 0 0 0 1 #timing (1490 1490) ps polarity 1
net 113: 17 3 1 2 0 1 #timing (1239 1239) ps polarity 1
net 113: 19 3 0 3 0 1 #timing (1239 1239) ps polarity 0
net 113: 17 7 1 1 0 1 #timing (1196 1196) ps polarity 1
net 113: 17 5 0 2 0 1 #timing (1196 1196) ps polarity 0
net 114: 16 5 0 1 0 0 #timing (1050 1050) ps polarity 0
net 114: 16 5 1 0 0 0 #timing (1134 1134) ps polarity 1
net 114: 16 5 3 1 0 1 #timing (1239 1239) ps polarity 1
net 114: 16 1 1 3 0 1 #timing (1239 1239) ps polarity 0
net 114: 18 3 0 1 0 1 #timing (1239 1239) ps polarity 1
net 114: 17 4 0 2 0 0 #timing (1050 1050) ps polarity 0
net 114: 19 4 1 2 0 0 #timing (1134 1134) ps polarity 1
net 114: 19 0 3 1 0 0 #timing (1218 1218) ps polarity 1
net 114: 19 0 1 3 0 1 #timing (1239 1239) ps polarity 0
net 114: 17 2 0 1 0 1 #timing (1239 1239) ps polarity 1
net 115: 17 1 0 0 0 0 #timing (1050 1050) ps polarity 0
net 115: 17 1 1 0 0 0 #timing (1134 1134) ps polarity 1
net 115: 17 1 1 1 0 1 #timing (1196 1196) ps polarity 0
net 115: 17 3 0 3 0 1 #timing (1196 1196) ps polarity 1
net 116: 20 0 0 1 0 0 #timing (1050 1050) ps polarity 0
net 116: 22 2 1 3 0 0 #timing (1134 1134) ps polarity 1
net 116: 22 2 1 3 0 1 #timing (1196 1196) ps polarity 0
net 116: 20 0 0 3 0 1 #timing (1196 1196) ps polarity 1
net 125: 20 2 0 1 0 0 #timing (1050 1050) ps polarity 0
net 125: 22 0 1 3 0 0 #timing (1134 1134) ps polarity 1
net 125: 22 0 4 5 0 1 #timing (1239 1239) ps polarity 1
net 125: 26 0 1 2 0 1 #timing (1260 1260) ps polarity 0
net 125: 24 0 0 0 0 1 #timing (1260 1260) ps polarity 1
net 126: 17 6 0 0 0 0 #timing (1050 1050) ps polarity 0
net 126: 19 4 1 3 0 0 #timing (1134 1134) ps polarity 1
net 126: 23 4 4 2 0 0 #timing (1218 1218) ps polarity 1
net 126: 23 4 1 1 0 1 #timing (1239 1239) ps polarity 0
net 126: 23 6 0 3 0 1 #timing (1239 1239) ps polarity 1
net 126: 23 4 1 3 0 1 #timing (1239 1239) ps polarity 0
net 126: 21 6 0 2 0 1 #timing (1239 1239) ps polarity 1
net 126: 21 6 0 3 0 1 #timing (1239 1239) ps polarity 1
net 126: 19 4 1 1 0 1 #timing (1196 1196) ps polarity 0
net 126: 19 6 0 2 0 1 #timing (1196 1196) ps polarity 1
net 126: 19 4 1 3 0 1 #timing (1196 1196) ps polarity 0
net 126: 17 6 0 2 0 1 #timing (1196 1196) ps polarity 1
net 127: 21 7 0 3 0 0 #timing (1050 1050) ps polarity 0
net 127: 21 7 1 0 0 0 #timing (1134 1134) ps polarity 1
net 127: 21 7 5 0 1 0 #timing (1218 1218) ps polarity 0
net 127: 5 7 13 2 0 0 #timing (1302 1302) ps polarity 1
net 127: 5 7 5 0 0 1 #timing (1302 1302) ps polarity 1
net 127: 5 7 4 5 0 1 #timing (1344 1344) ps polarity 0
net 127: 9 7 3 1 0 1 #timing (1386 1386) ps polarity 0
net 127: 9 3 1 1 0 1 #timing (1386 1386) ps polarity 1
net 127: 9 1 0 3 0 1 #timing (1386 1386) ps polarity 0
