

####   Resource Utilization Report   ####

    Top level module name: fibonaci

    Resource usage:
      12 Logic 6-LUT CLBs
           46 CLB LUTs utilized (up to 4 per CLB)
                 6 of which are 6-input LUTs
                10 of which are dual 5-input LUTs
                56 LUTs total
           31 CLB FFs utilized (up to 4 pairs per CLB)
                31 of which are LUT-FF combination
                14 of which are dual-FFs
                 4 of which are dual-LUT-dual-FF combination
                45 FFs total
       5 I/O CLBs
            2  Input pins
            5 Output pins
            2 Output FFs utilized
       1 Clock
           Clock 0: net    48, clk, Fanout: 12 CLBs
    need 0 DSP and 1 Logic-Memory EFLX 1K Tiles.

 
####   Resource Utilization Complete   ####

TILE-REQ:		0		0		0		1

### Total EFLX resources from current floorplan: ###
                       184 IOBs
                       140 Logic 6-LUT CLBs
                              40 CLBs support RAM/SR

Usage of Logic CLBs is 8.6%.
    Logic-Memory CLB for RAM/Shift-Register is 0.0%.
Usage of LUTs is 8.2%.
    dual-LUTs is 1.8%.
Usage of FF is 5.5%.
    dual-FF is 2.5%.
Usage of IO CLB is 2.7%.
