net 2: 10 2 0 3 0 0 #timing (1050 1050) ps polarity 1
net 2: 8 2 1 2 0 0 #timing (1134 1134) ps polarity 0
net 2: 8 6 3 1 0 0 #timing (1218 1218) ps polarity 0
net 2: 12 6 4 2 0 0 #timing (1260 1260) ps polarity 0
net 2: 12 6 1 2 0 1 #timing (1281 1281) ps polarity 1
net 2: 14 6 0 1 0 1 #timing (1281 1281) ps polarity 0
net 2: 8 6 5 0 1 0 #timing (1260 1260) ps polarity 1
net 2: 8 6 5 1 0 1 #timing (1322 1322) ps polarity 0
net 2: 8 14 1 1 0 1 #timing (1343 1343) ps polarity 1
net 2: 8 12 0 1 0 1 #timing (1343 1343) ps polarity 0
net 2: 8 6 1 0 1 1 #timing (1239 1239) ps polarity 1
net 2: 8 6 0 1 0 1 #timing (1239 1239) ps polarity 0
net 2: 8 2 1 3 0 1 #timing (1196 1196) ps polarity 1
net 2: 10 0 0 1 0 1 #timing (1196 1196) ps polarity 0
net 3: 8 0 0 3 0 0 #timing (1050 1050) ps polarity 1
net 3: 10 0 1 2 0 0 #timing (1134 1134) ps polarity 0
net 3: 10 0 1 1 0 1 #timing (1196 1196) ps polarity 1
net 3: 10 2 0 1 0 1 #timing (1196 1196) ps polarity 0
net 3: 10 0 1 3 0 1 #timing (1196 1196) ps polarity 1
net 3: 8 2 0 2 0 1 #timing (1196 1196) ps polarity 0
net 4: 8 1 0 0 0 0 #timing (1050 1050) ps polarity 1
net 4: 10 3 1 3 0 0 #timing (1134 1134) ps polarity 0
net 4: 10 3 1 0 0 1 #timing (1196 1196) ps polarity 1
net 4: 10 3 0 0 0 1 #timing (1196 1196) ps polarity 0
net 4: 10 3 1 2 0 1 #timing (1196 1196) ps polarity 1
net 4: 8 3 0 1 0 1 #timing (1196 1196) ps polarity 0
net 5: 9 3 0 0 0 0 #timing (1050 1050) ps polarity 1
net 5: 11 1 1 3 0 0 #timing (1134 1134) ps polarity 0
net 5: 11 1 1 1 0 1 #timing (1196 1196) ps polarity 1
net 5: 11 3 0 2 0 1 #timing (1196 1196) ps polarity 0
net 5: 11 1 1 3 0 1 #timing (1196 1196) ps polarity 1
net 5: 9 3 0 0 0 1 #timing (1196 1196) ps polarity 0
net 6: 8 3 0 0 0 0 #timing (1050 1050) ps polarity 1
net 6: 10 1 1 3 0 0 #timing (1134 1134) ps polarity 0
net 6: 10 1 1 0 0 1 #timing (1196 1196) ps polarity 1
net 6: 10 1 0 2 0 1 #timing (1196 1196) ps polarity 0
net 6: 10 1 1 3 0 1 #timing (1196 1196) ps polarity 1
net 6: 8 3 0 0 0 1 #timing (1196 1196) ps polarity 0
net 7: 9 4 0 0 0 0 #timing (1050 1050) ps polarity 1
net 7: 11 6 1 3 0 0 #timing (1134 1134) ps polarity 0
net 7: 11 2 3 1 0 0 #timing (1218 1218) ps polarity 0
net 7: 11 2 1 0 0 1 #timing (1239 1239) ps polarity 1
net 7: 11 2 0 3 0 1 #timing (1239 1239) ps polarity 0
net 7: 11 6 1 3 0 1 #timing (1196 1196) ps polarity 1
net 7: 9 4 0 0 0 1 #timing (1196 1196) ps polarity 0
net 9: 23 1 0 1 0 0 #timing (1050 1050) ps polarity 1
net 9: 21 3 1 3 0 0 #timing (1134 1134) ps polarity 0
net 9: 21 7 3 1 0 0 #timing (1218 1218) ps polarity 0
net 9: 21 7 5 0 1 0 #timing (1260 1260) ps polarity 1
net 9: 5 7 13 2 0 0 #timing (1344 1344) ps polarity 0
net 9: 5 7 5 3 0 1 #timing (1365 1365) ps polarity 0
net 9: 13 15 1 1 0 1 #timing (1365 1365) ps polarity 0
net 9: 13 13 0 3 0 1 #timing (1365 1365) ps polarity 1
net 9: 17 3 4 2 0 0 #timing (1218 1218) ps polarity 0
net 9: 17 3 4 5 0 1 #timing (1260 1260) ps polarity 0
net 9: 13 3 1 0 0 1 #timing (1281 1281) ps polarity 1
net 9: 13 3 0 2 0 1 #timing (1281 1281) ps polarity 0
net 9: 22 0 0 2 0 0 #timing (1050 1050) ps polarity 1
net 9: 20 2 1 3 0 0 #timing (1134 1134) ps polarity 0
net 9: 16 2 4 2 0 0 #timing (1218 1218) ps polarity 0
net 9: 16 2 4 5 0 1 #timing (1260 1260) ps polarity 0
net 9: 12 2 3 1 0 1 #timing (1302 1302) ps polarity 0
net 9: 12 6 1 1 0 1 #timing (1302 1302) ps polarity 1
net 9: 12 4 0 2 0 1 #timing (1302 1302) ps polarity 0
net 9: 22 1 0 3 0 0 #timing (1050 1050) ps polarity 1
net 9: 22 1 1 0 0 0 #timing (1134 1134) ps polarity 0
net 9: 22 1 5 0 1 0 #timing (1218 1218) ps polarity 1
net 9: 7 1 13 2 1 0 #timing (1302 1302) ps polarity 0
net 9: 7 1 5 0 1 1 #timing (1302 1302) ps polarity 0
net 9: 7 1 4 5 0 1 #timing (1344 1344) ps polarity 1
net 9: 11 1 3 1 0 1 #timing (1386 1386) ps polarity 1
net 9: 11 5 1 0 0 1 #timing (1386 1386) ps polarity 0
net 9: 11 5 0 2 0 1 #timing (1386 1386) ps polarity 1
net 11: 9 0 0 0 0 0 #timing (1050 1050) ps polarity 1
net 11: 11 2 1 3 0 0 #timing (1134 1134) ps polarity 0
net 11: 11 6 3 1 0 0 #timing (1218 1218) ps polarity 0
net 11: 15 6 4 2 0 0 #timing (1260 1260) ps polarity 0
net 11: 15 6 5 0 1 0 #timing (1302 1302) ps polarity 1
net 11: 15 22 13 1 0 0 #timing (1386 1386) ps polarity 0
net 11: 15 22 5 3 0 1 #timing (1407 1407) ps polarity 0
net 11: 7 30 4 5 0 1 #timing (1449 1449) ps polarity 1
net 11: 11 30 1 2 0 1 #timing (1470 1470) ps polarity 0
net 11: 9 30 0 3 0 1 #timing (1470 1470) ps polarity 1
net 11: 30 6 13 2 1 0 #timing (1386 1386) ps polarity 0
net 11: 30 6 5 0 0 1 #timing (1386 1386) ps polarity 0
net 11: 30 6 4 2 0 1 #timing (1428 1428) ps polarity 1
net 11: 26 6 3 1 0 1 #timing (1470 1470) ps polarity 1
net 11: 26 2 1 3 0 1 #timing (1470 1470) ps polarity 0
net 11: 24 0 0 0 0 1 #timing (1470 1470) ps polarity 1
net 11: 15 6 5 1 0 1 #timing (1364 1364) ps polarity 0
net 11: 15 14 1 1 0 1 #timing (1385 1385) ps polarity 1
net 11: 15 12 0 2 0 1 #timing (1385 1385) ps polarity 0
net 11: 15 14 1 3 0 1 #timing (1385 1385) ps polarity 1
net 11: 13 12 0 0 0 1 #timing (1385 1385) ps polarity 0
net 11: 13 12 0 2 0 1 #timing (1385 1385) ps polarity 0
net 11: 13 12 0 3 0 1 #timing (1385 1385) ps polarity 0
net 11: 15 14 4 2 0 1 #timing (1426 1426) ps polarity 0
net 11: 11 14 1 1 0 1 #timing (1447 1447) ps polarity 1
net 11: 11 12 0 2 0 1 #timing (1447 1447) ps polarity 0
net 11: 11 12 0 3 0 1 #timing (1447 1447) ps polarity 0
net 11: 11 14 1 3 0 1 #timing (1447 1447) ps polarity 1
net 11: 9 12 0 2 0 1 #timing (1447 1447) ps polarity 0
net 11: 15 6 1 0 0 1 #timing (1280 1280) ps
net 11: 15 6 3 4 0 1 #timing (1322 1322) ps polarity 0
net 11: 15 10 1 0 1 1 #timing (1322 1322) ps polarity 1
net 11: 15 10 0 1 0 1 #timing (1322 1322) ps polarity 0
net 11: 11 6 5 0 0 0 #timing (1260 1260) ps polarity 1
net 11: 26 6 13 2 1 0 #timing (1344 1344) ps polarity 0
net 11: 26 6 5 3 0 1 #timing (1365 1365) ps polarity 0
net 11: 18 14 4 5 0 1 #timing (1407 1407) ps polarity 1
net 11: 14 14 1 2 0 1 #timing (1428 1428) ps polarity 0
net 11: 12 14 0 0 0 1 #timing (1428 1428) ps polarity 1
net 11: 11 6 1 0 0 1 #timing (1239 1239) ps polarity 1
net 11: 11 6 0 2 0 1 #timing (1239 1239) ps polarity 0
net 11: 11 6 1 1 0 1 #timing (1239 1239) ps polarity 1
net 11: 11 4 0 1 0 1 #timing (1239 1239) ps polarity 0
net 11: 15 2 4 2 0 0 #timing (1218 1218) ps polarity 0
net 11: 15 2 1 3 0 1 #timing (1239 1239) ps polarity 1
net 11: 13 0 0 1 0 1 #timing (1239 1239) ps polarity 0
net 11: 15 2 3 1 0 1 #timing (1280 1280) ps polarity 0
net 11: 15 6 1 0 0 1 #timing (1280 1280) ps polarity 1
net 11: 15 6 0 0 0 1 #timing (1280 1280) ps polarity 0
net 11: 11 2 1 1 0 1 #timing (1196 1196) ps polarity 1
net 11: 11 0 0 2 0 1 #timing (1196 1196) ps polarity 0
net 11: 11 0 0 3 0 1 #timing (1196 1196) ps polarity 0
net 11: 11 2 1 2 0 1 #timing (1196 1196) ps polarity 1
net 11: 9 2 0 1 0 1 #timing (1196 1196) ps polarity 0
net 11: 9 1 0 1 0 0 #timing (1050 1050) ps polarity 1
net 11: 9 1 1 0 0 0 #timing (1134 1134) ps polarity 0
net 11: 9 5 3 1 0 0 #timing (1218 1218) ps polarity 0
net 11: 13 5 4 2 0 0 #timing (1260 1260) ps polarity 0
net 11: 13 5 1 0 1 1 #timing (1281 1281) ps polarity 1
net 11: 13 5 0 3 0 1 #timing (1281 1281) ps polarity 0
net 11: 9 5 3 4 0 1 #timing (1280 1280) ps polarity 0
net 11: 9 9 1 1 0 1 #timing (1280 1280) ps polarity 1
net 11: 9 11 0 2 0 1 #timing (1280 1280) ps polarity 0
net 16: 9 8 0 0 0 0 #timing (1050 1050) ps polarity 1
net 16: 11 10 1 3 0 0 #timing (1134 1134) ps polarity 0
net 16: 11 10 3 4 0 1 #timing (1239 1239) ps polarity 0
net 16: 11 6 1 0 1 1 #timing (1239 1239) ps polarity 1
net 16: 11 6 0 3 0 1 #timing (1239 1239) ps polarity 0
net 17: 9 9 0 3 0 0 #timing (1050 1050) ps polarity 1
net 17: 11 11 1 3 0 0 #timing (1134 1134) ps polarity 0
net 17: 11 11 3 4 0 1 #timing (1239 1239) ps polarity 0
net 17: 11 7 1 0 1 1 #timing (1239 1239) ps polarity 1
net 17: 11 7 0 2 0 1 #timing (1239 1239) ps polarity 0
net 18: 8 8 0 2 0 0 #timing (1050 1050) ps polarity 1
net 18: 10 10 1 3 0 0 #timing (1134 1134) ps polarity 0
net 18: 10 10 1 1 0 1 #timing (1196 1196) ps polarity 1
net 18: 10 8 0 1 0 1 #timing (1196 1196) ps polarity 0
net 19: 8 9 0 1 0 0 #timing (1050 1050) ps polarity 1
net 19: 10 11 1 3 0 0 #timing (1134 1134) ps polarity 0
net 19: 10 11 1 1 0 1 #timing (1196 1196) ps polarity 1
net 19: 10 9 0 2 0 1 #timing (1196 1196) ps polarity 0
net 24: 10 5 0 2 0 0 #timing (1050 1050) ps polarity 1
net 24: 8 7 1 3 0 0 #timing (1134 1134) ps polarity 0
net 24: 8 7 4 2 0 1 #timing (1239 1239) ps polarity 0
net 24: 12 7 1 0 0 1 #timing (1260 1260) ps polarity 1
net 24: 12 7 0 1 0 1 #timing (1260 1260) ps polarity 0
net 24: 12 7 1 1 0 1 #timing (1260 1260) ps polarity 1
net 24: 12 5 0 3 0 1 #timing (1260 1260) ps polarity 0
net 24: 10 4 0 3 0 0 #timing (1050 1050) ps polarity 1
net 24: 8 6 1 3 0 0 #timing (1134 1134) ps polarity 0
net 24: 8 6 4 2 0 1 #timing (1239 1239) ps polarity 0
net 24: 12 6 1 0 1 1 #timing (1260 1260) ps polarity 1
net 24: 12 6 0 1 0 1 #timing (1260 1260) ps polarity 0
net 27: 12 9 0 0 0 0 #timing (1050 1050) ps polarity 0
net 27: 14 11 1 3 0 0 #timing (1134 1134) ps polarity 1
net 27: 14 7 3 4 0 0 #timing (1218 1218) ps polarity 1
net 27: 14 7 1 1 0 1 #timing (1239 1239) ps polarity 0
net 27: 14 5 0 2 0 1 #timing (1239 1239) ps polarity 1
net 27: 14 11 1 3 0 1 #timing (1196 1196) ps polarity 0
net 27: 12 9 0 1 0 1 #timing (1196 1196) ps polarity 1
net 28: 12 2 0 3 0 0 #timing (1050 1050) ps polarity 0
net 28: 14 0 1 3 0 0 #timing (1134 1134) ps polarity 1
net 28: 14 0 1 3 0 1 #timing (1196 1196) ps polarity 0
net 28: 12 2 0 0 0 1 #timing (1196 1196) ps polarity 1
net 29: 12 7 0 1 0 0 #timing (1050 1050) ps polarity 0
net 29: 12 7 1 0 0 0 #timing (1134 1134) ps polarity 1
net 29: 12 7 1 3 0 1 #timing (1196 1196) ps polarity 0
net 29: 14 5 0 0 0 1 #timing (1196 1196) ps polarity 1
net 29: 14 5 0 1 0 1 #timing (1196 1196) ps polarity 1
net 29: 12 5 1 1 0 0 #timing (1134 1134) ps polarity 1
net 29: 12 1 3 1 0 0 #timing (1218 1218) ps polarity 1
net 29: 12 1 1 1 0 1 #timing (1239 1239) ps polarity 0
net 29: 12 3 0 1 0 1 #timing (1239 1239) ps polarity 1
net 29: 12 5 1 0 1 1 #timing (1196 1196) ps polarity 0
net 29: 12 5 0 1 0 1 #timing (1196 1196) ps polarity 1
net 30: 13 2 0 0 0 0 #timing (1050 1050) ps polarity 1
net 30: 15 0 1 3 0 0 #timing (1134 1134) ps polarity 0
net 30: 15 0 1 3 0 1 #timing (1196 1196) ps polarity 1
net 30: 13 2 0 2 0 1 #timing (1196 1196) ps polarity 0
net 33: 13 8 0 1 0 0 #timing (1050 1050) ps polarity 0
net 33: 13 8 1 0 0 0 #timing (1134 1134) ps polarity 1
net 33: 13 4 3 4 0 0 #timing (1218 1218) ps polarity 1
net 33: 9 4 4 2 0 0 #timing (1260 1260) ps polarity 1
net 33: 9 4 1 2 0 1 #timing (1281 1281) ps polarity 0
net 33: 11 4 0 3 0 1 #timing (1281 1281) ps polarity 1
net 33: 13 4 3 1 0 1 #timing (1280 1280) ps polarity 1
net 33: 13 0 1 1 0 1 #timing (1280 1280) ps polarity 0
net 33: 13 2 0 3 0 1 #timing (1280 1280) ps polarity 1
net 34: 12 8 0 2 0 0 #timing (1050 1050) ps polarity 1
net 34: 14 10 1 3 0 0 #timing (1134 1134) ps polarity 0
net 34: 14 6 3 4 0 0 #timing (1218 1218) ps polarity 0
net 34: 14 6 3 1 0 1 #timing (1280 1280) ps polarity 0
net 34: 14 2 1 3 0 1 #timing (1280 1280) ps polarity 1
net 34: 12 0 0 1 0 1 #timing (1280 1280) ps polarity 0
net 38: 13 13 0 3 0 0 #timing (1050 1050) ps polarity 0
net 38: 15 13 1 2 0 0 #timing (1134 1134) ps polarity 1
net 38: 15 13 1 2 0 1 #timing (1196 1196) ps polarity 0
net 38: 13 13 0 2 0 1 #timing (1196 1196) ps polarity 1
net 39: 8 13 0 1 0 0 #timing (1050 1050) ps polarity 0
net 39: 10 15 1 3 0 0 #timing (1134 1134) ps polarity 1
net 39: 10 15 4 2 0 1 #timing (1239 1239) ps polarity 1
net 39: 14 15 1 2 0 1 #timing (1260 1260) ps polarity 0
net 39: 12 15 0 0 0 1 #timing (1260 1260) ps polarity 1
net 40: 11 4 0 0 0 0 #timing (1050 1050) ps polarity 0
net 40: 11 4 1 0 0 0 #timing (1134 1134) ps polarity 1
net 40: 11 0 3 1 0 0 #timing (1218 1218) ps polarity 1
net 40: 11 0 1 0 0 1 #timing (1239 1239) ps polarity 0
net 40: 11 0 0 1 0 1 #timing (1239 1239) ps polarity 1
net 40: 11 8 3 4 0 0 #timing (1218 1218) ps polarity 1
net 40: 15 8 4 2 0 0 #timing (1260 1260) ps polarity 1
net 40: 15 8 3 1 0 1 #timing (1322 1322) ps polarity 1
net 40: 15 12 1 3 0 1 #timing (1322 1322) ps polarity 0
net 40: 13 14 0 2 0 1 #timing (1322 1322) ps polarity 1
net 40: 13 14 0 3 0 1 #timing (1322 1322) ps polarity 1
net 40: 11 8 3 1 0 1 #timing (1280 1280) ps polarity 1
net 40: 11 12 1 0 0 1 #timing (1280 1280) ps polarity 0
net 40: 11 12 0 0 0 1 #timing (1280 1280) ps polarity 1
net 40: 11 12 1 1 0 1 #timing (1280 1280) ps polarity 0
net 40: 11 14 0 3 0 1 #timing (1280 1280) ps polarity 1
net 40: 15 4 4 2 0 0 #timing (1218 1218) ps polarity 1
net 40: 15 4 1 0 1 1 #timing (1239 1239) ps polarity 0
net 40: 15 4 0 0 0 1 #timing (1239 1239) ps polarity 1
net 40: 11 4 1 0 0 1 #timing (1196 1196) ps polarity 0
net 40: 11 4 0 2 0 1 #timing (1196 1196) ps polarity 1
net 40: 11 5 0 1 0 0 #timing (1050 1050) ps polarity 0
net 40: 9 7 1 3 0 0 #timing (1134 1134) ps polarity 1
net 40: 9 11 3 4 0 0 #timing (1218 1218) ps polarity 1
net 40: 13 11 4 2 0 0 #timing (1260 1260) ps polarity 1
net 40: 13 11 1 2 0 1 #timing (1281 1281) ps polarity 0
net 40: 15 11 0 3 0 1 #timing (1281 1281) ps polarity 1
net 41: 13 6 0 0 0 0 #timing (1050 1050) ps polarity 0
net 41: 13 6 1 0 0 0 #timing (1134 1134) ps polarity 1
net 41: 13 6 1 1 0 1 #timing (1196 1196) ps polarity 0
net 41: 13 4 0 0 0 1 #timing (1196 1196) ps polarity 1
net 43: 12 0 0 3 0 0 #timing (1050 1050) ps polarity 0
net 43: 14 2 1 3 0 0 #timing (1134 1134) ps polarity 1
net 43: 14 2 3 1 0 1 #timing (1239 1239) ps polarity 1
net 43: 14 6 1 1 0 1 #timing (1239 1239) ps polarity 0
net 43: 14 4 0 1 0 1 #timing (1239 1239) ps polarity 1
net 44: 12 4 0 2 0 0 #timing (1050 1050) ps polarity 0
net 44: 14 6 1 3 0 0 #timing (1134 1134) ps polarity 1
net 44: 14 6 1 0 1 1 #timing (1196 1196) ps polarity 0
net 44: 14 6 0 0 0 1 #timing (1196 1196) ps polarity 1
net 49: 10 2 0 1 0 0 #timing (1050 1050) ps polarity 0
net 49: 10 2 1 0 0 0 #timing (1134 1134) ps polarity 1
net 49: 10 2 1 2 0 1 #timing (1196 1196) ps polarity 0
net 49: 8 2 0 3 0 1 #timing (1196 1196) ps polarity 1
net 50: 8 2 0 0 0 0 #timing (1050 1050) ps polarity 1
net 50: 10 0 1 3 0 0 #timing (1134 1134) ps polarity 0
net 50: 10 0 3 1 0 1 #timing (1239 1239) ps polarity 0
net 50: 10 4 1 0 1 1 #timing (1239 1239) ps polarity 1
net 50: 10 4 0 0 0 1 #timing (1239 1239) ps polarity 0
net 51: 13 14 0 0 0 0 #timing (1050 1050) ps polarity 1
net 51: 15 12 1 3 0 0 #timing (1134 1134) ps polarity 0
net 51: 15 8 3 1 0 0 #timing (1218 1218) ps polarity 0
net 51: 15 8 3 4 0 1 #timing (1280 1280) ps polarity 0
net 51: 15 4 1 1 0 1 #timing (1280 1280) ps polarity 1
net 51: 15 6 0 2 0 1 #timing (1280 1280) ps polarity 0
net 52: 12 15 0 2 0 0 #timing (1050 1050) ps polarity 0
net 52: 12 15 1 0 0 0 #timing (1134 1134) ps polarity 1
net 52: 16 15 4 5 0 0 #timing (1218 1218) ps polarity 1
net 52: 16 15 5 0 1 0 #timing (1260 1260) ps polarity 0
net 52: 1 15 13 2 1 0 #timing (1344 1344) ps polarity 1
net 52: 1 15 5 3 0 1 #timing (1365 1365) ps polarity 1
net 52: 9 7 4 2 0 1 #timing (1407 1407) ps polarity 0
net 52: 13 7 1 3 0 1 #timing (1428 1428) ps polarity 1
net 52: 15 5 0 1 0 1 #timing (1428 1428) ps polarity 0
net 56: 12 4 0 0 0 0 #timing (1050 1050) ps polarity 0
net 56: 12 4 1 0 0 0 #timing (1134 1134) ps polarity 1
net 56: 12 4 1 0 1 1 #timing (1196 1196) ps polarity 0
net 56: 12 4 0 0 0 1 #timing (1196 1196) ps polarity 1
net 57: 10 6 0 0 0 0 #timing (1050 1050) ps polarity 1
net 57: 8 4 1 3 0 0 #timing (1134 1134) ps polarity 0
net 57: 12 4 4 2 0 0 #timing (1218 1218) ps polarity 0
net 57: 12 4 1 1 0 1 #timing (1239 1239) ps polarity 1
net 57: 12 6 0 2 0 1 #timing (1239 1239) ps polarity 0
net 57: 12 4 3 1 0 1 #timing (1280 1280) ps polarity 0
net 57: 12 0 1 1 0 1 #timing (1280 1280) ps polarity 1
net 57: 12 2 0 1 0 1 #timing (1280 1280) ps polarity 0
net 57: 8 4 1 3 0 1 #timing (1196 1196) ps polarity 1
net 57: 10 6 0 2 0 1 #timing (1196 1196) ps polarity 0
net 58: 14 6 0 0 0 0 #timing (1050 1050) ps polarity 1
net 58: 14 6 1 0 0 0 #timing (1134 1134) ps polarity 0
net 58: 10 6 4 2 0 0 #timing (1218 1218) ps polarity 0
net 58: 10 6 1 1 0 1 #timing (1239 1239) ps polarity 1
net 58: 10 4 0 1 0 1 #timing (1239 1239) ps polarity 0
net 58: 14 6 1 2 0 1 #timing (1196 1196) ps polarity 1
net 58: 12 6 0 0 0 1 #timing (1196 1196) ps polarity 0
net 59: 10 2 0 0 0 0 #timing (1050 1050) ps polarity 1
net 59: 8 0 1 3 0 0 #timing (1134 1134) ps polarity 0
net 59: 8 4 3 1 0 0 #timing (1218 1218) ps polarity 0
net 59: 8 4 5 0 1 0 #timing (1260 1260) ps polarity 1
net 59: 8 4 5 1 0 1 #timing (1322 1322) ps polarity 0
net 59: 8 12 1 3 0 1 #timing (1343 1343) ps polarity 1
net 59: 10 14 0 1 0 1 #timing (1343 1343) ps polarity 0
net 59: 8 4 3 4 0 1 #timing (1280 1280) ps polarity 0
net 59: 8 8 1 3 0 1 #timing (1280 1280) ps polarity 1
net 59: 10 10 0 0 0 1 #timing (1280 1280) ps polarity 0
net 59: 10 10 0 1 0 1 #timing (1280 1280) ps polarity 0
net 59: 10 10 0 2 0 1 #timing (1280 1280) ps polarity 0
net 59: 10 10 0 3 0 1 #timing (1280 1280) ps polarity 0
net 59: 8 0 1 3 0 1 #timing (1196 1196) ps polarity 1
net 59: 10 2 0 0 0 1 #timing (1196 1196) ps polarity 0
net 59: 10 2 0 2 0 1 #timing (1196 1196) ps polarity 0
net 59: 10 2 0 3 0 1 #timing (1196 1196) ps polarity 0
net 60: 14 10 0 0 0 0 #timing (1050 1050) ps polarity 1
net 60: 14 10 1 0 0 0 #timing (1134 1134) ps polarity 0
net 60: 14 10 1 0 1 1 #timing (1196 1196) ps polarity 1
net 60: 14 10 0 3 0 1 #timing (1196 1196) ps polarity 0
net 61: 12 15 0 0 0 0 #timing (1050 1050) ps polarity 1
net 61: 14 13 1 3 0 0 #timing (1134 1134) ps polarity 0
net 61: 14 9 3 1 0 0 #timing (1218 1218) ps polarity 0
net 61: 18 9 4 5 0 0 #timing (1260 1260) ps polarity 0
net 61: 18 9 5 0 1 0 #timing (1302 1302) ps polarity 1
net 61: 18 9 5 3 0 1 #timing (1364 1364) ps polarity 1
net 61: 26 1 1 2 0 1 #timing (1364 1364) ps polarity 1
net 61: 24 1 0 1 0 1 #timing (1364 1364) ps polarity 0
net 61: 14 9 1 1 0 1 #timing (1239 1239) ps polarity 1
net 61: 14 11 0 1 0 1 #timing (1239 1239) ps polarity 0
net 61: 14 9 1 3 0 1 #timing (1239 1239) ps polarity 1
net 61: 12 11 0 0 0 1 #timing (1239 1239) ps polarity 0
net 61: 14 9 3 4 0 1 #timing (1280 1280) ps polarity 0
net 61: 14 5 1 0 1 1 #timing (1280 1280) ps polarity 1
net 61: 14 5 0 3 0 1 #timing (1280 1280) ps polarity 0
net 62: 8 3 0 1 0 0 #timing (1050 1050) ps polarity 1
net 62: 8 3 1 0 0 0 #timing (1134 1134) ps polarity 0
net 62: 8 3 1 3 0 1 #timing (1196 1196) ps polarity 1
net 62: 10 1 0 1 0 1 #timing (1196 1196) ps polarity 0
net 63: 12 12 0 3 0 0 #timing (1050 1050) ps polarity 1
net 63: 12 14 1 1 0 0 #timing (1134 1134) ps polarity 0
net 63: 12 14 1 0 1 1 #timing (1196 1196) ps polarity 1
net 63: 12 14 0 3 0 1 #timing (1196 1196) ps polarity 0
net 63: 14 14 1 3 0 0 #timing (1134 1134) ps polarity 0
net 63: 14 14 1 3 0 1 #timing (1196 1196) ps polarity 1
net 63: 12 12 0 1 0 1 #timing (1196 1196) ps polarity 0
net 65: 13 15 0 1 0 0 #timing (1050 1050) ps polarity 1
net 65: 13 15 1 0 0 0 #timing (1134 1134) ps polarity 0
net 65: 13 15 3 1 0 1 #timing (1239 1239) ps polarity 0
net 65: 13 11 1 0 1 1 #timing (1239 1239) ps polarity 1
net 65: 13 11 0 2 0 1 #timing (1239 1239) ps polarity 0
net 66: 13 13 0 2 0 0 #timing (1050 1050) ps polarity 1
net 66: 15 15 1 3 0 0 #timing (1134 1134) ps polarity 0
net 66: 15 15 5 0 0 0 #timing (1218 1218) ps polarity 1
net 66: 15 15 5 3 0 1 #timing (1280 1280) ps polarity 1
net 66: 7 7 4 5 0 1 #timing (1322 1322) ps polarity 0
net 66: 11 7 1 1 0 1 #timing (1343 1343) ps polarity 1
net 66: 11 5 0 3 0 1 #timing (1343 1343) ps polarity 0
net 66: 11 7 3 1 0 1 #timing (1364 1364) ps polarity 0
net 66: 11 3 1 1 0 1 #timing (1364 1364) ps polarity 1
net 66: 11 1 0 2 0 1 #timing (1364 1364) ps polarity 0
net 66: 11 3 1 2 0 1 #timing (1364 1364) ps polarity 1
net 66: 9 3 0 3 0 1 #timing (1364 1364) ps polarity 0
net 66: 15 15 1 3 0 1 #timing (1196 1196) ps polarity 1
net 66: 13 13 0 0 0 1 #timing (1196 1196) ps polarity 0
net 67: 14 11 0 1 0 0 #timing (1050 1050) ps polarity 0
net 67: 12 9 1 3 0 0 #timing (1134 1134) ps polarity 1
net 67: 12 9 3 1 0 1 #timing (1239 1239) ps polarity 1
net 67: 12 13 1 1 0 1 #timing (1239 1239) ps polarity 0
net 67: 12 15 0 3 0 1 #timing (1239 1239) ps polarity 1
net 68: 10 1 0 0 0 0 #timing (1050 1050) ps polarity 1
net 68: 10 1 1 0 0 0 #timing (1134 1134) ps polarity 0
net 68: 10 1 1 1 0 1 #timing (1196 1196) ps polarity 1
net 68: 10 3 0 1 0 1 #timing (1196 1196) ps polarity 0
net 68: 10 3 0 2 0 1 #timing (1196 1196) ps polarity 0
net 69: 11 2 0 0 0 0 #timing (1050 1050) ps polarity 1
net 69: 9 0 1 3 0 0 #timing (1134 1134) ps polarity 0
net 69: 9 0 1 1 0 1 #timing (1196 1196) ps polarity 1
net 69: 9 2 0 2 0 1 #timing (1196 1196) ps polarity 0
net 69: 9 0 1 3 0 1 #timing (1196 1196) ps polarity 1
net 69: 11 2 0 1 0 1 #timing (1196 1196) ps polarity 0
net 70: 10 13 0 1 0 0 #timing (1050 1050) ps polarity 1
net 70: 8 15 1 3 0 0 #timing (1134 1134) ps polarity 0
net 70: 8 11 3 1 0 0 #timing (1218 1218) ps polarity 0
net 70: 8 11 5 0 1 0 #timing (1260 1260) ps polarity 1
net 70: 8 11 5 1 0 1 #timing (1322 1322) ps polarity 0
net 70: 8 3 1 2 0 1 #timing (1343 1343) ps polarity 1
net 70: 10 3 0 3 0 1 #timing (1343 1343) ps polarity 0
net 70: 8 11 1 2 0 1 #timing (1239 1239) ps polarity 1
net 70: 10 11 0 0 0 1 #timing (1239 1239) ps polarity 0
net 71: 11 1 0 0 0 0 #timing (1050 1050) ps polarity 1
net 71: 9 3 1 3 0 0 #timing (1134 1134) ps polarity 0
net 71: 9 3 1 2 0 1 #timing (1196 1196) ps polarity 1
net 71: 11 3 0 1 0 1 #timing (1196 1196) ps polarity 0
net 71: 11 3 0 3 0 1 #timing (1196 1196) ps polarity 0
net 72: 10 10 0 0 0 0 #timing (1050 1050) ps polarity 1
net 72: 8 8 1 3 0 0 #timing (1134 1134) ps polarity 0
net 72: 8 8 3 1 0 1 #timing (1239 1239) ps polarity 0
net 72: 8 12 1 2 0 1 #timing (1239 1239) ps polarity 1
net 72: 10 12 0 0 0 1 #timing (1239 1239) ps polarity 0
net 73: 11 12 0 0 0 0 #timing (1050 1050) ps polarity 1
net 73: 9 14 1 3 0 0 #timing (1134 1134) ps polarity 0
net 73: 9 14 3 1 0 1 #timing (1239 1239) ps polarity 0
net 73: 9 10 1 2 0 1 #timing (1239 1239) ps polarity 1
net 73: 11 10 0 1 0 1 #timing (1239 1239) ps polarity 0
net 73: 11 10 0 3 0 1 #timing (1239 1239) ps polarity 0
net 74: 10 15 0 0 0 0 #timing (1050 1050) ps polarity 1
net 74: 8 13 1 3 0 0 #timing (1134 1134) ps polarity 0
net 74: 8 9 3 1 0 0 #timing (1218 1218) ps polarity 0
net 74: 8 9 1 3 0 1 #timing (1239 1239) ps polarity 1
net 74: 10 11 0 3 0 1 #timing (1239 1239) ps polarity 0
net 74: 8 13 1 3 0 1 #timing (1196 1196) ps polarity 1
net 74: 10 15 0 0 0 1 #timing (1196 1196) ps polarity 0
net 75: 11 10 0 0 0 0 #timing (1050 1050) ps polarity 1
net 75: 9 8 1 3 0 0 #timing (1134 1134) ps polarity 0
net 75: 9 8 1 3 0 1 #timing (1196 1196) ps polarity 1
net 75: 11 10 0 0 0 1 #timing (1196 1196) ps polarity 0
net 75: 11 10 0 2 0 1 #timing (1196 1196) ps polarity 0
net 76: 13 15 0 0 0 0 #timing (1050 1050) ps polarity 1
net 76: 15 13 1 3 0 0 #timing (1134 1134) ps polarity 0
net 76: 15 13 1 3 0 1 #timing (1196 1196) ps polarity 1
net 76: 13 15 0 0 0 1 #timing (1196 1196) ps polarity 0
net 76: 13 15 0 3 0 1 #timing (1196 1196) ps polarity 0
net 77: 15 15 0 0 0 0 #timing (1050 1050) ps polarity 1
net 77: 13 13 1 3 0 0 #timing (1134 1134) ps polarity 0
net 77: 13 17 3 4 0 0 #timing (1218 1218) ps polarity 0
net 77: 17 17 4 5 0 0 #timing (1260 1260) ps polarity 0
net 77: 17 17 5 0 0 0 #timing (1302 1302) ps polarity 1
net 77: 0 17 13 2 1 0 #timing (1386 1386) ps polarity 0
net 77: 0 0 13 1 1 0 #timing (1428 1428) ps polarity 1
net 77: 0 0 5 3 0 1 #timing (1449 1449) ps polarity 1
net 77: 8 8 4 2 0 1 #timing (1491 1491) ps polarity 0
net 77: 12 8 3 1 0 1 #timing (1533 1533) ps polarity 0
net 77: 12 12 1 1 0 1 #timing (1533 1533) ps polarity 1
net 77: 12 14 0 1 0 1 #timing (1533 1533) ps polarity 0
net 77: 12 8 3 4 0 1 #timing (1533 1533) ps polarity 0
net 77: 12 4 1 2 0 1 #timing (1533 1533) ps polarity 1
net 77: 14 4 0 2 0 1 #timing (1533 1533) ps polarity 0
net 77: 17 13 4 5 0 0 #timing (1218 1218) ps polarity 0
net 77: 17 13 5 0 1 0 #timing (1260 1260) ps polarity 1
net 77: 0 13 13 2 1 0 #timing (1344 1344) ps polarity 0
net 77: 0 13 5 3 0 1 #timing (1365 1365) ps polarity 0
net 77: 8 5 1 2 0 1 #timing (1365 1365) ps polarity 0
net 77: 10 5 0 1 0 1 #timing (1365 1365) ps polarity 1
net 77: 13 13 1 3 0 1 #timing (1196 1196) ps polarity 1
net 77: 15 15 0 0 0 1 #timing (1196 1196) ps polarity 0
net 78: 15 13 0 0 0 0 #timing (1050 1050) ps polarity 1
net 78: 13 15 1 3 0 0 #timing (1134 1134) ps polarity 0
net 78: 13 19 3 4 0 0 #timing (1218 1218) ps polarity 0
net 78: 13 19 5 0 1 0 #timing (1260 1260) ps polarity 1
net 78: 13 2 13 1 1 0 #timing (1344 1344) ps polarity 0
net 78: 13 2 5 1 0 1 #timing (1365 1365) ps polarity 1
net 78: 13 10 3 1 0 1 #timing (1427 1427) ps polarity 1
net 78: 13 14 1 0 0 1 #timing (1427 1427) ps polarity 0
net 78: 13 14 0 1 0 1 #timing (1427 1427) ps polarity 1
net 78: 13 15 5 0 0 0 #timing (1218 1218) ps polarity 1
net 78: 13 15 5 3 0 1 #timing (1280 1280) ps polarity 1
net 78: 5 7 4 5 0 1 #timing (1322 1322) ps polarity 0
net 78: 9 7 3 1 0 1 #timing (1364 1364) ps polarity 0
net 78: 9 3 1 0 1 1 #timing (1364 1364) ps polarity 1
net 78: 9 3 0 2 0 1 #timing (1364 1364) ps polarity 0
net 78: 13 15 1 0 0 1 #timing (1196 1196) ps polarity 1
net 78: 13 15 0 2 0 1 #timing (1196 1196) ps polarity 0
net 78: 13 15 1 2 0 1 #timing (1196 1196) ps polarity 1
net 78: 15 15 0 1 0 1 #timing (1196 1196) ps polarity 0
net 79: 14 13 0 0 0 0 #timing (1050 1050) ps polarity 1
net 79: 12 15 1 3 0 0 #timing (1134 1134) ps polarity 0
net 79: 12 19 3 4 0 0 #timing (1218 1218) ps polarity 0
net 79: 12 19 5 0 1 0 #timing (1260 1260) ps polarity 1
net 79: 12 2 13 1 1 0 #timing (1344 1344) ps polarity 0
net 79: 12 2 5 0 0 1 #timing (1344 1344) ps polarity 0
net 79: 12 2 4 2 0 1 #timing (1386 1386) ps polarity 1
net 79: 8 2 1 0 0 1 #timing (1407 1407) ps polarity 0
net 79: 8 2 0 1 0 1 #timing (1407 1407) ps polarity 1
net 79: 12 2 5 1 0 1 #timing (1365 1365) ps polarity 1
net 79: 12 10 3 1 0 1 #timing (1427 1427) ps polarity 1
net 79: 12 14 1 1 0 1 #timing (1427 1427) ps polarity 0
net 79: 12 12 0 3 0 1 #timing (1427 1427) ps polarity 1
net 79: 12 15 1 2 0 1 #timing (1196 1196) ps polarity 1
net 79: 14 15 0 1 0 1 #timing (1196 1196) ps polarity 0
net 80: 11 8 0 0 0 0 #timing (1050 1050) ps polarity 0
net 80: 9 10 1 3 0 0 #timing (1134 1134) ps polarity 1
net 80: 9 6 3 4 0 0 #timing (1218 1218) ps polarity 1
net 80: 9 6 1 0 0 1 #timing (1239 1239) ps polarity 0
net 80: 9 6 0 3 0 1 #timing (1239 1239) ps polarity 1
net 80: 9 6 1 3 0 1 #timing (1239 1239) ps polarity 0
net 80: 11 4 0 0 0 1 #timing (1239 1239) ps polarity 1
net 80: 9 10 1 1 0 1 #timing (1196 1196) ps polarity 0
net 80: 9 8 0 3 0 1 #timing (1196 1196) ps polarity 1
net 81: 11 9 0 3 0 0 #timing (1050 1050) ps polarity 0
net 81: 9 9 1 2 0 0 #timing (1134 1134) ps polarity 1
net 81: 9 5 3 4 0 0 #timing (1218 1218) ps polarity 1
net 81: 9 5 1 1 0 1 #timing (1239 1239) ps polarity 0
net 81: 9 7 0 2 0 1 #timing (1239 1239) ps polarity 1
net 81: 9 5 1 2 0 1 #timing (1239 1239) ps polarity 0
net 81: 11 5 0 1 0 1 #timing (1239 1239) ps polarity 1
net 81: 9 9 1 0 1 1 #timing (1196 1196) ps polarity 0
net 81: 9 9 0 0 0 1 #timing (1196 1196) ps polarity 1
net 82: 11 9 0 0 0 0 #timing (1050 1050) ps polarity 0
net 82: 9 11 1 3 0 0 #timing (1134 1134) ps polarity 1
net 82: 9 11 1 1 0 1 #timing (1196 1196) ps polarity 0
net 82: 9 9 0 3 0 1 #timing (1196 1196) ps polarity 1
net 82: 10 9 0 2 0 0 #timing (1050 1050) ps polarity 0
net 82: 10 9 1 0 0 0 #timing (1134 1134) ps polarity 1
net 82: 10 9 3 4 0 1 #timing (1239 1239) ps polarity 1
net 82: 10 5 1 0 0 1 #timing (1239 1239) ps polarity 0
net 82: 10 5 0 3 0 1 #timing (1239 1239) ps polarity 1
net 82: 10 5 1 3 0 1 #timing (1239 1239) ps polarity 0
net 82: 8 7 0 0 0 1 #timing (1239 1239) ps polarity 1
net 83: 10 9 0 0 0 0 #timing (1050 1050) ps polarity 0
net 83: 8 11 1 3 0 0 #timing (1134 1134) ps polarity 1
net 83: 8 11 1 1 0 1 #timing (1196 1196) ps polarity 0
net 83: 8 9 0 3 0 1 #timing (1196 1196) ps polarity 1
net 83: 10 8 0 1 0 0 #timing (1050 1050) ps polarity 0
net 83: 10 8 1 0 0 0 #timing (1134 1134) ps polarity 1
net 83: 10 8 3 4 0 1 #timing (1239 1239) ps polarity 1
net 83: 10 4 1 0 0 1 #timing (1239 1239) ps polarity 0
net 83: 10 4 0 2 0 1 #timing (1239 1239) ps polarity 1
net 84: 14 10 0 3 0 0 #timing (1050 1050) ps polarity 1
net 84: 12 8 1 3 0 0 #timing (1134 1134) ps polarity 0
net 84: 12 12 3 1 0 0 #timing (1218 1218) ps polarity 0
net 84: 12 12 1 2 0 1 #timing (1239 1239) ps polarity 1
net 84: 14 12 0 1 0 1 #timing (1239 1239) ps polarity 0
net 84: 12 8 1 3 0 1 #timing (1196 1196) ps polarity 1
net 84: 14 10 0 0 0 1 #timing (1196 1196) ps polarity 0
net 85: 10 3 0 1 0 0 #timing (1050 1050) ps polarity 1
net 85: 10 1 1 1 0 0 #timing (1134 1134) ps polarity 0
net 85: 10 5 3 1 0 0 #timing (1218 1218) ps polarity 0
net 85: 6 5 4 5 0 0 #timing (1260 1260) ps polarity 0
net 85: 6 5 5 0 0 0 #timing (1302 1302) ps polarity 1
net 85: 6 5 5 3 0 1 #timing (1364 1364) ps polarity 1
net 85: 14 13 1 2 0 1 #timing (1364 1364) ps polarity 1
net 85: 12 13 0 0 0 1 #timing (1364 1364) ps polarity 0
net 86: 9 9 0 2 0 0 #timing (1050 1050) ps polarity 1
net 86: 9 9 1 0 0 0 #timing (1134 1134) ps polarity 0
net 86: 9 9 1 3 0 1 #timing (1196 1196) ps polarity 1
net 86: 11 11 0 2 0 1 #timing (1196 1196) ps polarity 0
net 87: 15 6 0 3 0 0 #timing (1050 1050) ps polarity 1
net 87: 15 6 1 0 0 0 #timing (1134 1134) ps polarity 0
net 87: 15 2 3 1 0 0 #timing (1218 1218) ps polarity 0
net 87: 11 2 4 2 0 0 #timing (1260 1260) ps polarity 0
net 87: 11 2 1 0 1 1 #timing (1281 1281) ps polarity 1
net 87: 11 2 0 0 0 1 #timing (1281 1281) ps polarity 0
net 88: 15 8 0 1 0 0 #timing (1050 1050) ps polarity 1
net 88: 13 10 1 3 0 0 #timing (1134 1134) ps polarity 0
net 88: 13 6 3 4 0 0 #timing (1218 1218) ps polarity 0
net 88: 9 6 4 2 0 0 #timing (1260 1260) ps polarity 0
net 88: 9 6 3 1 0 1 #timing (1322 1322) ps polarity 0
net 88: 9 2 1 2 0 1 #timing (1322 1322) ps polarity 1
net 88: 11 2 0 2 0 1 #timing (1322 1322) ps polarity 0
net 89: 15 9 0 2 0 0 #timing (1050 1050) ps polarity 1
net 89: 13 9 1 2 0 0 #timing (1134 1134) ps polarity 0
net 89: 13 5 3 4 0 0 #timing (1218 1218) ps polarity 0
net 89: 9 5 4 2 0 0 #timing (1260 1260) ps polarity 0
net 89: 9 5 3 1 0 1 #timing (1322 1322) ps polarity 0
net 89: 9 1 1 3 0 1 #timing (1322 1322) ps polarity 1
net 89: 11 3 0 0 0 1 #timing (1322 1322) ps polarity 0
net 90: 9 15 0 0 0 0 #timing (1050 1050) ps polarity 1
net 90: 11 13 1 3 0 0 #timing (1134 1134) ps polarity 0
net 90: 11 13 1 1 0 1 #timing (1196 1196) ps polarity 1
net 90: 11 15 0 2 0 1 #timing (1196 1196) ps polarity 0
net 91: 9 15 0 2 0 0 #timing (1050 1050) ps polarity 1
net 91: 9 15 1 0 0 0 #timing (1134 1134) ps polarity 0
net 91: 9 15 3 1 0 1 #timing (1239 1239) ps polarity 0
net 91: 9 11 1 2 0 1 #timing (1239 1239) ps polarity 1
net 91: 11 11 0 1 0 1 #timing (1239 1239) ps polarity 0
net 92: 8 7 0 0 0 0 #timing (1050 1050) ps polarity 1
net 92: 10 5 1 3 0 0 #timing (1134 1134) ps polarity 0
net 92: 10 5 3 4 0 1 #timing (1239 1239) ps polarity 0
net 92: 10 9 1 1 0 1 #timing (1239 1239) ps polarity 1
net 92: 10 11 0 1 0 1 #timing (1239 1239) ps polarity 0
net 93: 9 9 0 0 0 0 #timing (1050 1050) ps polarity 1
net 93: 11 9 1 2 0 0 #timing (1134 1134) ps polarity 0
net 93: 11 9 1 1 0 1 #timing (1196 1196) ps polarity 1
net 93: 11 11 0 0 0 1 #timing (1196 1196) ps polarity 0
net 99: 10 3 0 0 0 0 #timing (1050 1050) ps polarity 1
net 99: 8 1 1 3 0 0 #timing (1134 1134) ps polarity 0
net 99: 8 5 3 1 0 0 #timing (1218 1218) ps polarity 0
net 99: 12 5 4 2 0 0 #timing (1260 1260) ps polarity 0
net 99: 12 5 1 1 0 1 #timing (1281 1281) ps polarity 1
net 99: 12 7 0 0 0 1 #timing (1281 1281) ps polarity 0
net 99: 12 7 0 3 0 1 #timing (1281 1281) ps polarity 0
net 99: 12 5 3 4 0 1 #timing (1322 1322) ps polarity 0
net 99: 12 9 1 1 0 1 #timing (1322 1322) ps polarity 1
net 99: 12 11 0 2 0 1 #timing (1322 1322) ps polarity 0
net 99: 8 5 1 3 0 1 #timing (1239 1239) ps polarity 1
net 99: 10 7 0 3 0 1 #timing (1239 1239) ps polarity 0
net 113: 12 6 0 0 0 0 #timing (1050 1050) ps polarity 0
net 113: 12 4 1 1 0 0 #timing (1134 1134) ps polarity 1
net 113: 12 4 3 4 0 1 #timing (1239 1239) ps polarity 1
net 113: 12 8 1 0 1 1 #timing (1239 1239) ps polarity 0
net 113: 12 8 0 1 0 1 #timing (1239 1239) ps polarity 1
net 113: 12 8 0 3 0 1 #timing (1239 1239) ps polarity 1
net 113: 13 6 0 2 0 0 #timing (1050 1050) ps polarity 0
net 113: 15 4 1 3 0 0 #timing (1134 1134) ps polarity 1
net 113: 15 8 3 4 0 0 #timing (1218 1218) ps polarity 1
net 113: 15 8 1 0 0 1 #timing (1239 1239) ps polarity 0
net 113: 15 8 0 0 0 1 #timing (1239 1239) ps polarity 1
net 113: 15 4 1 2 0 1 #timing (1196 1196) ps polarity 0
net 113: 13 4 0 1 0 1 #timing (1196 1196) ps polarity 1
net 113: 13 4 0 3 0 1 #timing (1196 1196) ps polarity 1
net 114: 13 7 0 0 0 0 #timing (1050 1050) ps polarity 0
net 114: 15 5 1 3 0 0 #timing (1134 1134) ps polarity 1
net 114: 15 5 1 2 0 1 #timing (1196 1196) ps polarity 0
net 114: 13 5 0 2 0 1 #timing (1196 1196) ps polarity 1
net 114: 12 7 0 2 0 0 #timing (1050 1050) ps polarity 0
net 114: 14 5 1 3 0 0 #timing (1134 1134) ps polarity 1
net 114: 14 1 3 1 0 0 #timing (1218 1218) ps polarity 1
net 114: 18 1 4 5 0 0 #timing (1260 1260) ps polarity 1
net 114: 18 1 5 0 1 0 #timing (1302 1302) ps polarity 0
net 114: 3 1 13 2 1 0 #timing (1386 1386) ps polarity 1
net 114: 3 1 5 3 0 1 #timing (1407 1407) ps polarity 1
net 114: 11 9 4 2 0 1 #timing (1449 1449) ps polarity 0
net 114: 15 9 1 2 0 1 #timing (1470 1470) ps polarity 1
net 114: 13 9 0 2 0 1 #timing (1470 1470) ps polarity 0
net 114: 14 9 3 4 0 0 #timing (1218 1218) ps polarity 1
net 114: 14 9 1 0 0 1 #timing (1239 1239) ps polarity 0
net 114: 14 9 0 1 0 1 #timing (1239 1239) ps polarity 1
net 114: 14 9 1 2 0 1 #timing (1239 1239) ps polarity 0
net 114: 12 9 0 2 0 1 #timing (1239 1239) ps polarity 1
net 114: 14 5 1 1 0 1 #timing (1196 1196) ps polarity 0
net 114: 14 7 0 0 0 1 #timing (1196 1196) ps polarity 1
net 114: 14 5 1 2 0 1 #timing (1196 1196) ps polarity 0
net 114: 12 5 0 2 0 1 #timing (1196 1196) ps polarity 1
net 115: 12 7 0 0 0 0 #timing (1050 1050) ps polarity 0
net 115: 14 7 1 2 0 0 #timing (1134 1134) ps polarity 1
net 115: 14 7 3 4 0 1 #timing (1239 1239) ps polarity 1
net 115: 14 11 1 1 0 1 #timing (1239 1239) ps polarity 0
net 115: 14 9 0 2 0 1 #timing (1239 1239) ps polarity 1
net 115: 12 6 0 1 0 0 #timing (1050 1050) ps polarity 0
net 115: 14 4 1 3 0 0 #timing (1134 1134) ps polarity 1
net 115: 14 4 1 2 0 1 #timing (1196 1196) ps polarity 0
net 115: 12 4 0 1 0 1 #timing (1196 1196) ps polarity 1
net 115: 12 4 0 3 0 1 #timing (1196 1196) ps polarity 1
net 115: 13 6 0 3 0 0 #timing (1050 1050) ps polarity 0
net 115: 13 4 1 1 0 0 #timing (1134 1134) ps polarity 1
net 115: 13 4 3 4 0 1 #timing (1239 1239) ps polarity 1
net 115: 13 8 1 0 1 1 #timing (1239 1239) ps polarity 0
net 115: 13 8 0 1 0 1 #timing (1239 1239) ps polarity 1
net 115: 13 8 0 3 0 1 #timing (1239 1239) ps polarity 1
net 115: 15 6 1 2 0 0 #timing (1134 1134) ps polarity 1
net 115: 15 6 1 0 1 1 #timing (1196 1196) ps polarity 0
net 115: 15 6 0 3 0 1 #timing (1196 1196) ps polarity 1
net 116: 13 9 0 0 0 0 #timing (1050 1050) ps polarity 1
net 116: 15 11 1 3 0 0 #timing (1134 1134) ps polarity 0
net 116: 15 7 3 4 0 0 #timing (1218 1218) ps polarity 0
net 116: 15 7 1 0 1 1 #timing (1239 1239) ps polarity 1
net 116: 15 7 0 2 0 1 #timing (1239 1239) ps polarity 0
net 116: 15 7 1 2 0 1 #timing (1239 1239) ps polarity 1
net 116: 13 7 0 0 0 1 #timing (1239 1239) ps polarity 0
net 116: 15 7 1 3 0 1 #timing (1239 1239) ps polarity 1
net 116: 13 5 0 0 0 1 #timing (1239 1239) ps polarity 0
net 116: 15 11 1 1 0 1 #timing (1196 1196) ps polarity 1
net 116: 15 9 0 2 0 1 #timing (1196 1196) ps polarity 0
net 116: 12 9 0 2 0 0 #timing (1050 1050) ps polarity 1
net 116: 12 9 1 0 0 0 #timing (1134 1134) ps polarity 0
net 116: 12 5 3 4 0 0 #timing (1218 1218) ps polarity 0
net 116: 12 5 1 0 0 1 #timing (1239 1239) ps polarity 1
net 116: 12 5 0 0 0 1 #timing (1239 1239) ps polarity 0
net 118: 15 3 0 0 0 0 #timing (1050 1050) ps polarity 1
net 118: 13 1 1 3 0 0 #timing (1134 1134) ps polarity 0
net 118: 13 5 3 1 0 0 #timing (1218 1218) ps polarity 0
net 118: 13 5 3 4 0 1 #timing (1280 1280) ps polarity 0
net 118: 13 9 1 0 1 1 #timing (1280 1280) ps polarity 1
net 118: 13 9 0 1 0 1 #timing (1280 1280) ps polarity 0
net 118: 13 9 0 3 0 1 #timing (1280 1280) ps polarity 0
net 118: 13 1 1 1 0 1 #timing (1196 1196) ps polarity 1
net 118: 13 3 0 3 0 1 #timing (1196 1196) ps polarity 0
net 118: 13 1 1 3 0 1 #timing (1196 1196) ps polarity 1
net 118: 15 3 0 0 0 1 #timing (1196 1196) ps polarity 0
net 118: 15 2 0 1 0 0 #timing (1050 1050) ps polarity 1
net 118: 13 0 1 3 0 0 #timing (1134 1134) ps polarity 0
net 118: 13 0 3 1 0 1 #timing (1239 1239) ps polarity 0
net 118: 13 4 1 2 0 1 #timing (1239 1239) ps polarity 1
net 118: 15 4 0 3 0 1 #timing (1239 1239) ps polarity 0
net 118: 14 2 0 3 0 0 #timing (1050 1050) ps polarity 1
net 118: 14 0 1 1 0 0 #timing (1134 1134) ps polarity 0
net 118: 14 0 3 1 0 1 #timing (1239 1239) ps polarity 0
net 118: 14 4 1 0 1 1 #timing (1239 1239) ps polarity 1
net 118: 14 4 0 3 0 1 #timing (1239 1239) ps polarity 0
net 119: 14 1 0 0 0 0 #timing (1050 1050) ps polarity 1
net 119: 12 3 1 3 0 0 #timing (1134 1134) ps polarity 0
net 119: 12 7 3 1 0 0 #timing (1218 1218) ps polarity 0
net 119: 12 7 3 4 0 1 #timing (1280 1280) ps polarity 0
net 119: 12 11 1 1 0 1 #timing (1280 1280) ps polarity 1
net 119: 12 9 0 0 0 1 #timing (1280 1280) ps polarity 0
net 119: 12 3 1 1 0 1 #timing (1196 1196) ps polarity 1
net 119: 12 1 0 0 0 1 #timing (1196 1196) ps polarity 0
net 119: 12 3 1 2 0 1 #timing (1196 1196) ps polarity 1
net 119: 14 3 0 1 0 1 #timing (1196 1196) ps polarity 0
net 120: 15 1 0 0 0 0 #timing (1050 1050) ps polarity 1
net 120: 13 3 1 3 0 0 #timing (1134 1134) ps polarity 0
net 120: 13 7 3 1 0 0 #timing (1218 1218) ps polarity 0
net 120: 13 7 1 0 1 1 #timing (1239 1239) ps polarity 1
net 120: 13 7 0 2 0 1 #timing (1239 1239) ps polarity 0
net 120: 13 3 1 1 0 1 #timing (1196 1196) ps polarity 1
net 120: 13 1 0 0 0 1 #timing (1196 1196) ps polarity 0
net 120: 13 3 1 2 0 1 #timing (1196 1196) ps polarity 1
net 120: 15 3 0 1 0 1 #timing (1196 1196) ps polarity 0
net 121: 12 3 0 0 0 0 #timing (1050 1050) ps polarity 1
net 121: 14 1 1 3 0 0 #timing (1134 1134) ps polarity 0
net 121: 14 5 3 1 0 0 #timing (1218 1218) ps polarity 0
net 121: 18 5 4 5 0 0 #timing (1260 1260) ps polarity 0
net 121: 18 5 5 0 0 0 #timing (1302 1302) ps polarity 1
net 121: 3 5 13 2 1 0 #timing (1386 1386) ps polarity 0
net 121: 3 5 5 3 0 1 #timing (1407 1407) ps polarity 0
net 121: 11 13 4 2 0 1 #timing (1449 1449) ps polarity 1
net 121: 15 13 3 1 0 1 #timing (1491 1491) ps polarity 1
net 121: 15 9 1 1 0 1 #timing (1491 1491) ps polarity 0
net 121: 15 11 0 0 0 1 #timing (1491 1491) ps polarity 1
net 121: 14 5 5 0 0 0 #timing (1260 1260) ps polarity 1
net 121: 14 5 5 1 0 1 #timing (1322 1322) ps polarity 0
net 121: 14 13 1 0 0 1 #timing (1343 1343) ps polarity 1
net 121: 14 13 0 1 0 1 #timing (1343 1343) ps polarity 0
net 121: 14 1 1 3 0 1 #timing (1196 1196) ps polarity 1
net 121: 12 3 0 0 0 1 #timing (1196 1196) ps polarity 0
net 121: 12 3 0 2 0 1 #timing (1196 1196) ps polarity 0
net 122: 10 7 0 3 0 0 #timing (1050 1050) ps polarity 1
net 122: 10 7 1 0 0 0 #timing (1134 1134) ps polarity 0
net 122: 10 7 1 1 0 1 #timing (1196 1196) ps polarity 1
net 122: 10 5 0 2 0 1 #timing (1196 1196) ps polarity 0
net 123: 13 1 0 2 0 0 #timing (1050 1050) ps polarity 1
net 123: 15 3 1 3 0 0 #timing (1134 1134) ps polarity 0
net 123: 15 7 3 1 0 0 #timing (1218 1218) ps polarity 0
net 123: 15 7 1 1 0 1 #timing (1239 1239) ps polarity 1
net 123: 15 5 0 2 0 1 #timing (1239 1239) ps polarity 0
net 123: 19 3 4 5 0 0 #timing (1218 1218) ps polarity 0
net 123: 19 3 5 0 1 0 #timing (1260 1260) ps polarity 1
net 123: 2 3 13 2 1 0 #timing (1344 1344) ps polarity 0
net 123: 2 19 13 1 0 0 #timing (1386 1386) ps polarity 1
net 123: 2 19 5 3 0 1 #timing (1407 1407) ps polarity 1
net 123: 10 27 3 1 0 1 #timing (1469 1469) ps polarity 0
net 123: 10 31 1 2 0 1 #timing (1469 1469) ps polarity 1
net 123: 8 31 0 0 0 1 #timing (1469 1469) ps polarity 0
net 123: 2 3 5 2 0 1 #timing (1365 1365) ps polarity 1
net 123: 10 3 1 1 0 1 #timing (1386 1386) ps polarity 0
net 123: 10 1 0 0 0 1 #timing (1386 1386) ps polarity 1
net 123: 2 3 5 3 0 1 #timing (1365 1365) ps polarity 0
net 123: 10 11 4 2 0 1 #timing (1407 1407) ps polarity 1
net 123: 14 11 1 0 1 1 #timing (1428 1428) ps polarity 0
net 123: 14 11 0 2 0 1 #timing (1428 1428) ps polarity 1
net 123: 15 3 1 2 0 1 #timing (1196 1196) ps polarity 1
net 123: 13 3 0 0 0 1 #timing (1196 1196) ps polarity 0
net 124: 15 13 0 1 0 0 #timing (1050 1050) ps polarity 0
net 124: 15 13 1 0 0 0 #timing (1134 1134) ps polarity 1
net 124: 15 9 3 1 0 0 #timing (1218 1218) ps polarity 1
net 124: 11 9 4 2 0 0 #timing (1260 1260) ps polarity 1
net 124: 11 9 3 4 0 1 #timing (1322 1322) ps polarity 1
net 124: 11 5 1 0 1 1 #timing (1322 1322) ps polarity 0
net 124: 11 5 0 0 0 1 #timing (1322 1322) ps polarity 1
net 126: 14 5 0 3 0 0 #timing (1050 1050) ps polarity 1
net 126: 14 5 1 0 0 0 #timing (1134 1134) ps polarity 0
net 126: 10 5 4 2 0 0 #timing (1218 1218) ps polarity 0
net 126: 10 5 5 0 1 0 #timing (1260 1260) ps polarity 1
net 126: 10 5 5 1 0 1 #timing (1322 1322) ps polarity 0
net 126: 10 13 4 2 0 1 #timing (1384 1384) ps polarity 0
net 126: 14 13 1 3 0 1 #timing (1405 1405) ps polarity 1
net 126: 12 15 0 1 0 1 #timing (1405 1405) ps polarity 0
net 126: 12 15 0 2 0 1 #timing (1405 1405) ps polarity 0
net 127: 10 4 0 0 0 0 #timing (1050 1050) ps polarity 1
net 127: 8 4 1 2 0 0 #timing (1134 1134) ps polarity 0
net 127: 8 4 3 1 0 1 #timing (1239 1239) ps polarity 0
net 127: 8 0 1 1 0 1 #timing (1239 1239) ps polarity 1
net 127: 8 2 0 0 0 1 #timing (1239 1239) ps polarity 0
net 127: 11 4 0 2 0 0 #timing (1050 1050) ps polarity 1
net 127: 9 6 1 3 0 0 #timing (1134 1134) ps polarity 0
net 127: 9 10 3 4 0 0 #timing (1218 1218) ps polarity 0
net 127: 13 10 4 2 0 0 #timing (1260 1260) ps polarity 0
net 127: 13 10 1 2 0 1 #timing (1281 1281) ps polarity 1
net 127: 15 10 0 2 0 1 #timing (1281 1281) ps polarity 0
net 127: 9 10 1 0 1 1 #timing (1239 1239) ps polarity 1
net 127: 9 10 0 3 0 1 #timing (1239 1239) ps polarity 0
net 127: 9 6 1 2 0 1 #timing (1196 1196) ps polarity 1
net 127: 11 6 0 0 0 1 #timing (1196 1196) ps polarity 0
net 128: 14 12 0 2 0 0 #timing (1050 1050) ps polarity 1
net 128: 12 14 1 3 0 0 #timing (1134 1134) ps polarity 0
net 128: 12 10 3 1 0 0 #timing (1218 1218) ps polarity 0
net 128: 12 10 3 4 0 1 #timing (1280 1280) ps polarity 0
net 128: 12 6 1 3 0 1 #timing (1280 1280) ps polarity 1
net 128: 14 4 0 0 0 1 #timing (1280 1280) ps polarity 0
net 129: 15 12 0 2 0 0 #timing (1050 1050) ps polarity 1
net 129: 13 12 1 2 0 0 #timing (1134 1134) ps polarity 0
net 129: 13 8 3 1 0 0 #timing (1218 1218) ps polarity 0
net 129: 13 8 3 4 0 1 #timing (1280 1280) ps polarity 0
net 129: 13 4 1 0 1 1 #timing (1280 1280) ps polarity 1
net 129: 13 4 0 2 0 1 #timing (1280 1280) ps polarity 0
net 130: 12 12 0 2 0 0 #timing (1050 1050) ps polarity 1
net 130: 14 12 1 2 0 0 #timing (1134 1134) ps polarity 0
net 130: 14 16 3 4 0 0 #timing (1218 1218) ps polarity 0
net 130: 14 16 5 0 1 0 #timing (1260 1260) ps polarity 1
net 130: 14 1 13 1 1 0 #timing (1344 1344) ps polarity 0
net 130: 14 1 5 3 0 1 #timing (1365 1365) ps polarity 0
net 130: 6 9 4 5 0 1 #timing (1407 1407) ps polarity 1
net 130: 10 9 3 1 0 1 #timing (1449 1449) ps polarity 1
net 130: 10 13 1 2 0 1 #timing (1449 1449) ps polarity 0
net 130: 8 13 0 0 0 1 #timing (1449 1449) ps polarity 1
net 130: 14 12 1 2 0 1 #timing (1196 1196) ps polarity 1
net 130: 12 12 0 0 0 1 #timing (1196 1196) ps polarity 0
net 131: 13 12 0 2 0 0 #timing (1050 1050) ps polarity 1
net 131: 13 12 1 0 0 0 #timing (1134 1134) ps polarity 0
net 131: 13 12 4 2 0 1 #timing (1239 1239) ps polarity 0
net 131: 9 12 1 0 0 1 #timing (1260 1260) ps polarity 1
net 131: 9 12 0 3 0 1 #timing (1260 1260) ps polarity 0
net 131: 9 12 3 1 0 1 #timing (1281 1281) ps polarity 0
net 131: 9 8 1 1 0 1 #timing (1281 1281) ps polarity 1
net 131: 9 10 0 0 0 1 #timing (1281 1281) ps polarity 0
net 132: 9 10 0 0 0 0 #timing (1050 1050) ps polarity 1
net 132: 11 8 1 3 0 0 #timing (1134 1134) ps polarity 0
net 132: 11 8 1 2 0 1 #timing (1196 1196) ps polarity 1
net 132: 9 8 0 2 0 1 #timing (1196 1196) ps polarity 0
net 132: 11 8 1 3 0 1 #timing (1196 1196) ps polarity 1
net 132: 9 10 0 2 0 1 #timing (1196 1196) ps polarity 0
net 133: 8 10 0 0 0 0 #timing (1050 1050) ps polarity 1
net 133: 10 8 1 3 0 0 #timing (1134 1134) ps polarity 0
net 133: 10 8 1 2 0 1 #timing (1196 1196) ps polarity 1
net 133: 8 8 0 3 0 1 #timing (1196 1196) ps polarity 0
net 133: 10 8 1 3 0 1 #timing (1196 1196) ps polarity 1
net 133: 8 10 0 3 0 1 #timing (1196 1196) ps polarity 0
net 134: 8 11 0 2 0 0 #timing (1050 1050) ps polarity 1
net 134: 10 9 1 3 0 0 #timing (1134 1134) ps polarity 0
net 134: 10 9 1 2 0 1 #timing (1196 1196) ps polarity 1
net 134: 8 9 0 0 0 1 #timing (1196 1196) ps polarity 0
net 134: 10 9 1 3 0 1 #timing (1196 1196) ps polarity 1
net 134: 8 11 0 0 0 1 #timing (1196 1196) ps polarity 0
net 135: 9 11 0 2 0 0 #timing (1050 1050) ps polarity 1
net 135: 11 9 1 3 0 0 #timing (1134 1134) ps polarity 0
net 135: 15 9 4 2 0 0 #timing (1218 1218) ps polarity 0
net 135: 15 9 1 0 0 1 #timing (1239 1239) ps polarity 1
net 135: 15 9 0 3 0 1 #timing (1239 1239) ps polarity 0
net 135: 11 9 3 1 0 1 #timing (1239 1239) ps polarity 0
net 135: 11 13 1 2 0 1 #timing (1239 1239) ps polarity 1
net 135: 9 13 0 3 0 1 #timing (1239 1239) ps polarity 0
net 136: 8 12 0 2 0 0 #timing (1050 1050) ps polarity 1
net 136: 10 14 1 3 0 0 #timing (1134 1134) ps polarity 0
net 136: 10 10 3 1 0 0 #timing (1218 1218) ps polarity 0
net 136: 14 10 4 2 0 0 #timing (1260 1260) ps polarity 0
net 136: 14 10 1 1 0 1 #timing (1281 1281) ps polarity 1
net 136: 14 8 0 3 0 1 #timing (1281 1281) ps polarity 0
net 136: 10 14 1 3 0 1 #timing (1196 1196) ps polarity 1
net 136: 8 12 0 0 0 1 #timing (1196 1196) ps polarity 0
net 137: 8 12 0 0 0 0 #timing (1050 1050) ps polarity 1
net 137: 8 12 1 0 0 0 #timing (1134 1134) ps polarity 0
net 137: 8 8 3 1 0 0 #timing (1218 1218) ps polarity 0
net 137: 12 8 4 2 0 0 #timing (1260 1260) ps polarity 0
net 137: 12 8 1 2 0 1 #timing (1281 1281) ps polarity 1
net 137: 14 8 0 1 0 1 #timing (1281 1281) ps polarity 0
net 145: 12 10 0 1 0 0 #timing (1050 1050) ps polarity 1
net 145: 14 8 1 3 0 0 #timing (1134 1134) ps polarity 0
net 145: 14 4 3 4 0 0 #timing (1218 1218) ps polarity 0
net 145: 10 4 4 2 0 0 #timing (1260 1260) ps polarity 0
net 145: 10 4 1 1 0 1 #timing (1281 1281) ps polarity 1
net 145: 10 6 0 1 0 1 #timing (1281 1281) ps polarity 0
net 145: 14 8 1 3 0 1 #timing (1196 1196) ps polarity 1
net 145: 12 10 0 3 0 1 #timing (1196 1196) ps polarity 0
net 158: 14 5 0 0 0 0 #timing (1050 1050) ps polarity 1
net 158: 12 7 1 3 0 0 #timing (1134 1134) ps polarity 0
net 158: 12 3 3 1 0 0 #timing (1218 1218) ps polarity 0
net 158: 12 3 1 3 0 1 #timing (1239 1239) ps polarity 1
net 158: 14 1 0 0 0 1 #timing (1239 1239) ps polarity 0
net 158: 15 4 0 3 0 0 #timing (1050 1050) ps polarity 1
net 158: 13 6 1 3 0 0 #timing (1134 1134) ps polarity 0
net 158: 13 6 1 3 0 1 #timing (1196 1196) ps polarity 1
net 158: 15 4 0 2 0 1 #timing (1196 1196) ps polarity 0
net 159: 15 9 0 1 0 0 #timing (1050 1050) ps polarity 1
net 159: 13 11 1 3 0 0 #timing (1134 1134) ps polarity 0
net 159: 13 11 3 4 0 1 #timing (1239 1239) ps polarity 0
net 159: 13 7 1 0 0 1 #timing (1239 1239) ps polarity 1
net 159: 13 7 0 3 0 1 #timing (1239 1239) ps polarity 0
net 160: 14 8 0 0 0 0 #timing (1050 1050) ps polarity 1
net 160: 12 10 1 3 0 0 #timing (1134 1134) ps polarity 0
net 160: 12 10 1 1 0 1 #timing (1196 1196) ps polarity 1
net 160: 12 8 0 2 0 1 #timing (1196 1196) ps polarity 0
net 161: 15 8 0 0 0 0 #timing (1050 1050) ps polarity 1
net 161: 15 8 1 0 0 0 #timing (1134 1134) ps polarity 0
net 161: 15 8 1 2 0 1 #timing (1196 1196) ps polarity 1
net 161: 13 8 0 2 0 1 #timing (1196 1196) ps polarity 0
net 162: 15 9 0 3 0 0 #timing (1050 1050) ps polarity 1
net 162: 15 11 1 1 0 0 #timing (1134 1134) ps polarity 0
net 162: 15 11 1 3 0 1 #timing (1196 1196) ps polarity 1
net 162: 13 9 0 0 0 1 #timing (1196 1196) ps polarity 0
net 170: 9 2 0 0 0 0 #timing (1050 1050) ps polarity 1
net 170: 11 0 1 3 0 0 #timing (1134 1134) ps polarity 0
net 170: 11 0 1 2 0 1 #timing (1196 1196) ps polarity 1
net 170: 9 0 0 3 0 1 #timing (1196 1196) ps polarity 0
net 181: 14 4 0 0 0 0 #timing (1050 1050) ps polarity 0
net 181: 12 6 1 3 0 0 #timing (1134 1134) ps polarity 1
net 181: 12 6 3 1 0 1 #timing (1239 1239) ps polarity 1
net 181: 12 2 1 3 0 1 #timing (1239 1239) ps polarity 0
net 181: 14 0 0 1 0 1 #timing (1239 1239) ps polarity 1
net 182: 13 4 0 1 0 0 #timing (1050 1050) ps polarity 1
net 182: 15 6 1 3 0 0 #timing (1134 1134) ps polarity 0
net 182: 15 6 1 2 0 1 #timing (1196 1196) ps polarity 1
net 182: 13 6 0 2 0 1 #timing (1196 1196) ps polarity 0
net 182: 13 6 0 3 0 1 #timing (1196 1196) ps polarity 0
net 183: 12 5 0 0 0 0 #timing (1050 1050) ps polarity 1
net 183: 14 7 1 3 0 0 #timing (1134 1134) ps polarity 0
net 183: 14 11 3 4 0 0 #timing (1218 1218) ps polarity 0
net 183: 14 11 3 1 0 1 #timing (1280 1280) ps polarity 0
net 183: 14 15 1 3 0 1 #timing (1280 1280) ps polarity 1
net 183: 12 13 0 1 0 1 #timing (1280 1280) ps polarity 0
net 183: 14 11 4 2 0 1 #timing (1280 1280) ps polarity 0
net 183: 10 11 3 1 0 1 #timing (1322 1322) ps polarity 0
net 183: 10 15 1 3 0 1 #timing (1322 1322) ps polarity 1
net 183: 8 13 0 1 0 1 #timing (1322 1322) ps polarity 0
net 184: 13 11 0 0 0 0 #timing (1050 1050) ps polarity 1
net 184: 15 9 1 3 0 0 #timing (1134 1134) ps polarity 0
net 184: 15 9 3 1 0 1 #timing (1239 1239) ps polarity 0
net 184: 15 13 1 0 1 1 #timing (1239 1239) ps polarity 1
net 184: 15 13 0 3 0 1 #timing (1239 1239) ps polarity 0
net 185: 15 10 0 3 0 0 #timing (1050 1050) ps polarity 1
net 185: 13 8 1 3 0 0 #timing (1134 1134) ps polarity 0
net 185: 13 8 3 1 0 1 #timing (1239 1239) ps polarity 0
net 185: 13 12 1 2 0 1 #timing (1239 1239) ps polarity 1
net 185: 15 12 0 3 0 1 #timing (1239 1239) ps polarity 0
net 186: 13 13 0 1 0 0 #timing (1050 1050) ps polarity 0
net 186: 13 15 1 1 0 0 #timing (1134 1134) ps polarity 1
net 186: 17 15 4 5 0 0 #timing (1218 1218) ps polarity 1
net 186: 17 15 5 0 1 0 #timing (1260 1260) ps polarity 0
net 186: 0 15 13 2 1 0 #timing (1344 1344) ps polarity 1
net 186: 0 15 5 3 0 1 #timing (1365 1365) ps polarity 1
net 186: 8 7 1 2 0 1 #timing (1365 1365) ps polarity 1
net 186: 10 7 0 0 0 1 #timing (1365 1365) ps polarity 0
