net 19: 22 12 0 2 0 0 #timing (1050 1050) ps polarity 1
net 19: 20 14 1 3 0 0 #timing (1134 1134) ps polarity 0
net 19: 20 14 5 0 1 0 #timing (1218 1218) ps polarity 1
net 19: 20 14 5 3 0 1 #timing (1280 1280) ps polarity 1
net 19: 28 6 1 3 0 1 #timing (1280 1280) ps polarity 1
net 19: 30 4 0 0 0 1 #timing (1280 1280) ps polarity 0
net 30: 16 12 0 0 0 0 #timing (1050 1050) ps polarity 1
net 30: 18 14 1 3 0 0 #timing (1134 1134) ps polarity 0
net 30: 18 14 4 2 0 1 #timing (1239 1239) ps polarity 0
net 30: 22 14 1 3 0 1 #timing (1260 1260) ps polarity 1
net 30: 20 12 0 3 0 1 #timing (1260 1260) ps polarity 0
net 31: 22 15 0 0 0 0 #timing (1050 1050) ps polarity 1
net 31: 20 13 1 3 0 0 #timing (1134 1134) ps polarity 0
net 31: 20 13 1 3 0 1 #timing (1196 1196) ps polarity 1
net 31: 22 15 0 0 0 1 #timing (1196 1196) ps polarity 0
net 31: 22 15 0 1 0 1 #timing (1196 1196) ps polarity 0
net 31: 22 15 0 2 0 1 #timing (1196 1196) ps polarity 0
net 31: 22 15 0 3 0 1 #timing (1196 1196) ps polarity 0
net 31: 23 14 0 3 0 0 #timing (1050 1050) ps polarity 1
net 31: 23 14 1 0 0 0 #timing (1134 1134) ps polarity 0
net 31: 23 14 3 1 0 1 #timing (1239 1239) ps polarity 0
net 31: 23 10 1 2 0 1 #timing (1239 1239) ps polarity 1
net 31: 21 10 0 2 0 1 #timing (1239 1239) ps polarity 0
net 32: 18 3 0 0 0 0 #timing (1050 1050) ps polarity 1
net 32: 16 1 1 3 0 0 #timing (1134 1134) ps polarity 0
net 32: 16 1 5 0 1 0 #timing (1218 1218) ps polarity 1
net 32: 16 1 5 3 0 1 #timing (1280 1280) ps polarity 1
net 32: 24 9 4 5 0 1 #timing (1322 1322) ps polarity 0
net 32: 20 9 3 1 0 1 #timing (1364 1364) ps polarity 0
net 32: 20 13 1 0 1 1 #timing (1364 1364) ps polarity 1
net 32: 20 13 0 0 0 1 #timing (1364 1364) ps polarity 0
net 33: 21 12 0 0 0 0 #timing (1050 1050) ps polarity 1
net 33: 23 14 1 3 0 0 #timing (1134 1134) ps polarity 0
net 33: 23 14 1 3 0 1 #timing (1196 1196) ps polarity 1
net 33: 21 12 0 0 0 1 #timing (1196 1196) ps polarity 0
net 34: 20 11 0 2 0 0 #timing (1050 1050) ps polarity 1
net 34: 22 9 1 3 0 0 #timing (1134 1134) ps polarity 0
net 34: 22 9 1 3 0 1 #timing (1196 1196) ps polarity 1
net 34: 20 11 0 2 0 1 #timing (1196 1196) ps polarity 0
net 35: 18 13 0 1 0 0 #timing (1050 1050) ps polarity 1
net 35: 16 15 1 3 0 0 #timing (1134 1134) ps polarity 0
net 35: 16 15 4 2 0 1 #timing (1239 1239) ps polarity 0
net 35: 20 15 1 3 0 1 #timing (1260 1260) ps polarity 1
net 35: 22 13 0 0 0 1 #timing (1260 1260) ps polarity 0
net 36: 21 15 0 2 0 0 #timing (1050 1050) ps polarity 1
net 36: 23 13 1 3 0 0 #timing (1134 1134) ps polarity 0
net 36: 23 13 1 1 0 1 #timing (1196 1196) ps polarity 1
net 36: 23 15 0 0 0 1 #timing (1196 1196) ps polarity 0
net 36: 23 15 0 1 0 1 #timing (1196 1196) ps polarity 0
net 36: 23 15 0 2 0 1 #timing (1196 1196) ps polarity 0
net 36: 23 15 0 3 0 1 #timing (1196 1196) ps polarity 0
net 36: 23 13 1 3 0 1 #timing (1196 1196) ps polarity 1
net 36: 21 15 0 0 0 1 #timing (1196 1196) ps polarity 0
net 36: 21 15 0 1 0 1 #timing (1196 1196) ps polarity 0
net 36: 21 15 0 2 0 1 #timing (1196 1196) ps polarity 0
net 36: 21 15 0 3 0 1 #timing (1196 1196) ps polarity 0
net 37: 21 11 0 1 0 0 #timing (1050 1050) ps polarity 1
net 37: 21 11 1 0 0 0 #timing (1134 1134) ps polarity 0
net 37: 21 11 1 0 1 1 #timing (1196 1196) ps polarity 1
net 37: 21 11 0 0 0 1 #timing (1196 1196) ps polarity 0
net 38: 20 12 0 0 0 0 #timing (1050 1050) ps polarity 1
net 38: 22 14 1 3 0 0 #timing (1134 1134) ps polarity 0
net 38: 22 14 3 1 0 1 #timing (1239 1239) ps polarity 0
net 38: 22 10 1 2 0 1 #timing (1239 1239) ps polarity 1
net 38: 20 10 0 2 0 1 #timing (1239 1239) ps polarity 0
net 39: 17 12 0 0 0 0 #timing (1050 1050) ps polarity 1
net 39: 19 14 1 3 0 0 #timing (1134 1134) ps polarity 0
net 39: 19 14 1 3 0 1 #timing (1196 1196) ps polarity 1
net 39: 17 12 0 2 0 1 #timing (1196 1196) ps polarity 0
net 40: 22 10 0 1 0 0 #timing (1050 1050) ps polarity 1
net 40: 20 8 1 3 0 0 #timing (1134 1134) ps polarity 0
net 40: 20 4 3 4 0 0 #timing (1218 1218) ps polarity 0
net 40: 16 4 4 2 0 0 #timing (1260 1260) ps polarity 0
net 40: 16 4 3 1 0 1 #timing (1322 1322) ps polarity 0
net 40: 16 0 1 2 0 1 #timing (1322 1322) ps polarity 1
net 40: 18 0 0 1 0 1 #timing (1322 1322) ps polarity 0
net 41: 23 10 0 2 0 0 #timing (1050 1050) ps polarity 1
net 41: 21 8 1 3 0 0 #timing (1134 1134) ps polarity 0
net 41: 21 8 3 1 0 1 #timing (1239 1239) ps polarity 0
net 41: 21 12 1 2 0 1 #timing (1239 1239) ps polarity 1
net 41: 23 12 0 3 0 1 #timing (1239 1239) ps polarity 0
net 42: 23 10 0 1 0 0 #timing (1050 1050) ps polarity 1
net 42: 21 10 1 2 0 0 #timing (1134 1134) ps polarity 0
net 42: 21 10 1 0 1 1 #timing (1196 1196) ps polarity 1
net 42: 21 10 0 0 0 1 #timing (1196 1196) ps polarity 0
net 43: 23 11 0 1 0 0 #timing (1050 1050) ps polarity 1
net 43: 23 11 1 0 0 0 #timing (1134 1134) ps polarity 0
net 43: 23 11 3 1 0 1 #timing (1239 1239) ps polarity 0
net 43: 23 15 1 3 0 1 #timing (1239 1239) ps polarity 1
net 43: 21 13 0 3 0 1 #timing (1239 1239) ps polarity 0
net 44: 17 10 0 2 0 0 #timing (1050 1050) ps polarity 1
net 44: 19 8 1 3 0 0 #timing (1134 1134) ps polarity 0
net 44: 19 12 3 1 0 0 #timing (1218 1218) ps polarity 0
net 44: 23 12 4 2 0 0 #timing (1260 1260) ps polarity 0
net 44: 23 12 1 2 0 1 #timing (1281 1281) ps polarity 1
net 44: 21 12 0 3 0 1 #timing (1281 1281) ps polarity 0
net 45: 16 11 0 0 0 0 #timing (1050 1050) ps polarity 1
net 45: 18 9 1 3 0 0 #timing (1134 1134) ps polarity 0
net 45: 18 9 3 1 0 1 #timing (1239 1239) ps polarity 0
net 45: 18 13 1 0 1 1 #timing (1239 1239) ps polarity 1
net 45: 18 13 0 1 0 1 #timing (1239 1239) ps polarity 0
net 46: 16 10 0 1 0 0 #timing (1050 1050) ps polarity 1
net 46: 16 10 1 0 0 0 #timing (1134 1134) ps polarity 0
net 46: 16 14 3 1 0 0 #timing (1218 1218) ps polarity 0
net 46: 20 14 4 2 0 0 #timing (1260 1260) ps polarity 0
net 46: 20 14 1 1 0 1 #timing (1281 1281) ps polarity 1
net 46: 20 12 0 0 0 1 #timing (1281 1281) ps polarity 0
net 47: 17 10 0 1 0 0 #timing (1050 1050) ps polarity 1
net 47: 17 10 1 0 0 0 #timing (1134 1134) ps polarity 0
net 47: 17 14 3 1 0 0 #timing (1218 1218) ps polarity 0
net 47: 21 14 4 2 0 0 #timing (1260 1260) ps polarity 0
net 47: 21 14 1 1 0 1 #timing (1281 1281) ps polarity 1
net 47: 21 12 0 2 0 1 #timing (1281 1281) ps polarity 0
net 48: 22 9 0 1 0 0 #timing (1050 1050) ps polarity 1
net 48: 20 11 1 3 0 0 #timing (1134 1134) ps polarity 0
net 48: 20 11 4 2 0 1 #timing (1239 1239) ps polarity 0
net 48: 16 11 1 1 0 1 #timing (1260 1260) ps polarity 1
net 48: 16 9 0 1 0 1 #timing (1260 1260) ps polarity 0
net 48: 16 11 3 4 0 1 #timing (1281 1281) ps polarity 0
net 48: 16 7 1 2 0 1 #timing (1281 1281) ps polarity 1
net 48: 18 7 0 1 0 1 #timing (1281 1281) ps polarity 0
net 49: 23 6 0 0 0 0 #timing (1050 1050) ps polarity 1
net 49: 21 4 1 3 0 0 #timing (1134 1134) ps polarity 0
net 49: 21 4 1 2 0 1 #timing (1196 1196) ps polarity 1
net 49: 23 4 0 1 0 1 #timing (1196 1196) ps polarity 0
net 49: 23 4 0 3 0 1 #timing (1196 1196) ps polarity 0
net 50: 22 6 0 0 0 0 #timing (1050 1050) ps polarity 1
net 50: 20 4 1 3 0 0 #timing (1134 1134) ps polarity 0
net 50: 20 4 1 3 0 1 #timing (1196 1196) ps polarity 1
net 50: 22 6 0 2 0 1 #timing (1196 1196) ps polarity 0
net 51: 22 3 0 2 0 0 #timing (1050 1050) ps polarity 1
net 51: 20 1 1 3 0 0 #timing (1134 1134) ps polarity 0
net 51: 20 1 3 1 0 1 #timing (1239 1239) ps polarity 0
net 51: 20 5 1 2 0 1 #timing (1239 1239) ps polarity 1
net 51: 22 5 0 2 0 1 #timing (1239 1239) ps polarity 0
net 52: 23 9 0 0 0 0 #timing (1050 1050) ps polarity 1
net 52: 21 11 1 3 0 0 #timing (1134 1134) ps polarity 0
net 52: 21 11 3 4 0 1 #timing (1239 1239) ps polarity 0
net 52: 21 7 1 3 0 1 #timing (1239 1239) ps polarity 1
net 52: 23 5 0 0 0 1 #timing (1239 1239) ps polarity 0
net 52: 23 5 0 2 0 1 #timing (1239 1239) ps polarity 0
net 53: 19 8 0 0 0 0 #timing (1050 1050) ps polarity 1
net 53: 17 10 1 3 0 0 #timing (1134 1134) ps polarity 0
net 53: 17 6 3 4 0 0 #timing (1218 1218) ps polarity 0
net 53: 17 6 1 3 0 1 #timing (1239 1239) ps polarity 1
net 53: 19 4 0 0 0 1 #timing (1239 1239) ps polarity 0
net 53: 19 4 0 1 0 1 #timing (1239 1239) ps polarity 0
net 53: 19 4 0 2 0 1 #timing (1239 1239) ps polarity 0
net 53: 19 4 0 3 0 1 #timing (1239 1239) ps polarity 0
net 53: 17 10 1 1 0 1 #timing (1196 1196) ps polarity 1
net 53: 17 8 0 2 0 1 #timing (1196 1196) ps polarity 0
net 54: 18 8 0 0 0 0 #timing (1050 1050) ps polarity 1
net 54: 16 10 1 3 0 0 #timing (1134 1134) ps polarity 0
net 54: 16 10 3 4 0 1 #timing (1239 1239) ps polarity 0
net 54: 16 6 1 0 0 1 #timing (1239 1239) ps polarity 1
net 54: 16 6 0 3 0 1 #timing (1239 1239) ps polarity 0
net 54: 16 6 1 3 0 1 #timing (1239 1239) ps polarity 1
net 54: 18 4 0 0 0 1 #timing (1239 1239) ps polarity 0
net 54: 18 4 0 1 0 1 #timing (1239 1239) ps polarity 0
net 54: 18 4 0 2 0 1 #timing (1239 1239) ps polarity 0
net 54: 18 4 0 3 0 1 #timing (1239 1239) ps polarity 0
net 55: 23 7 0 2 0 0 #timing (1050 1050) ps polarity 1
net 55: 23 7 1 0 0 0 #timing (1134 1134) ps polarity 0
net 55: 23 11 3 4 0 0 #timing (1218 1218) ps polarity 0
net 55: 19 11 4 2 0 0 #timing (1260 1260) ps polarity 0
net 55: 19 11 1 3 0 1 #timing (1281 1281) ps polarity 1
net 55: 17 9 0 3 0 1 #timing (1281 1281) ps polarity 0
net 56: 18 6 0 0 0 0 #timing (1050 1050) ps polarity 1
net 56: 16 4 1 3 0 0 #timing (1134 1134) ps polarity 0
net 56: 16 8 3 4 0 0 #timing (1218 1218) ps polarity 0
net 56: 16 8 1 0 1 1 #timing (1239 1239) ps polarity 1
net 56: 16 8 0 0 0 1 #timing (1239 1239) ps polarity 0
net 56: 16 4 1 3 0 1 #timing (1196 1196) ps polarity 1
net 56: 18 6 0 2 0 1 #timing (1196 1196) ps polarity 0
net 58: 22 2 0 2 0 0 #timing (1050 1050) ps polarity 1
net 58: 22 2 1 0 0 0 #timing (1134 1134) ps polarity 0
net 58: 22 2 3 1 0 1 #timing (1239 1239) ps polarity 0
net 58: 22 6 1 0 1 1 #timing (1239 1239) ps polarity 1
net 58: 22 6 0 0 0 1 #timing (1239 1239) ps polarity 0
net 59: 23 0 0 1 0 0 #timing (1050 1050) ps polarity 1
net 59: 21 2 1 3 0 0 #timing (1134 1134) ps polarity 0
net 59: 21 2 3 1 0 1 #timing (1239 1239) ps polarity 0
net 59: 21 6 1 2 0 1 #timing (1239 1239) ps polarity 1
net 59: 23 6 0 2 0 1 #timing (1239 1239) ps polarity 0
net 60: 22 2 0 0 0 0 #timing (1050 1050) ps polarity 1
net 60: 22 0 1 1 0 0 #timing (1134 1134) ps polarity 0
net 60: 22 0 3 1 0 1 #timing (1239 1239) ps polarity 0
net 60: 22 4 1 1 0 1 #timing (1239 1239) ps polarity 1
net 60: 22 6 0 1 0 1 #timing (1239 1239) ps polarity 0
net 61: 22 1 0 0 0 0 #timing (1050 1050) ps polarity 1
net 61: 20 3 1 3 0 0 #timing (1134 1134) ps polarity 0
net 61: 20 3 1 3 0 1 #timing (1196 1196) ps polarity 1
net 61: 22 1 0 0 0 1 #timing (1196 1196) ps polarity 0
net 63: 19 9 0 0 0 0 #timing (1050 1050) ps polarity 1
net 63: 17 11 1 3 0 0 #timing (1134 1134) ps polarity 0
net 63: 17 11 1 3 0 1 #timing (1196 1196) ps polarity 1
net 63: 19 9 0 1 0 1 #timing (1196 1196) ps polarity 0
net 64: 19 9 0 3 0 0 #timing (1050 1050) ps polarity 1
net 64: 17 9 1 2 0 0 #timing (1134 1134) ps polarity 0
net 64: 17 9 3 4 0 1 #timing (1239 1239) ps polarity 0
net 64: 17 5 1 3 0 1 #timing (1239 1239) ps polarity 1
net 64: 19 7 0 3 0 1 #timing (1239 1239) ps polarity 0
net 65: 18 9 0 0 0 0 #timing (1050 1050) ps polarity 1
net 65: 16 11 1 3 0 0 #timing (1134 1134) ps polarity 0
net 65: 16 7 3 4 0 0 #timing (1218 1218) ps polarity 0
net 65: 20 7 4 2 0 0 #timing (1260 1260) ps polarity 0
net 65: 20 7 1 2 0 1 #timing (1281 1281) ps polarity 1
net 65: 22 7 0 0 0 1 #timing (1281 1281) ps polarity 0
net 66: 21 7 0 0 0 0 #timing (1050 1050) ps polarity 1
net 66: 23 5 1 3 0 0 #timing (1134 1134) ps polarity 0
net 66: 23 9 3 4 0 0 #timing (1218 1218) ps polarity 0
net 66: 19 9 4 2 0 0 #timing (1260 1260) ps polarity 0
net 66: 19 9 1 0 1 1 #timing (1281 1281) ps polarity 1
net 66: 19 9 0 3 0 1 #timing (1281 1281) ps polarity 0
net 66: 23 9 1 2 0 1 #timing (1239 1239) ps polarity 1
net 66: 21 9 0 1 0 1 #timing (1239 1239) ps polarity 0
net 66: 23 9 1 3 0 1 #timing (1239 1239) ps polarity 1
net 66: 21 11 0 1 0 1 #timing (1239 1239) ps polarity 0
net 66: 23 9 3 1 0 1 #timing (1280 1280) ps polarity 0
net 66: 23 13 1 0 0 1 #timing (1280 1280) ps polarity 1
net 66: 23 13 0 3 0 1 #timing (1280 1280) ps polarity 0
net 66: 23 5 1 1 0 1 #timing (1196 1196) ps polarity 1
net 66: 23 7 0 2 0 1 #timing (1196 1196) ps polarity 0
net 66: 20 6 0 3 0 0 #timing (1050 1050) ps polarity 1
net 66: 20 4 1 1 0 0 #timing (1134 1134) ps polarity 0
net 66: 24 4 4 5 0 0 #timing (1218 1218) ps polarity 0
net 66: 24 4 5 0 1 0 #timing (1260 1260) ps polarity 1
net 66: 24 4 5 3 0 1 #timing (1322 1322) ps polarity 1
net 66: 16 12 4 2 0 1 #timing (1364 1364) ps polarity 0
net 66: 20 12 1 0 0 1 #timing (1385 1385) ps polarity 1
net 66: 20 12 0 1 0 1 #timing (1385 1385) ps polarity 0
net 67: 21 6 0 0 0 0 #timing (1050 1050) ps polarity 1
net 67: 23 4 1 3 0 0 #timing (1134 1134) ps polarity 0
net 67: 23 8 3 4 0 0 #timing (1218 1218) ps polarity 0
net 67: 19 8 4 2 0 0 #timing (1260 1260) ps polarity 0
net 67: 19 8 1 0 1 1 #timing (1281 1281) ps polarity 1
net 67: 19 8 0 1 0 1 #timing (1281 1281) ps polarity 0
net 67: 19 8 0 3 0 1 #timing (1281 1281) ps polarity 0
net 67: 23 8 1 3 0 1 #timing (1239 1239) ps polarity 1
net 67: 21 10 0 1 0 1 #timing (1239 1239) ps polarity 0
net 67: 23 8 3 1 0 1 #timing (1280 1280) ps polarity 0
net 67: 23 12 1 1 0 1 #timing (1280 1280) ps polarity 1
net 67: 23 14 0 0 0 1 #timing (1280 1280) ps polarity 0
net 67: 23 14 0 1 0 1 #timing (1280 1280) ps polarity 0
net 67: 23 14 0 2 0 1 #timing (1280 1280) ps polarity 0
net 67: 23 14 0 3 0 1 #timing (1280 1280) ps polarity 0
net 67: 23 12 1 3 0 1 #timing (1280 1280) ps polarity 1
net 67: 21 14 0 0 0 1 #timing (1280 1280) ps polarity 0
net 67: 21 14 0 1 0 1 #timing (1280 1280) ps polarity 0
net 67: 21 14 0 2 0 1 #timing (1280 1280) ps polarity 0
net 67: 21 14 0 3 0 1 #timing (1280 1280) ps polarity 0
net 67: 27 4 4 5 0 0 #timing (1218 1218) ps polarity 0
net 67: 27 4 4 2 0 1 #timing (1260 1260) ps polarity 0
net 67: 31 4 1 0 1 1 #timing (1281 1281) ps polarity 1
net 67: 31 4 0 0 0 1 #timing (1281 1281) ps polarity 0
net 67: 23 4 1 2 0 1 #timing (1196 1196) ps polarity 1
net 67: 21 4 0 1 0 1 #timing (1196 1196) ps polarity 0
net 68: 20 6 0 0 0 0 #timing (1050 1050) ps polarity 1
net 68: 22 4 1 3 0 0 #timing (1134 1134) ps polarity 0
net 68: 22 8 3 4 0 0 #timing (1218 1218) ps polarity 0
net 68: 22 8 3 1 0 1 #timing (1280 1280) ps polarity 0
net 68: 22 12 1 2 0 1 #timing (1280 1280) ps polarity 1
net 68: 20 12 0 2 0 1 #timing (1280 1280) ps polarity 0
net 68: 18 4 4 2 0 0 #timing (1218 1218) ps polarity 0
net 68: 18 4 1 1 0 1 #timing (1239 1239) ps polarity 1
net 68: 18 6 0 3 0 1 #timing (1239 1239) ps polarity 0
net 68: 26 4 4 5 0 0 #timing (1218 1218) ps polarity 0
net 68: 26 4 4 2 0 1 #timing (1260 1260) ps polarity 0
net 68: 30 4 1 0 1 1 #timing (1281 1281) ps polarity 1
net 68: 30 4 0 2 0 1 #timing (1281 1281) ps polarity 0
net 68: 22 4 1 2 0 1 #timing (1196 1196) ps polarity 1
net 68: 20 4 0 1 0 1 #timing (1196 1196) ps polarity 0
net 69: 21 4 0 0 0 0 #timing (1050 1050) ps polarity 1
net 69: 23 6 1 3 0 0 #timing (1134 1134) ps polarity 0
net 69: 23 2 3 1 0 0 #timing (1218 1218) ps polarity 0
net 69: 27 2 4 5 0 0 #timing (1260 1260) ps polarity 0
net 69: 27 2 4 2 0 1 #timing (1302 1302) ps polarity 0
net 69: 31 2 3 1 0 1 #timing (1344 1344) ps polarity 0
net 69: 31 6 1 1 0 1 #timing (1344 1344) ps polarity 1
net 69: 31 4 0 3 0 1 #timing (1344 1344) ps polarity 0
net 69: 23 2 1 0 0 1 #timing (1239 1239) ps polarity 1
net 69: 23 2 0 0 0 1 #timing (1239 1239) ps polarity 0
net 69: 23 6 1 3 0 1 #timing (1196 1196) ps polarity 1
net 69: 21 4 0 0 0 1 #timing (1196 1196) ps polarity 0
net 69: 20 4 0 2 0 0 #timing (1050 1050) ps polarity 1
net 69: 20 4 1 0 0 0 #timing (1134 1134) ps polarity 0
net 69: 20 4 5 0 0 0 #timing (1218 1218) ps polarity 1
net 69: 20 4 5 1 0 1 #timing (1280 1280) ps polarity 0
net 69: 20 12 1 3 0 1 #timing (1301 1301) ps polarity 1
net 69: 22 14 0 0 0 1 #timing (1301 1301) ps polarity 0
net 69: 22 14 0 1 0 1 #timing (1301 1301) ps polarity 0
net 69: 22 14 0 2 0 1 #timing (1301 1301) ps polarity 0
net 69: 22 14 0 3 0 1 #timing (1301 1301) ps polarity 0
net 69: 20 4 3 4 0 1 #timing (1239 1239) ps polarity 0
net 69: 20 8 1 1 0 1 #timing (1239 1239) ps polarity 1
net 69: 20 10 0 3 0 1 #timing (1239 1239) ps polarity 0
net 69: 20 5 0 3 0 0 #timing (1050 1050) ps polarity 1
net 69: 22 7 1 3 0 0 #timing (1134 1134) ps polarity 0
net 69: 22 11 3 4 0 0 #timing (1218 1218) ps polarity 0
net 69: 18 11 4 2 0 0 #timing (1260 1260) ps polarity 0
net 69: 18 11 1 1 0 1 #timing (1281 1281) ps polarity 1
net 69: 18 9 0 0 0 1 #timing (1281 1281) ps polarity 0
net 70: 20 4 0 0 0 0 #timing (1050 1050) ps polarity 1
net 70: 22 6 1 3 0 0 #timing (1134 1134) ps polarity 0
net 70: 22 10 3 4 0 0 #timing (1218 1218) ps polarity 0
net 70: 18 10 4 2 0 0 #timing (1260 1260) ps polarity 0
net 70: 18 10 1 1 0 1 #timing (1281 1281) ps polarity 1
net 70: 18 8 0 1 0 1 #timing (1281 1281) ps polarity 0
net 70: 22 10 3 1 0 1 #timing (1280 1280) ps polarity 0
net 70: 22 14 1 1 0 1 #timing (1280 1280) ps polarity 1
net 70: 22 12 0 1 0 1 #timing (1280 1280) ps polarity 0
net 70: 22 14 1 2 0 1 #timing (1280 1280) ps polarity 1
net 70: 20 14 0 0 0 1 #timing (1280 1280) ps polarity 0
net 70: 20 14 0 1 0 1 #timing (1280 1280) ps polarity 0
net 70: 20 14 0 2 0 1 #timing (1280 1280) ps polarity 0
net 70: 20 14 0 3 0 1 #timing (1280 1280) ps polarity 0
net 70: 26 6 4 5 0 0 #timing (1218 1218) ps polarity 0
net 70: 26 6 4 2 0 1 #timing (1260 1260) ps polarity 0
net 70: 30 6 1 1 0 1 #timing (1281 1281) ps polarity 1
net 70: 30 4 0 1 0 1 #timing (1281 1281) ps polarity 0
net 70: 22 6 1 3 0 1 #timing (1196 1196) ps polarity 1
net 70: 20 4 0 0 0 1 #timing (1196 1196) ps polarity 0
net 71: 21 3 0 0 0 0 #timing (1050 1050) ps polarity 1
net 71: 21 3 1 0 0 0 #timing (1134 1134) ps polarity 0
net 71: 21 7 3 1 0 0 #timing (1218 1218) ps polarity 0
net 71: 21 7 5 0 1 0 #timing (1260 1260) ps polarity 1
net 71: 21 7 5 1 0 1 #timing (1322 1322) ps polarity 0
net 71: 21 15 1 1 0 1 #timing (1343 1343) ps polarity 1
net 71: 21 13 0 2 0 1 #timing (1343 1343) ps polarity 0
net 71: 21 7 3 4 0 1 #timing (1280 1280) ps polarity 0
net 71: 21 11 1 0 0 1 #timing (1280 1280) ps polarity 1
net 71: 21 11 0 3 0 1 #timing (1280 1280) ps polarity 0
net 71: 23 1 1 3 0 0 #timing (1134 1134) ps polarity 0
net 71: 27 1 4 5 0 0 #timing (1218 1218) ps polarity 0
net 71: 27 1 4 2 0 1 #timing (1260 1260) ps polarity 0
net 71: 31 1 3 1 0 1 #timing (1302 1302) ps polarity 0
net 71: 31 5 1 0 1 1 #timing (1302 1302) ps polarity 1
net 71: 31 5 0 0 0 1 #timing (1302 1302) ps polarity 0
net 71: 23 1 1 1 0 1 #timing (1196 1196) ps polarity 1
net 71: 23 3 0 1 0 1 #timing (1196 1196) ps polarity 0
net 71: 23 3 0 3 0 1 #timing (1196 1196) ps polarity 0
net 71: 23 1 1 3 0 1 #timing (1196 1196) ps polarity 1
net 71: 21 3 0 0 0 1 #timing (1196 1196) ps polarity 0
net 72: 20 3 0 0 0 0 #timing (1050 1050) ps polarity 1
net 72: 22 1 1 3 0 0 #timing (1134 1134) ps polarity 0
net 72: 26 1 4 5 0 0 #timing (1218 1218) ps polarity 0
net 72: 26 1 5 0 1 0 #timing (1260 1260) ps polarity 1
net 72: 26 1 5 3 0 1 #timing (1322 1322) ps polarity 1
net 72: 18 9 4 2 0 1 #timing (1364 1364) ps polarity 0
net 72: 22 9 3 1 0 1 #timing (1406 1406) ps polarity 0
net 72: 22 13 1 2 0 1 #timing (1406 1406) ps polarity 1
net 72: 20 13 0 1 0 1 #timing (1406 1406) ps polarity 0
net 72: 26 1 4 2 0 1 #timing (1260 1260) ps polarity 0
net 72: 30 1 3 1 0 1 #timing (1302 1302) ps polarity 0
net 72: 30 5 1 0 1 1 #timing (1302 1302) ps polarity 1
net 72: 30 5 0 2 0 1 #timing (1302 1302) ps polarity 0
net 72: 22 1 1 1 0 1 #timing (1196 1196) ps polarity 1
net 72: 22 3 0 3 0 1 #timing (1196 1196) ps polarity 0
net 72: 22 1 1 3 0 1 #timing (1196 1196) ps polarity 1
net 72: 20 3 0 0 0 1 #timing (1196 1196) ps polarity 0
net 73: 21 1 0 0 0 0 #timing (1050 1050) ps polarity 1
net 73: 21 1 1 0 0 0 #timing (1134 1134) ps polarity 0
net 73: 21 1 5 0 0 0 #timing (1218 1218) ps polarity 1
net 73: 21 1 5 1 0 1 #timing (1280 1280) ps polarity 0
net 73: 21 9 3 1 0 1 #timing (1342 1342) ps polarity 0
net 73: 21 13 1 2 0 1 #timing (1342 1342) ps polarity 1
net 73: 23 13 0 2 0 1 #timing (1342 1342) ps polarity 0
net 73: 20 0 0 3 0 0 #timing (1050 1050) ps polarity 1
net 73: 22 0 1 2 0 0 #timing (1134 1134) ps polarity 0
net 73: 26 0 4 5 0 0 #timing (1218 1218) ps polarity 0
net 73: 26 0 4 2 0 1 #timing (1260 1260) ps polarity 0
net 73: 30 0 3 1 0 1 #timing (1302 1302) ps polarity 0
net 73: 30 4 1 1 0 1 #timing (1302 1302) ps polarity 1
net 73: 30 6 0 0 0 1 #timing (1302 1302) ps polarity 0
net 73: 22 0 5 0 1 0 #timing (1218 1218) ps polarity 1
net 73: 22 0 5 1 0 1 #timing (1280 1280) ps polarity 0
net 73: 22 8 1 3 0 1 #timing (1301 1301) ps polarity 1
net 73: 20 10 0 0 0 1 #timing (1301 1301) ps polarity 0
net 73: 22 0 1 1 0 1 #timing (1196 1196) ps polarity 1
net 73: 22 2 0 0 0 1 #timing (1196 1196) ps polarity 0
net 73: 22 0 1 3 0 1 #timing (1196 1196) ps polarity 1
net 73: 20 2 0 2 0 1 #timing (1196 1196) ps polarity 0
net 74: 20 1 0 0 0 0 #timing (1050 1050) ps polarity 1
net 74: 22 3 1 3 0 0 #timing (1134 1134) ps polarity 0
net 74: 26 3 4 5 0 0 #timing (1218 1218) ps polarity 0
net 74: 26 3 5 0 1 0 #timing (1260 1260) ps polarity 1
net 74: 26 3 5 3 0 1 #timing (1322 1322) ps polarity 1
net 74: 18 11 4 2 0 1 #timing (1364 1364) ps polarity 0
net 74: 22 11 1 2 0 1 #timing (1385 1385) ps polarity 1
net 74: 20 11 0 1 0 1 #timing (1385 1385) ps polarity 0
net 74: 22 11 3 1 0 1 #timing (1406 1406) ps polarity 0
net 74: 22 15 1 1 0 1 #timing (1406 1406) ps polarity 1
net 74: 22 13 0 2 0 1 #timing (1406 1406) ps polarity 0
net 74: 22 15 1 2 0 1 #timing (1406 1406) ps polarity 1
net 74: 20 15 0 0 0 1 #timing (1406 1406) ps polarity 0
net 74: 20 15 0 1 0 1 #timing (1406 1406) ps polarity 0
net 74: 20 15 0 2 0 1 #timing (1406 1406) ps polarity 0
net 74: 20 15 0 3 0 1 #timing (1406 1406) ps polarity 0
net 74: 26 3 4 2 0 1 #timing (1260 1260) ps polarity 0
net 74: 30 3 3 1 0 1 #timing (1302 1302) ps polarity 0
net 74: 30 7 1 0 1 1 #timing (1302 1302) ps polarity 1
net 74: 30 7 0 1 0 1 #timing (1302 1302) ps polarity 0
net 74: 22 3 1 0 0 1 #timing (1196 1196) ps polarity 1
net 74: 22 3 0 1 0 1 #timing (1196 1196) ps polarity 0
net 74: 22 3 1 2 0 1 #timing (1196 1196) ps polarity 1
net 74: 20 3 0 1 0 1 #timing (1196 1196) ps polarity 0
net 75: 17 7 0 0 0 0 #timing (1050 1050) ps polarity 1
net 75: 19 5 1 3 0 0 #timing (1134 1134) ps polarity 0
net 75: 19 9 3 4 0 0 #timing (1218 1218) ps polarity 0
net 75: 23 9 4 2 0 0 #timing (1260 1260) ps polarity 0
net 75: 23 9 5 0 1 0 #timing (1302 1302) ps polarity 1
net 75: 23 9 5 3 0 1 #timing (1364 1364) ps polarity 1
net 75: 31 1 1 1 0 1 #timing (1364 1364) ps polarity 1
net 75: 31 3 0 3 0 1 #timing (1364 1364) ps polarity 0
net 75: 19 9 1 2 0 1 #timing (1239 1239) ps polarity 1
net 75: 17 9 0 1 0 1 #timing (1239 1239) ps polarity 0
net 75: 19 9 1 3 0 1 #timing (1239 1239) ps polarity 1
net 75: 17 11 0 2 0 1 #timing (1239 1239) ps polarity 0
net 75: 19 9 3 1 0 1 #timing (1280 1280) ps polarity 0
net 75: 19 13 1 2 0 1 #timing (1280 1280) ps polarity 1
net 75: 17 13 0 3 0 1 #timing (1280 1280) ps polarity 0
net 76: 16 6 0 0 0 0 #timing (1050 1050) ps polarity 1
net 76: 18 4 1 3 0 0 #timing (1134 1134) ps polarity 0
net 76: 18 8 3 4 0 0 #timing (1218 1218) ps polarity 0
net 76: 22 8 4 2 0 0 #timing (1260 1260) ps polarity 0
net 76: 22 8 5 0 1 0 #timing (1302 1302) ps polarity 1
net 76: 22 8 5 3 0 1 #timing (1364 1364) ps polarity 1
net 76: 30 0 1 1 0 1 #timing (1364 1364) ps polarity 1
net 76: 30 2 0 0 0 1 #timing (1364 1364) ps polarity 0
net 76: 18 8 1 3 0 1 #timing (1239 1239) ps polarity 1
net 76: 16 10 0 1 0 1 #timing (1239 1239) ps polarity 0
net 76: 16 10 0 3 0 1 #timing (1239 1239) ps polarity 0
net 76: 18 4 1 2 0 1 #timing (1196 1196) ps polarity 1
net 76: 16 4 0 1 0 1 #timing (1196 1196) ps polarity 0
net 77: 17 6 0 0 0 0 #timing (1050 1050) ps polarity 1
net 77: 19 4 1 3 0 0 #timing (1134 1134) ps polarity 0
net 77: 19 8 3 4 0 0 #timing (1218 1218) ps polarity 0
net 77: 23 8 4 2 0 0 #timing (1260 1260) ps polarity 0
net 77: 23 8 5 0 1 0 #timing (1302 1302) ps polarity 1
net 77: 23 8 5 3 0 1 #timing (1364 1364) ps polarity 1
net 77: 31 0 1 1 0 1 #timing (1364 1364) ps polarity 1
net 77: 31 2 0 0 0 1 #timing (1364 1364) ps polarity 0
net 77: 19 8 3 1 0 1 #timing (1280 1280) ps polarity 0
net 77: 19 12 1 2 0 1 #timing (1280 1280) ps polarity 1
net 77: 17 12 0 0 0 1 #timing (1280 1280) ps polarity 0
net 77: 19 4 1 2 0 1 #timing (1196 1196) ps polarity 1
net 77: 17 4 0 1 0 1 #timing (1196 1196) ps polarity 0
net 78: 16 4 0 0 0 0 #timing (1050 1050) ps polarity 1
net 78: 18 6 1 3 0 0 #timing (1134 1134) ps polarity 0
net 78: 18 10 3 4 0 0 #timing (1218 1218) ps polarity 0
net 78: 22 10 4 2 0 0 #timing (1260 1260) ps polarity 0
net 78: 22 10 5 0 1 0 #timing (1302 1302) ps polarity 1
net 78: 22 10 5 3 0 1 #timing (1364 1364) ps polarity 1
net 78: 30 2 1 0 1 1 #timing (1364 1364) ps polarity 1
net 78: 30 2 0 2 0 1 #timing (1364 1364) ps polarity 0
net 78: 18 10 1 2 0 1 #timing (1239 1239) ps polarity 1
net 78: 16 10 0 0 0 1 #timing (1239 1239) ps polarity 0
net 78: 18 6 1 3 0 1 #timing (1196 1196) ps polarity 1
net 78: 16 4 0 0 0 1 #timing (1196 1196) ps polarity 0
net 79: 17 4 0 0 0 0 #timing (1050 1050) ps polarity 1
net 79: 19 6 1 3 0 0 #timing (1134 1134) ps polarity 0
net 79: 19 10 3 4 0 0 #timing (1218 1218) ps polarity 0
net 79: 23 10 4 2 0 0 #timing (1260 1260) ps polarity 0
net 79: 23 10 5 0 0 0 #timing (1302 1302) ps polarity 1
net 79: 23 10 5 3 0 1 #timing (1364 1364) ps polarity 1
net 79: 31 2 1 0 0 1 #timing (1364 1364) ps polarity 1
net 79: 31 2 0 3 0 1 #timing (1364 1364) ps polarity 0
net 79: 23 10 1 0 1 1 #timing (1281 1281) ps polarity 1
net 79: 23 10 0 0 0 1 #timing (1281 1281) ps polarity 0
net 79: 19 10 1 2 0 1 #timing (1239 1239) ps polarity 1
net 79: 17 10 0 2 0 1 #timing (1239 1239) ps polarity 0
net 79: 19 6 1 3 0 1 #timing (1196 1196) ps polarity 1
net 79: 17 4 0 0 0 1 #timing (1196 1196) ps polarity 0
net 80: 16 3 0 0 0 0 #timing (1050 1050) ps polarity 1
net 80: 18 1 1 3 0 0 #timing (1134 1134) ps polarity 0
net 80: 18 5 3 1 0 0 #timing (1218 1218) ps polarity 0
net 80: 22 5 4 2 0 0 #timing (1260 1260) ps polarity 0
net 80: 22 5 5 0 1 0 #timing (1302 1302) ps polarity 1
net 80: 22 5 5 2 0 1 #timing (1364 1364) ps polarity 0
net 80: 30 5 3 1 0 1 #timing (1426 1426) ps polarity 0
net 80: 30 1 1 1 0 1 #timing (1426 1426) ps polarity 1
net 80: 30 3 0 0 0 1 #timing (1426 1426) ps polarity 0
net 80: 22 5 3 4 0 1 #timing (1322 1322) ps polarity 0
net 80: 22 9 1 1 0 1 #timing (1322 1322) ps polarity 1
net 80: 22 11 0 3 0 1 #timing (1322 1322) ps polarity 0
net 80: 18 1 1 3 0 1 #timing (1196 1196) ps polarity 1
net 80: 16 3 0 0 0 1 #timing (1196 1196) ps polarity 0
net 81: 17 3 0 0 0 0 #timing (1050 1050) ps polarity 1
net 81: 19 1 1 3 0 0 #timing (1134 1134) ps polarity 0
net 81: 19 5 3 1 0 0 #timing (1218 1218) ps polarity 0
net 81: 23 5 4 2 0 0 #timing (1260 1260) ps polarity 0
net 81: 23 5 3 4 0 1 #timing (1322 1322) ps polarity 0
net 81: 23 9 1 1 0 1 #timing (1322 1322) ps polarity 1
net 81: 23 11 0 1 0 1 #timing (1322 1322) ps polarity 0
net 81: 19 1 1 3 0 1 #timing (1196 1196) ps polarity 1
net 81: 17 3 0 0 0 1 #timing (1196 1196) ps polarity 0
net 81: 16 2 0 3 0 0 #timing (1050 1050) ps polarity 1
net 81: 18 2 1 2 0 0 #timing (1134 1134) ps polarity 0
net 81: 18 6 3 1 0 0 #timing (1218 1218) ps polarity 0
net 81: 22 6 4 2 0 0 #timing (1260 1260) ps polarity 0
net 81: 22 6 5 0 0 0 #timing (1302 1302) ps polarity 1
net 81: 22 6 5 2 0 1 #timing (1364 1364) ps polarity 0
net 81: 30 6 3 1 0 1 #timing (1426 1426) ps polarity 0
net 81: 30 2 1 0 0 1 #timing (1426 1426) ps polarity 1
net 81: 30 2 0 3 0 1 #timing (1426 1426) ps polarity 0
net 81: 22 6 3 4 0 1 #timing (1322 1322) ps polarity 0
net 81: 22 10 1 0 1 1 #timing (1322 1322) ps polarity 1
net 81: 22 10 0 0 0 1 #timing (1322 1322) ps polarity 0
net 82: 16 1 0 0 0 0 #timing (1050 1050) ps polarity 1
net 82: 18 3 1 3 0 0 #timing (1134 1134) ps polarity 0
net 82: 14 3 4 5 0 0 #timing (1218 1218) ps polarity 0
net 82: 14 3 5 0 0 0 #timing (1260 1260) ps polarity 1
net 82: 31 3 13 2 1 0 #timing (1344 1344) ps polarity 0
net 82: 31 3 5 0 0 1 #timing (1344 1344) ps polarity 0
net 82: 31 3 1 0 0 1 #timing (1365 1365) ps polarity 0
net 82: 31 3 0 0 0 1 #timing (1365 1365) ps polarity 1
net 82: 31 3 5 3 0 1 #timing (1365 1365) ps polarity 0
net 82: 23 11 1 0 1 1 #timing (1365 1365) ps polarity 0
net 82: 23 11 0 3 0 1 #timing (1365 1365) ps polarity 1
net 82: 18 3 1 2 0 1 #timing (1196 1196) ps polarity 1
net 82: 16 3 0 1 0 1 #timing (1196 1196) ps polarity 0
net 83: 17 1 0 0 0 0 #timing (1050 1050) ps polarity 1
net 83: 19 3 1 3 0 0 #timing (1134 1134) ps polarity 0
net 83: 15 3 4 5 0 0 #timing (1218 1218) ps polarity 0
net 83: 15 3 5 0 1 0 #timing (1260 1260) ps polarity 1
net 83: 30 3 13 2 1 0 #timing (1344 1344) ps polarity 0
net 83: 30 3 5 3 0 1 #timing (1365 1365) ps polarity 0
net 83: 22 11 1 0 1 1 #timing (1365 1365) ps polarity 0
net 83: 22 11 0 1 0 1 #timing (1365 1365) ps polarity 1
net 83: 19 3 5 0 0 0 #timing (1218 1218) ps polarity 1
net 83: 19 3 5 3 0 1 #timing (1280 1280) ps polarity 1
net 83: 27 11 4 2 0 1 #timing (1322 1322) ps polarity 0
net 83: 31 11 3 4 0 1 #timing (1364 1364) ps polarity 0
net 83: 31 7 1 1 0 1 #timing (1364 1364) ps polarity 1
net 83: 31 5 0 3 0 1 #timing (1364 1364) ps polarity 0
net 83: 19 3 1 2 0 1 #timing (1196 1196) ps polarity 1
net 83: 17 3 0 1 0 1 #timing (1196 1196) ps polarity 0
net 84: 22 13 0 1 0 0 #timing (1050 1050) ps polarity 0
net 84: 20 15 1 3 0 0 #timing (1134 1134) ps polarity 1
net 84: 20 15 3 1 0 1 #timing (1239 1239) ps polarity 1
net 84: 20 11 1 2 0 1 #timing (1239 1239) ps polarity 0
net 84: 22 11 0 2 0 1 #timing (1239 1239) ps polarity 1
net 85: 23 13 0 3 0 0 #timing (1050 1050) ps polarity 1
net 85: 21 15 1 3 0 0 #timing (1134 1134) ps polarity 0
net 85: 21 15 3 1 0 1 #timing (1239 1239) ps polarity 0
net 85: 21 11 1 2 0 1 #timing (1239 1239) ps polarity 1
net 85: 23 11 0 0 0 1 #timing (1239 1239) ps polarity 0
net 86: 22 2 0 1 0 0 #timing (1050 1050) ps polarity 1
net 86: 20 0 1 3 0 0 #timing (1134 1134) ps polarity 0
net 86: 20 0 1 3 0 1 #timing (1196 1196) ps polarity 1
net 86: 22 2 0 3 0 1 #timing (1196 1196) ps polarity 0
net 87: 22 3 0 0 0 0 #timing (1050 1050) ps polarity 0
net 87: 22 3 1 0 0 0 #timing (1134 1134) ps polarity 1
net 87: 22 3 1 0 1 1 #timing (1196 1196) ps polarity 0
net 87: 22 3 0 2 0 1 #timing (1196 1196) ps polarity 1
net 89: 19 2 0 0 0 0 #timing (1050 1050) ps polarity 1
net 89: 17 0 1 3 0 0 #timing (1134 1134) ps polarity 0
net 89: 17 4 3 1 0 0 #timing (1218 1218) ps polarity 0
net 89: 17 4 3 4 0 1 #timing (1280 1280) ps polarity 0
net 89: 17 8 1 0 1 1 #timing (1280 1280) ps polarity 1
net 89: 17 8 0 1 0 1 #timing (1280 1280) ps polarity 0
net 90: 19 7 0 0 0 0 #timing (1050 1050) ps polarity 1
net 90: 17 5 1 3 0 0 #timing (1134 1134) ps polarity 0
net 90: 17 5 3 4 0 1 #timing (1239 1239) ps polarity 0
net 90: 17 9 1 0 1 1 #timing (1239 1239) ps polarity 1
net 90: 17 9 0 2 0 1 #timing (1239 1239) ps polarity 0
net 91: 19 9 0 1 0 0 #timing (1050 1050) ps polarity 1
net 91: 19 9 1 0 0 0 #timing (1134 1134) ps polarity 0
net 91: 19 9 3 4 0 1 #timing (1239 1239) ps polarity 0
net 91: 19 5 1 1 0 1 #timing (1239 1239) ps polarity 1
net 91: 19 7 0 2 0 1 #timing (1239 1239) ps polarity 0
net 92: 16 5 0 0 0 0 #timing (1050 1050) ps polarity 1
net 92: 18 7 1 3 0 0 #timing (1134 1134) ps polarity 0
net 92: 18 7 1 1 0 1 #timing (1196 1196) ps polarity 1
net 92: 18 5 0 0 0 1 #timing (1196 1196) ps polarity 0
net 92: 18 5 0 1 0 1 #timing (1196 1196) ps polarity 0
net 92: 18 5 0 2 0 1 #timing (1196 1196) ps polarity 0
net 92: 18 5 0 3 0 1 #timing (1196 1196) ps polarity 0
net 93: 17 5 0 0 0 0 #timing (1050 1050) ps polarity 1
net 93: 19 7 1 3 0 0 #timing (1134 1134) ps polarity 0
net 93: 23 7 4 2 0 0 #timing (1218 1218) ps polarity 0
net 93: 23 7 1 0 1 1 #timing (1239 1239) ps polarity 1
net 93: 23 7 0 3 0 1 #timing (1239 1239) ps polarity 0
net 93: 19 7 3 1 0 1 #timing (1239 1239) ps polarity 0
net 93: 19 3 1 1 0 1 #timing (1239 1239) ps polarity 1
net 93: 19 1 0 0 0 1 #timing (1239 1239) ps polarity 0
net 94: 16 4 0 1 0 0 #timing (1050 1050) ps polarity 1
net 94: 16 6 1 1 0 0 #timing (1134 1134) ps polarity 0
net 94: 16 6 1 2 0 1 #timing (1196 1196) ps polarity 1
net 94: 18 6 0 0 0 1 #timing (1196 1196) ps polarity 0
net 95: 17 4 0 1 0 0 #timing (1050 1050) ps polarity 1
net 95: 17 4 1 0 0 0 #timing (1134 1134) ps polarity 0
net 95: 17 4 1 3 0 1 #timing (1196 1196) ps polarity 1
net 95: 19 6 0 2 0 1 #timing (1196 1196) ps polarity 0
net 96: 16 3 0 1 0 0 #timing (1050 1050) ps polarity 1
net 96: 18 3 1 2 0 0 #timing (1134 1134) ps polarity 0
net 96: 18 7 3 1 0 0 #timing (1218 1218) ps polarity 0
net 96: 22 7 4 2 0 0 #timing (1260 1260) ps polarity 0
net 96: 22 7 1 1 0 1 #timing (1281 1281) ps polarity 1
net 96: 22 5 0 0 0 1 #timing (1281 1281) ps polarity 0
net 97: 16 2 0 2 0 0 #timing (1050 1050) ps polarity 1
net 97: 16 2 1 0 0 0 #timing (1134 1134) ps polarity 0
net 97: 16 6 3 1 0 0 #timing (1218 1218) ps polarity 0
net 97: 20 6 4 2 0 0 #timing (1260 1260) ps polarity 0
net 97: 20 6 1 3 0 1 #timing (1281 1281) ps polarity 1
net 97: 22 4 0 3 0 1 #timing (1281 1281) ps polarity 0
net 98: 16 2 0 0 0 0 #timing (1050 1050) ps polarity 1
net 98: 18 0 1 3 0 0 #timing (1134 1134) ps polarity 0
net 98: 18 4 3 1 0 0 #timing (1218 1218) ps polarity 0
net 98: 22 4 4 2 0 0 #timing (1260 1260) ps polarity 0
net 98: 22 4 1 0 1 1 #timing (1281 1281) ps polarity 1
net 98: 22 4 0 0 0 1 #timing (1281 1281) ps polarity 0
net 98: 22 4 0 2 0 1 #timing (1281 1281) ps polarity 0
net 99: 17 2 0 0 0 0 #timing (1050 1050) ps polarity 1
net 99: 19 0 1 3 0 0 #timing (1134 1134) ps polarity 0
net 99: 15 0 4 5 0 0 #timing (1218 1218) ps polarity 0
net 99: 15 0 5 0 1 0 #timing (1260 1260) ps polarity 1
net 99: 30 0 13 2 1 0 #timing (1344 1344) ps polarity 0
net 99: 30 0 5 3 0 1 #timing (1365 1365) ps polarity 0
net 99: 22 8 3 4 0 1 #timing (1427 1427) ps polarity 1
net 99: 22 4 1 0 0 1 #timing (1427 1427) ps polarity 0
net 99: 22 4 0 1 0 1 #timing (1427 1427) ps polarity 1
net 100: 17 9 0 1 0 0 #timing (1050 1050) ps polarity 1
net 100: 19 11 1 3 0 0 #timing (1134 1134) ps polarity 0
net 100: 19 11 3 4 0 1 #timing (1239 1239) ps polarity 0
net 100: 19 7 1 1 0 1 #timing (1239 1239) ps polarity 1
net 100: 19 5 0 0 0 1 #timing (1239 1239) ps polarity 0
net 100: 19 5 0 1 0 1 #timing (1239 1239) ps polarity 0
net 100: 19 5 0 2 0 1 #timing (1239 1239) ps polarity 0
net 100: 19 5 0 3 0 1 #timing (1239 1239) ps polarity 0
net 102: 18 6 0 1 0 0 #timing (1050 1050) ps polarity 0
net 102: 18 6 1 0 0 0 #timing (1134 1134) ps polarity 1
net 102: 18 6 1 0 1 1 #timing (1196 1196) ps polarity 0
net 102: 18 6 0 1 0 1 #timing (1196 1196) ps polarity 1
net 117: 23 12 0 0 0 0 #timing (1050 1050) ps polarity 0
net 117: 21 14 1 3 0 0 #timing (1134 1134) ps polarity 1
net 117: 21 10 3 1 0 0 #timing (1218 1218) ps polarity 1
net 117: 21 10 5 0 1 0 #timing (1260 1260) ps polarity 0
net 117: 21 10 5 1 0 1 #timing (1322 1322) ps polarity 1
net 117: 21 2 1 1 0 1 #timing (1343 1343) ps polarity 0
net 117: 21 0 0 3 0 1 #timing (1343 1343) ps polarity 1
net 117: 21 10 1 2 0 1 #timing (1239 1239) ps polarity 0
net 117: 23 10 0 1 0 1 #timing (1239 1239) ps polarity 1
net 118: 23 3 0 0 0 0 #timing (1050 1050) ps polarity 0
net 118: 21 1 1 3 0 0 #timing (1134 1134) ps polarity 1
net 118: 17 1 4 2 0 0 #timing (1218 1218) ps polarity 1
net 118: 17 1 1 0 0 1 #timing (1239 1239) ps polarity 0
net 118: 17 1 0 2 0 1 #timing (1239 1239) ps polarity 1
net 118: 21 1 1 3 0 1 #timing (1196 1196) ps polarity 0
net 118: 23 3 0 0 0 1 #timing (1196 1196) ps polarity 1
net 119: 23 31 0 0 0 0 #timing (1050 1050) ps polarity 1
net 119: 21 29 1 3 0 0 #timing (1134 1134) ps polarity 0
net 119: 21 29 5 0 1 0 #timing (1218 1218) ps polarity 1
net 119: 4 29 13 2 1 0 #timing (1302 1302) ps polarity 0
net 119: 4 29 5 0 0 1 #timing (1302 1302) ps polarity 0
net 119: 4 29 4 5 0 1 #timing (1344 1344) ps polarity 1
net 119: 8 29 1 3 0 1 #timing (1365 1365) ps polarity 0
net 119: 10 31 0 2 0 1 #timing (1365 1365) ps polarity 1
net 120: 22 31 0 0 0 0 #timing (1050 1050) ps polarity 1
net 120: 20 29 1 3 0 0 #timing (1134 1134) ps polarity 0
net 120: 20 29 5 0 1 0 #timing (1218 1218) ps polarity 1
net 120: 5 29 13 2 1 0 #timing (1302 1302) ps polarity 0
net 120: 5 29 5 0 0 1 #timing (1302 1302) ps polarity 0
net 120: 5 29 4 5 0 1 #timing (1344 1344) ps polarity 1
net 120: 9 29 1 3 0 1 #timing (1365 1365) ps polarity 0
net 120: 11 31 0 0 0 1 #timing (1365 1365) ps polarity 1
net 121: 11 30 0 1 0 0 #timing (1050 1050) ps polarity 1
net 121: 9 28 1 3 0 0 #timing (1134 1134) ps polarity 0
net 121: 9 28 5 0 1 0 #timing (1218 1218) ps polarity 1
net 121: 24 28 13 2 1 0 #timing (1302 1302) ps polarity 0
net 121: 24 13 13 1 1 0 #timing (1344 1344) ps polarity 1
net 121: 24 13 5 3 0 1 #timing (1365 1365) ps polarity 1
net 121: 16 5 1 1 0 1 #timing (1365 1365) ps polarity 1
net 121: 16 7 0 2 0 1 #timing (1365 1365) ps polarity 0
net 121: 16 5 1 3 0 1 #timing (1365 1365) ps polarity 1
net 121: 18 7 0 0 0 1 #timing (1365 1365) ps polarity 0
net 121: 16 5 3 1 0 1 #timing (1427 1427) ps polarity 0
net 121: 16 1 1 2 0 1 #timing (1427 1427) ps polarity 1
net 121: 18 1 0 0 0 1 #timing (1427 1427) ps polarity 0
net 125: 9 0 0 0 0 0 #timing (1050 1050) ps polarity 1
net 125: 9 0 1 0 0 0 #timing (1134 1134) ps polarity 0
net 125: 9 0 5 0 1 0 #timing (1218 1218) ps polarity 1
net 125: 24 0 13 2 1 0 #timing (1302 1302) ps polarity 0
net 125: 24 0 5 3 0 1 #timing (1323 1323) ps polarity 0
net 125: 16 8 4 2 0 1 #timing (1365 1365) ps polarity 1
net 125: 20 8 3 1 0 1 #timing (1407 1407) ps polarity 1
net 125: 20 12 1 2 0 1 #timing (1407 1407) ps polarity 0
net 125: 22 12 0 0 0 1 #timing (1407 1407) ps polarity 1
net 131: 10 0 0 0 0 0 #timing (1050 1050) ps polarity 1
net 131: 8 2 1 3 0 0 #timing (1134 1134) ps polarity 0
net 131: 8 2 5 0 1 0 #timing (1218 1218) ps polarity 1
net 131: 25 2 13 2 1 0 #timing (1302 1302) ps polarity 0
net 131: 25 2 5 0 0 1 #timing (1302 1302) ps polarity 0
net 131: 25 2 4 5 0 1 #timing (1344 1344) ps polarity 1
net 131: 21 2 1 3 0 1 #timing (1365 1365) ps polarity 0
net 131: 23 0 0 3 0 1 #timing (1365 1365) ps polarity 1
net 157: 23 5 0 0 0 0 #timing (1050 1050) ps polarity 1
net 157: 21 7 1 3 0 0 #timing (1134 1134) ps polarity 0
net 157: 21 3 3 1 0 0 #timing (1218 1218) ps polarity 0
net 157: 17 3 4 2 0 0 #timing (1260 1260) ps polarity 0
net 157: 17 3 1 2 0 1 #timing (1281 1281) ps polarity 1
net 157: 19 3 0 1 0 1 #timing (1281 1281) ps polarity 0
net 158: 19 1 0 0 0 0 #timing (1050 1050) ps polarity 0
net 158: 17 3 1 3 0 0 #timing (1134 1134) ps polarity 1
net 158: 17 7 3 1 0 0 #timing (1218 1218) ps polarity 1
net 158: 17 7 5 0 1 0 #timing (1260 1260) ps polarity 0
net 158: 17 22 13 1 1 0 #timing (1344 1344) ps polarity 1
net 158: 17 22 5 3 0 1 #timing (1365 1365) ps polarity 1
net 158: 25 30 1 2 0 1 #timing (1365 1365) ps polarity 1
net 158: 27 30 0 1 0 1 #timing (1365 1365) ps polarity 0
net 159: 16 8 0 0 0 0 #timing (1050 1050) ps polarity 1
net 159: 18 10 1 3 0 0 #timing (1134 1134) ps polarity 0
net 159: 18 6 3 4 0 0 #timing (1218 1218) ps polarity 0
net 159: 18 6 3 1 0 1 #timing (1280 1280) ps polarity 0
net 159: 18 2 1 3 0 1 #timing (1280 1280) ps polarity 1
net 159: 16 0 0 1 0 1 #timing (1280 1280) ps polarity 0
net 160: 23 2 0 0 0 0 #timing (1050 1050) ps polarity 1
net 160: 21 0 1 3 0 0 #timing (1134 1134) ps polarity 0
net 160: 21 0 4 5 0 1 #timing (1239 1239) ps polarity 0
net 160: 25 0 1 2 0 1 #timing (1260 1260) ps polarity 1
net 160: 27 0 0 2 0 1 #timing (1260 1260) ps polarity 0
net 161: 21 13 0 3 0 0 #timing (1050 1050) ps polarity 0
net 161: 23 13 1 2 0 0 #timing (1134 1134) ps polarity 1
net 161: 23 13 5 0 1 0 #timing (1218 1218) ps polarity 0
net 161: 23 28 13 1 1 0 #timing (1302 1302) ps polarity 1
net 161: 23 28 5 0 0 1 #timing (1302 1302) ps polarity 1
net 161: 23 28 4 5 0 1 #timing (1344 1344) ps polarity 0
net 161: 27 28 1 3 0 1 #timing (1365 1365) ps polarity 1
net 161: 25 30 0 1 0 1 #timing (1365 1365) ps polarity 0
net 162: 23 11 0 0 0 0 #timing (1050 1050) ps polarity 1
net 162: 21 9 1 3 0 0 #timing (1134 1134) ps polarity 0
net 162: 21 5 3 4 0 0 #timing (1218 1218) ps polarity 0
net 162: 25 5 4 5 0 0 #timing (1260 1260) ps polarity 0
net 162: 25 5 3 1 0 1 #timing (1322 1322) ps polarity 0
net 162: 25 1 1 2 0 1 #timing (1322 1322) ps polarity 1
net 162: 27 1 0 1 0 1 #timing (1322 1322) ps polarity 0
net 174: 18 2 0 2 0 0 #timing (1050 1050) ps polarity 1
net 174: 16 0 1 3 0 0 #timing (1134 1134) ps polarity 0
net 174: 16 0 1 3 0 1 #timing (1196 1196) ps polarity 1
net 174: 18 2 0 2 0 1 #timing (1196 1196) ps polarity 0
net 175: 22 5 0 0 0 0 #timing (1050 1050) ps polarity 1
net 175: 20 7 1 3 0 0 #timing (1134 1134) ps polarity 0
net 175: 20 7 1 3 0 1 #timing (1196 1196) ps polarity 1
net 175: 22 5 0 1 0 1 #timing (1196 1196) ps polarity 0
net 175: 22 5 0 3 0 1 #timing (1196 1196) ps polarity 0
net 176: 17 8 0 2 0 0 #timing (1050 1050) ps polarity 1
net 176: 19 10 1 3 0 0 #timing (1134 1134) ps polarity 0
net 176: 19 6 3 4 0 0 #timing (1218 1218) ps polarity 0
net 176: 23 6 4 2 0 0 #timing (1260 1260) ps polarity 0
net 176: 23 6 1 1 0 1 #timing (1281 1281) ps polarity 1
net 176: 23 4 0 0 0 1 #timing (1281 1281) ps polarity 0
net 176: 23 4 0 2 0 1 #timing (1281 1281) ps polarity 0
net 177: 22 7 0 3 0 0 #timing (1050 1050) ps polarity 0
net 177: 20 5 1 3 0 0 #timing (1134 1134) ps polarity 1
net 177: 20 5 1 3 0 1 #timing (1196 1196) ps polarity 0
net 177: 22 7 0 1 0 1 #timing (1196 1196) ps polarity 1
net 178: 23 7 0 3 0 0 #timing (1050 1050) ps polarity 0
net 178: 21 5 1 3 0 0 #timing (1134 1134) ps polarity 1
net 178: 21 5 1 2 0 1 #timing (1196 1196) ps polarity 0
net 178: 23 5 0 1 0 1 #timing (1196 1196) ps polarity 1
net 178: 23 5 0 3 0 1 #timing (1196 1196) ps polarity 1
net 179: 18 5 0 0 0 0 #timing (1050 1050) ps polarity 1
net 179: 16 7 1 3 0 0 #timing (1134 1134) ps polarity 0
net 179: 16 7 3 1 0 1 #timing (1239 1239) ps polarity 0
net 179: 16 3 1 2 0 1 #timing (1239 1239) ps polarity 1
net 179: 18 3 0 3 0 1 #timing (1239 1239) ps polarity 0
net 184: 20 10 0 0 0 0 #timing (1050 1050) ps polarity 0
net 184: 20 10 1 0 0 0 #timing (1134 1134) ps polarity 1
net 184: 20 10 1 0 1 1 #timing (1196 1196) ps polarity 0
net 184: 20 10 0 1 0 1 #timing (1196 1196) ps polarity 1
net 185: 21 14 0 2 0 0 #timing (1050 1050) ps polarity 1
net 185: 21 12 1 1 0 0 #timing (1134 1134) ps polarity 0
net 185: 21 12 3 1 0 1 #timing (1239 1239) ps polarity 0
net 185: 21 8 1 1 0 1 #timing (1239 1239) ps polarity 1
net 185: 21 10 0 3 0 1 #timing (1239 1239) ps polarity 0
net 186: 20 11 0 3 0 0 #timing (1050 1050) ps polarity 0
net 186: 20 11 1 0 0 0 #timing (1134 1134) ps polarity 1
net 186: 20 11 1 0 1 1 #timing (1196 1196) ps polarity 0
net 186: 20 11 0 0 0 1 #timing (1196 1196) ps polarity 1
net 187: 21 13 0 1 0 0 #timing (1050 1050) ps polarity 0
net 187: 23 15 1 3 0 0 #timing (1134 1134) ps polarity 1
net 187: 23 15 3 1 0 1 #timing (1239 1239) ps polarity 1
net 187: 23 11 1 2 0 1 #timing (1239 1239) ps polarity 0
net 187: 21 11 0 2 0 1 #timing (1239 1239) ps polarity 1
net 188: 23 15 0 3 0 0 #timing (1050 1050) ps polarity 1
net 188: 21 13 1 3 0 0 #timing (1134 1134) ps polarity 0
net 188: 21 13 1 0 1 1 #timing (1196 1196) ps polarity 1
net 188: 21 13 0 1 0 1 #timing (1196 1196) ps polarity 0
net 190: 16 8 0 2 0 0 #timing (1050 1050) ps polarity 1
net 190: 16 8 1 0 0 0 #timing (1134 1134) ps polarity 0
net 190: 16 4 3 4 0 0 #timing (1218 1218) ps polarity 0
net 190: 20 4 4 2 0 0 #timing (1260 1260) ps polarity 0
net 190: 20 4 3 1 0 1 #timing (1322 1322) ps polarity 0
net 190: 20 0 1 0 1 1 #timing (1322 1322) ps polarity 1
net 190: 20 0 0 1 0 1 #timing (1322 1322) ps polarity 0
