#! /c/Source/iverilog-install/bin/vvp
:ivl_version "12.0 (devel)" "(s20150603-1539-g2693dd32b)";
:ivl_delay_selection "TYPICAL";
:vpi_time_precision - 12;
:vpi_module "C:\iverilog\lib\ivl\system.vpi";
:vpi_module "C:\iverilog\lib\ivl\vhdl_sys.vpi";
:vpi_module "C:\iverilog\lib\ivl\vhdl_textio.vpi";
:vpi_module "C:\iverilog\lib\ivl\v2005_math.vpi";
:vpi_module "C:\iverilog\lib\ivl\va_math.vpi";
S_00000218321604a0 .scope module, "fibonaci" "fibonaci" 2 1;
 .timescale 0 0;
    .port_info 0 /INPUT 1 "start_flag";
    .port_info 1 /INPUT 1 "clk";
    .port_info 2 /INPUT 1 "rst";
    .port_info 3 /OUTPUT 1 "clk_en";
    .port_info 4 /OUTPUT 1 "out_flag";
    .port_info 5 /OUTPUT 1 "out_flag_en";
    .port_info 6 /OUTPUT 1 "fib_flag";
    .port_info 7 /OUTPUT 1 "fib_flag_en";
P_0000021832160630 .param/l "CAL" 1 2 11, C4<01>;
P_0000021832160668 .param/l "DONE" 1 2 12, C4<11>;
P_00000218321606a0 .param/l "WAIT" 1 2 10, C4<00>;
v000002183211bdc0_0 .var "STATE", 1 0;
o0000021832176f98 .functor BUFZ 1, C4<z>; HiZ drive
v0000021832133140_0 .net "clk", 0 0, o0000021832176f98;  0 drivers
L_00000218321cd038 .functor BUFT 1, C4<1>, C4<0>, C4<0>, C4<0>;
v0000021832175c80_0 .net "clk_en", 0 0, L_00000218321cd038;  1 drivers
v0000021832175d20_0 .var "count", 7 0;
v0000021832175dc0_0 .var "fib_flag", 0 0;
L_00000218321cd080 .functor BUFT 1, C4<1>, C4<0>, C4<0>, C4<0>;
v0000021832175e60_0 .net "fib_flag_en", 0 0, L_00000218321cd080;  1 drivers
v00000218321328a0_0 .var "fib_num", 98 0;
v0000021832132940_0 .var "out_flag", 0 0;
L_00000218321cd0c8 .functor BUFT 1, C4<1>, C4<0>, C4<0>, C4<0>;
v00000218321cc4d0_0 .net "out_flag_en", 0 0, L_00000218321cd0c8;  1 drivers
o0000021832177118 .functor BUFZ 1, C4<z>; HiZ drive
v00000218321cc890_0 .net "rst", 0 0, o0000021832177118;  0 drivers
o0000021832177148 .functor BUFZ 1, C4<z>; HiZ drive
v00000218321cc570_0 .net "start_flag", 0 0, o0000021832177148;  0 drivers
v00000218321cc930_0 .var "temp_a", 68 0;
v00000218321cc390_0 .var "temp_b", 68 0;
E_000002183215c5b0 .event posedge, v0000021832133140_0;
S_0000021832175af0 .scope module, "simple_counter_tb" "simple_counter_tb" 3 3;
 .timescale -9 -12;
v00000218321ccf70_0 .var "r_clk", 0 0;
v00000218321cc430_0 .var "r_nreset", 0 0;
v00000218321cc110_0 .var "r_up_down", 0 0;
v00000218321ccc50_0 .net "w_counter", 3 0, L_000002183215a800;  1 drivers
L_00000218321cd158 .functor BUFT 1, C4<1111>, C4<0>, C4<0>, C4<0>;
v00000218321cccf0_0 .net "w_counter_oe", 3 0, L_00000218321cd158;  1 drivers
L_00000218321cd1a0 .functor BUFT 1, C4<1>, C4<0>, C4<0>, C4<0>;
v00000218321ccd90_0 .net "w_osc_ctrl_en", 0 0, L_00000218321cd1a0;  1 drivers
L_00000218321cd110 .functor BUFT 1, C4<0>, C4<0>, C4<0>, C4<0>;
v00000218321cced0_0 .net "w_up_down_oe", 0 0, L_00000218321cd110;  1 drivers
S_00000218321329e0 .scope module, "dut" "simple_counter" 3 15, 4 4 0, S_0000021832175af0;
 .timescale 0 0;
    .port_info 0 /INPUT 1 "i_clk";
    .port_info 1 /INPUT 1 "i_nreset";
    .port_info 2 /INPUT 1 "i_up_down";
    .port_info 3 /OUTPUT 1 "o_up_down_oe";
    .port_info 4 /OUTPUT 1 "o_osc_ctrl_en";
    .port_info 5 /OUTPUT 4 "o_counter";
    .port_info 6 /OUTPUT 4 "o_counter_oe";
L_000002183215a800 .functor BUFZ 4, v00000218321cc9d0_0, C4<0000>, C4<0000>, C4<0000>;
v00000218321cc070_0 .net "i_clk", 0 0, v00000218321ccf70_0;  1 drivers
v00000218321cce30_0 .net "i_nreset", 0 0, v00000218321cc430_0;  1 drivers
v00000218321cc7f0_0 .net "i_up_down", 0 0, v00000218321cc110_0;  1 drivers
v00000218321cca70_0 .net "o_counter", 3 0, L_000002183215a800;  alias, 1 drivers
v00000218321cc610_0 .net "o_counter_oe", 3 0, L_00000218321cd158;  alias, 1 drivers
v00000218321cc6b0_0 .net "o_osc_ctrl_en", 0 0, L_00000218321cd1a0;  alias, 1 drivers
v00000218321cc750_0 .net "o_up_down_oe", 0 0, L_00000218321cd110;  alias, 1 drivers
v00000218321cc9d0_0 .var "r_counter_up_down", 3 0;
v00000218321ccb10_0 .var "r_rst", 2 0;
v00000218321cc2f0_0 .var "r_up_down_sync", 1 0;
v00000218321ccbb0_0 .net "w_reset", 0 0, L_00000218321cc1b0;  1 drivers
E_000002183215c5f0 .event posedge, v00000218321cc070_0;
L_00000218321cc1b0 .part v00000218321ccb10_0, 2, 1;
    .scope S_00000218321604a0;
T_0 ;
    %pushi/vec4 0, 0, 69;
    %store/vec4 v00000218321cc930_0, 0, 69;
    %pushi/vec4 0, 0, 69;
    %store/vec4 v00000218321cc390_0, 0, 69;
    %pushi/vec4 0, 0, 99;
    %store/vec4 v00000218321328a0_0, 0, 99;
    %pushi/vec4 0, 0, 8;
    %store/vec4 v0000021832175d20_0, 0, 8;
    %end;
    .thread T_0;
    .scope S_00000218321604a0;
T_1 ;
    %wait E_000002183215c5b0;
    %load/vec4 v00000218321cc890_0;
    %flag_set/vec4 8;
    %jmp/0xz  T_1.0, 8;
    %pushi/vec4 0, 0, 69;
    %assign/vec4 v00000218321cc930_0, 0;
    %pushi/vec4 0, 0, 69;
    %assign/vec4 v00000218321cc390_0, 0;
    %pushi/vec4 0, 0, 8;
    %assign/vec4 v0000021832175d20_0, 0;
    %pushi/vec4 0, 0, 1;
    %assign/vec4 v0000021832132940_0, 0;
    %pushi/vec4 0, 0, 2;
    %assign/vec4 v000002183211bdc0_0, 0;
    %jmp T_1.1;
T_1.0 ;
    %load/vec4 v000002183211bdc0_0;
    %dup/vec4;
    %pushi/vec4 0, 0, 2;
    %cmp/u;
    %jmp/1 T_1.2, 6;
    %dup/vec4;
    %pushi/vec4 1, 0, 2;
    %cmp/u;
    %jmp/1 T_1.3, 6;
    %dup/vec4;
    %pushi/vec4 3, 0, 2;
    %cmp/u;
    %jmp/1 T_1.4, 6;
    %jmp T_1.5;
T_1.2 ;
    %load/vec4 v00000218321cc570_0;
    %flag_set/vec4 8;
    %jmp/0xz  T_1.6, 8;
    %pushi/vec4 1, 0, 2;
    %assign/vec4 v000002183211bdc0_0, 0;
T_1.6 ;
    %jmp T_1.5;
T_1.3 ;
    %load/vec4 v00000218321cc570_0;
    %flag_set/vec4 9;
    %flag_get/vec4 9;
    %jmp/0 T_1.10, 9;
    %load/vec4 v0000021832175d20_0;
    %cmpi/u 100, 0, 8;
    %flag_get/vec4 5;
    %and;
T_1.10;
    %flag_set/vec4 8;
    %jmp/0xz  T_1.8, 8;
    %load/vec4 v00000218321cc930_0;
    %load/vec4 v00000218321cc390_0;
    %add;
    %store/vec4 v00000218321cc930_0, 0, 69;
    %load/vec4 v00000218321cc930_0;
    %store/vec4 v00000218321cc390_0, 0, 69;
    %load/vec4 v0000021832175d20_0;
    %addi 1, 0, 8;
    %assign/vec4 v0000021832175d20_0, 0;
    %pushi/vec4 1, 0, 2;
    %assign/vec4 v000002183211bdc0_0, 0;
    %jmp T_1.9;
T_1.8 ;
    %load/vec4 v0000021832175d20_0;
    %cmpi/e 100, 0, 8;
    %jmp/0xz  T_1.11, 4;
    %load/vec4 v00000218321cc930_0;
    %pad/u 99;
    %assign/vec4 v00000218321328a0_0, 0;
    %pushi/vec4 3, 0, 2;
    %assign/vec4 v000002183211bdc0_0, 0;
T_1.11 ;
T_1.9 ;
    %jmp T_1.5;
T_1.4 ;
    %pushi/vec4 1, 0, 1;
    %assign/vec4 v0000021832132940_0, 0;
    %pushi/vec4 0, 0, 2;
    %assign/vec4 v000002183211bdc0_0, 0;
    %jmp T_1.5;
T_1.5 ;
    %pop/vec4 1;
T_1.1 ;
    %jmp T_1;
    .thread T_1;
    .scope S_00000218321604a0;
T_2 ;
    %wait E_000002183215c5b0;
    %load/vec4 v00000218321328a0_0;
    %pushi/vec4 2577324981, 0, 62;
    %concati/vec4 4172453880, 0, 34;
    %concati/vec4 3, 0, 3;
    %cmp/e;
    %jmp/0xz  T_2.0, 4;
    %pushi/vec4 1, 0, 1;
    %assign/vec4 v0000021832175dc0_0, 0;
    %jmp T_2.1;
T_2.0 ;
    %pushi/vec4 0, 0, 1;
    %assign/vec4 v0000021832175dc0_0, 0;
T_2.1 ;
    %jmp T_2;
    .thread T_2;
    .scope S_00000218321329e0;
T_3 ;
    %wait E_000002183215c5f0;
    %load/vec4 v00000218321cce30_0;
    %ix/load 4, 0, 0;
    %ix/load 5, 0, 0;
    %flag_set/imm 4, 0;
    %assign/vec4/off/d v00000218321ccb10_0, 4, 5;
    %load/vec4 v00000218321ccb10_0;
    %parti/s 1, 0, 2;
    %ix/load 4, 1, 0;
    %ix/load 5, 0, 0;
    %flag_set/imm 4, 0;
    %assign/vec4/off/d v00000218321ccb10_0, 4, 5;
    %load/vec4 v00000218321ccb10_0;
    %parti/s 1, 1, 2;
    %inv;
    %ix/load 4, 2, 0;
    %ix/load 5, 0, 0;
    %flag_set/imm 4, 0;
    %assign/vec4/off/d v00000218321ccb10_0, 4, 5;
    %jmp T_3;
    .thread T_3;
    .scope S_00000218321329e0;
T_4 ;
    %wait E_000002183215c5f0;
    %load/vec4 v00000218321ccbb0_0;
    %flag_set/vec4 8;
    %jmp/0xz  T_4.0, 8;
    %pushi/vec4 0, 0, 2;
    %assign/vec4 v00000218321cc2f0_0, 0;
    %jmp T_4.1;
T_4.0 ;
    %load/vec4 v00000218321cc7f0_0;
    %ix/load 4, 0, 0;
    %ix/load 5, 0, 0;
    %flag_set/imm 4, 0;
    %assign/vec4/off/d v00000218321cc2f0_0, 4, 5;
    %load/vec4 v00000218321cc2f0_0;
    %parti/s 1, 0, 2;
    %ix/load 4, 1, 0;
    %ix/load 5, 0, 0;
    %flag_set/imm 4, 0;
    %assign/vec4/off/d v00000218321cc2f0_0, 4, 5;
T_4.1 ;
    %jmp T_4;
    .thread T_4;
    .scope S_00000218321329e0;
T_5 ;
    %wait E_000002183215c5f0;
    %load/vec4 v00000218321ccbb0_0;
    %flag_set/vec4 8;
    %jmp/0xz  T_5.0, 8;
    %pushi/vec4 0, 0, 4;
    %assign/vec4 v00000218321cc9d0_0, 0;
    %jmp T_5.1;
T_5.0 ;
    %load/vec4 v00000218321cc2f0_0;
    %parti/s 1, 1, 2;
    %inv;
    %flag_set/vec4 8;
    %jmp/0xz  T_5.2, 8;
    %load/vec4 v00000218321cc9d0_0;
    %addi 1, 0, 4;
    %assign/vec4 v00000218321cc9d0_0, 0;
    %jmp T_5.3;
T_5.2 ;
    %load/vec4 v00000218321cc9d0_0;
    %subi 1, 0, 4;
    %assign/vec4 v00000218321cc9d0_0, 0;
T_5.3 ;
T_5.1 ;
    %jmp T_5;
    .thread T_5;
    .scope S_0000021832175af0;
T_6 ;
    %delay 10000, 0;
    %load/vec4 v00000218321ccf70_0;
    %inv;
    %store/vec4 v00000218321ccf70_0, 0, 1;
    %jmp T_6;
    .thread T_6;
    .scope S_0000021832175af0;
T_7 ;
    %vpi_call 3 31 "$dumpfile", "simple_counter_tb.vcd" {0 0 0};
    %vpi_call 3 32 "$dumpvars", 32'sb00000000000000000000000000000000, S_0000021832175af0 {0 0 0};
    %pushi/vec4 0, 0, 1;
    %assign/vec4 v00000218321ccf70_0, 0;
    %pushi/vec4 0, 0, 1;
    %assign/vec4 v00000218321cc430_0, 0;
    %pushi/vec4 0, 0, 1;
    %assign/vec4 v00000218321cc110_0, 0;
    %delay 10000, 0;
    %pushi/vec4 1, 0, 1;
    %assign/vec4 v00000218321cc430_0, 0;
    %delay 200000, 0;
    %pushi/vec4 1, 0, 1;
    %assign/vec4 v00000218321cc110_0, 0;
    %delay 300000, 0;
    %vpi_call 3 47 "$finish" {0 0 0};
    %end;
    .thread T_7;
# The file index is used to find the file name in the following table.
:file_names 5;
    "N/A";
    "<interactive>";
    "D:/e/vicharak/forge_fpga/Projects/fibonaci_fpga/ffpga/src/fibonaci.v";
    "D:/e/vicharak/forge_fpga/Projects/fibonaci_fpga/ffpga/sim/simple_counter_tb.vt";
    "D:/e/vicharak/forge_fpga/Projects/fibonaci_fpga/ffpga/src/simple_counter.v";
