net 2: 10 6 0 0 0 0 #timing (1050 1050) ps
net 2: 8 4 1 3 0 0 #timing (1134 1134) ps
net 2: 8 4 1 0 1 1 #timing (1196 1196) ps
net 2: 8 4 0 3 0 1 #timing (1196 1196) ps
net 3: 10 9 0 0 0 0 #timing (1050 1050) ps
net 3: 8 11 1 3 0 0 #timing (1134 1134) ps
net 3: 8 11 3 4 0 1 #timing (1239 1239) ps
net 3: 8 7 1 1 0 1 #timing (1239 1239) ps
net 3: 8 5 0 0 0 1 #timing (1239 1239) ps
net 4: 9 4 0 0 0 0 #timing (1050 1050) ps
net 4: 11 6 1 3 0 0 #timing (1134 1134) ps
net 4: 11 6 1 3 0 1 #timing (1196 1196) ps
net 4: 9 4 0 0 0 1 #timing (1196 1196) ps
net 5: 8 9 0 0 0 0 #timing (1050 1050) ps
net 5: 8 9 1 0 0 0 #timing (1134 1134) ps
net 5: 8 9 3 4 0 1 #timing (1239 1239) ps
net 5: 8 5 1 0 1 1 #timing (1239 1239) ps
net 5: 8 5 0 1 0 1 #timing (1239 1239) ps
net 6: 6 0 0 0 0 0 #timing (1050 1050) ps
net 6: 4 2 1 3 0 0 #timing (1134 1134) ps
net 6: 4 6 3 1 0 0 #timing (1218 1218) ps
net 6: 8 6 4 5 0 0 #timing (1260 1260) ps
net 6: 8 6 1 0 1 1 #timing (1281 1281) ps
net 6: 8 6 0 2 0 1 #timing (1281 1281) ps
net 6: 8 6 3 4 0 1 #timing (1322 1322) ps
net 6: 8 10 1 1 0 1 #timing (1322 1322) ps
net 6: 8 8 0 0 0 1 #timing (1322 1322) ps
net 7: 11 31 0 0 0 0 #timing (1050 1050) ps
net 7: 9 29 1 3 0 0 #timing (1134 1134) ps
net 7: 9 29 5 0 1 0 #timing (1218 1218) ps
net 7: 9 12 13 1 1 0 #timing (1302 1302) ps
net 7: 9 12 5 1 0 1 #timing (1323 1323) ps
net 7: 9 4 1 1 0 1 #timing (1344 1344) ps
net 7: 9 6 0 1 0 1 #timing (1344 1344) ps
net 9: 8 8 0 0 0 0 #timing (1050 1050) ps
net 9: 10 10 1 3 0 0 #timing (1134 1134) ps
net 9: 10 6 3 4 0 0 #timing (1218 1218) ps
net 9: 10 6 1 2 0 1 #timing (1239 1239) ps
net 9: 8 6 0 0 0 1 #timing (1239 1239) ps
net 9: 10 6 3 1 0 1 #timing (1280 1280) ps
net 9: 10 2 1 3 0 1 #timing (1280 1280) ps
net 9: 8 0 0 2 0 1 #timing (1280 1280) ps
net 14: 9 4 0 1 0 0 #timing (1050 1050) ps
net 14: 9 4 1 0 0 0 #timing (1134 1134) ps
net 14: 9 4 3 1 0 1 #timing (1239 1239) ps
net 14: 9 0 1 0 1 1 #timing (1239 1239) ps
net 14: 9 0 0 0 0 1 #timing (1239 1239) ps
net 15: 8 5 0 0 0 0 #timing (1050 1050) ps
net 15: 10 7 1 3 0 0 #timing (1134 1134) ps
net 15: 10 3 3 1 0 0 #timing (1218 1218) ps
net 15: 10 3 1 1 0 1 #timing (1239 1239) ps
net 15: 10 1 0 1 0 1 #timing (1239 1239) ps
net 15: 10 7 1 2 0 1 #timing (1196 1196) ps
net 15: 8 7 0 0 0 1 #timing (1196 1196) ps
net 16: 9 5 0 0 0 0 #timing (1050 1050) ps
net 16: 11 7 1 3 0 0 #timing (1134 1134) ps
net 16: 11 7 5 0 0 0 #timing (1218 1218) ps
net 16: 27 7 13 2 0 0 #timing (1302 1302) ps
net 16: 27 7 5 0 0 1 #timing (1302 1302) ps
net 16: 27 7 4 5 0 1 #timing (1344 1344) ps
net 16: 23 7 3 1 0 1 #timing (1386 1386) ps
net 16: 23 3 1 1 0 1 #timing (1386 1386) ps
net 16: 23 1 0 3 0 1 #timing (1386 1386) ps
net 16: 11 7 1 0 1 1 #timing (1196 1196) ps
net 16: 11 7 0 3 0 1 #timing (1196 1196) ps
net 17: 8 4 0 1 0 0 #timing (1050 1050) ps
net 17: 10 6 1 3 0 0 #timing (1134 1134) ps
net 17: 10 6 5 0 0 0 #timing (1218 1218) ps
net 17: 26 6 13 2 0 0 #timing (1302 1302) ps
net 17: 26 6 5 0 0 1 #timing (1302 1302) ps
net 17: 26 6 4 5 0 1 #timing (1344 1344) ps
net 17: 22 6 3 1 0 1 #timing (1386 1386) ps
net 17: 22 2 1 1 0 1 #timing (1386 1386) ps
net 17: 22 0 0 2 0 1 #timing (1386 1386) ps
net 17: 10 6 1 0 1 1 #timing (1196 1196) ps
net 17: 10 6 0 1 0 1 #timing (1196 1196) ps
net 22: 8 7 0 0 0 0 #timing (1050 1050) ps
net 22: 10 5 1 3 0 0 #timing (1134 1134) ps
net 22: 10 5 1 3 0 1 #timing (1196 1196) ps
net 22: 8 7 0 1 0 1 #timing (1196 1196) ps
net 23: 9 9 0 2 0 0 #timing (1050 1050) ps
net 23: 11 11 1 3 0 0 #timing (1134 1134) ps
net 23: 11 7 3 4 0 0 #timing (1218 1218) ps
net 23: 11 7 1 2 0 1 #timing (1239 1239) ps
net 23: 9 7 0 2 0 1 #timing (1239 1239) ps
net 23: 11 7 3 1 0 1 #timing (1280 1280) ps
net 23: 11 3 1 1 0 1 #timing (1280 1280) ps
net 23: 11 1 0 3 0 1 #timing (1280 1280) ps
net 24: 9 8 0 0 0 0 #timing (1050 1050) ps
net 24: 11 10 1 3 0 0 #timing (1134 1134) ps
net 24: 15 10 4 2 0 0 #timing (1218 1218) ps
net 24: 15 10 5 0 1 0 #timing (1260 1260) ps
net 24: 31 10 13 2 0 0 #timing (1344 1344) ps
net 24: 31 10 5 3 0 1 #timing (1365 1365) ps
net 24: 23 2 1 1 0 1 #timing (1365 1365) ps
net 24: 23 0 0 0 0 1 #timing (1365 1365) ps
net 24: 11 10 3 4 0 1 #timing (1239 1239) ps
net 24: 11 6 1 0 1 1 #timing (1239 1239) ps
net 24: 11 6 0 3 0 1 #timing (1239 1239) ps
net 25: 8 9 0 2 0 0 #timing (1050 1050) ps
net 25: 10 11 1 3 0 0 #timing (1134 1134) ps
net 25: 14 11 4 2 0 0 #timing (1218 1218) ps
net 25: 14 11 5 0 1 0 #timing (1260 1260) ps
net 25: 30 11 13 2 0 0 #timing (1344 1344) ps
net 25: 30 11 5 3 0 1 #timing (1365 1365) ps
net 25: 22 3 1 1 0 1 #timing (1365 1365) ps
net 25: 22 1 0 1 0 1 #timing (1365 1365) ps
net 25: 10 11 3 4 0 1 #timing (1239 1239) ps
net 25: 10 7 1 0 1 1 #timing (1239 1239) ps
net 25: 10 7 0 1 0 1 #timing (1239 1239) ps
