net 2: 5 6 0 0 0 0 #timing (1050 1050) ps
net 2: 7 4 1 3 0 0 #timing (1134 1134) ps
net 2: 7 4 1 2 0 1 #timing (1196 1196) ps
net 2: 5 4 0 1 0 1 #timing (1196 1196) ps
net 3: 4 6 0 0 0 0 #timing (1050 1050) ps
net 3: 6 4 1 3 0 0 #timing (1134 1134) ps
net 3: 6 4 1 2 0 1 #timing (1196 1196) ps
net 3: 4 4 0 1 0 1 #timing (1196 1196) ps
net 4: 5 4 0 0 0 0 #timing (1050 1050) ps
net 4: 7 6 1 3 0 0 #timing (1134 1134) ps
net 4: 7 6 1 3 0 1 #timing (1196 1196) ps
net 4: 5 4 0 0 0 1 #timing (1196 1196) ps
net 5: 4 4 0 0 0 0 #timing (1050 1050) ps
net 5: 6 6 1 3 0 0 #timing (1134 1134) ps
net 5: 6 6 1 3 0 1 #timing (1196 1196) ps
net 5: 4 4 0 0 0 1 #timing (1196 1196) ps
net 6: 7 9 0 0 0 0 #timing (1050 1050) ps
net 6: 5 11 1 3 0 0 #timing (1134 1134) ps
net 6: 5 11 1 3 0 1 #timing (1196 1196) ps
net 6: 7 9 0 0 0 1 #timing (1196 1196) ps
net 7: 6 9 0 0 0 0 #timing (1050 1050) ps
net 7: 4 11 1 3 0 0 #timing (1134 1134) ps
net 7: 4 11 1 3 0 1 #timing (1196 1196) ps
net 7: 6 9 0 0 0 1 #timing (1196 1196) ps
net 8: 7 6 0 1 0 0 #timing (1050 1050) ps
net 8: 5 4 1 3 0 0 #timing (1134 1134) ps
net 8: 5 4 3 4 0 1 #timing (1239 1239) ps
net 8: 5 8 1 2 0 1 #timing (1239 1239) ps
net 8: 7 8 0 0 0 1 #timing (1239 1239) ps
net 9: 6 6 0 1 0 0 #timing (1050 1050) ps
net 9: 4 4 1 3 0 0 #timing (1134 1134) ps
net 9: 4 4 3 4 0 1 #timing (1239 1239) ps
net 9: 4 8 1 2 0 1 #timing (1239 1239) ps
net 9: 6 8 0 0 0 1 #timing (1239 1239) ps
net 10: 3 18 0 0 0 0 #timing (1050 1050) ps
net 10: 1 16 1 3 0 0 #timing (1134 1134) ps
net 10: 1 12 3 4 0 0 #timing (1218 1218) ps
net 10: 5 12 4 2 0 0 #timing (1260 1260) ps
net 10: 5 12 3 1 0 1 #timing (1322 1322) ps
net 10: 5 8 1 0 1 1 #timing (1322 1322) ps
net 10: 5 8 0 0 0 1 #timing (1322 1322) ps
net 10: 1 16 1 2 0 1 #timing (1196 1196) ps
net 10: 3 16 0 1 0 1 #timing (1196 1196) ps
net 11: 2 18 0 0 0 0 #timing (1050 1050) ps
net 11: 0 16 1 3 0 0 #timing (1134 1134) ps
net 11: 0 12 3 4 0 0 #timing (1218 1218) ps
net 11: 4 12 4 2 0 0 #timing (1260 1260) ps
net 11: 4 12 3 1 0 1 #timing (1322 1322) ps
net 11: 4 8 1 0 1 1 #timing (1322 1322) ps
net 11: 4 8 0 2 0 1 #timing (1322 1322) ps
net 11: 0 16 1 2 0 1 #timing (1196 1196) ps
net 11: 2 16 0 1 0 1 #timing (1196 1196) ps
net 12: 3 16 0 0 0 0 #timing (1050 1050) ps
net 12: 1 18 1 3 0 0 #timing (1134 1134) ps
net 12: 1 18 5 0 0 0 #timing (1218 1218) ps
net 12: 1 3 13 1 1 0 #timing (1302 1302) ps
net 12: 1 3 5 3 0 1 #timing (1323 1323) ps
net 12: 9 11 4 5 0 1 #timing (1365 1365) ps
net 12: 5 11 1 1 0 1 #timing (1386 1386) ps
net 12: 5 9 0 1 0 1 #timing (1386 1386) ps
net 12: 1 18 1 3 0 1 #timing (1196 1196) ps
net 12: 3 16 0 0 0 1 #timing (1196 1196) ps
net 13: 2 16 0 0 0 0 #timing (1050 1050) ps
net 13: 0 18 1 3 0 0 #timing (1134 1134) ps
net 13: 0 18 5 0 0 0 #timing (1218 1218) ps
net 13: 0 3 13 1 1 0 #timing (1302 1302) ps
net 13: 0 3 5 3 0 1 #timing (1323 1323) ps
net 13: 8 11 4 5 0 1 #timing (1365 1365) ps
net 13: 4 11 1 1 0 1 #timing (1386 1386) ps
net 13: 4 9 0 3 0 1 #timing (1386 1386) ps
net 13: 0 18 1 3 0 1 #timing (1196 1196) ps
net 13: 2 16 0 0 0 1 #timing (1196 1196) ps
net 14: 3 15 0 0 0 0 #timing (1050 1050) ps
net 14: 1 13 1 3 0 0 #timing (1134 1134) ps
net 14: 1 13 1 3 0 1 #timing (1196 1196) ps
net 14: 3 15 0 0 0 1 #timing (1196 1196) ps
net 14: 2 14 0 3 0 0 #timing (1050 1050) ps
net 14: 2 14 1 0 0 0 #timing (1134 1134) ps
net 14: 2 10 3 1 0 0 #timing (1218 1218) ps
net 14: 2 10 5 0 1 0 #timing (1260 1260) ps
net 14: 2 10 5 1 0 1 #timing (1322 1322) ps
net 14: 2 2 1 0 0 1 #timing (1343 1343) ps
net 14: 2 2 0 1 0 1 #timing (1343 1343) ps
net 15: 2 15 0 0 0 0 #timing (1050 1050) ps
net 15: 0 13 1 3 0 0 #timing (1134 1134) ps
net 15: 0 13 1 3 0 1 #timing (1196 1196) ps
net 15: 2 15 0 0 0 1 #timing (1196 1196) ps
net 15: 3 15 0 2 0 0 #timing (1050 1050) ps
net 15: 3 13 1 1 0 0 #timing (1134 1134) ps
net 15: 3 9 3 1 0 0 #timing (1218 1218) ps
net 15: 3 9 5 0 1 0 #timing (1260 1260) ps
net 15: 3 9 5 1 0 1 #timing (1322 1322) ps
net 15: 3 1 1 1 0 1 #timing (1343 1343) ps
net 15: 3 3 0 2 0 1 #timing (1343 1343) ps
net 16: 3 13 0 0 0 0 #timing (1050 1050) ps
net 16: 1 15 1 3 0 0 #timing (1134 1134) ps
net 16: 1 15 1 2 0 1 #timing (1196 1196) ps
net 16: 3 15 0 1 0 1 #timing (1196 1196) ps
net 16: 2 12 0 3 0 0 #timing (1050 1050) ps
net 16: 2 12 1 0 0 0 #timing (1134 1134) ps
net 16: 2 8 3 1 0 0 #timing (1218 1218) ps
net 16: 2 8 5 0 1 0 #timing (1260 1260) ps
net 16: 2 8 5 1 0 1 #timing (1322 1322) ps
net 16: 2 0 1 0 1 1 #timing (1343 1343) ps
net 16: 2 0 0 3 0 1 #timing (1343 1343) ps
net 17: 2 13 0 0 0 0 #timing (1050 1050) ps
net 17: 2 13 1 0 0 0 #timing (1134 1134) ps
net 17: 2 9 3 1 0 0 #timing (1218 1218) ps
net 17: 2 9 5 0 1 0 #timing (1260 1260) ps
net 17: 2 9 5 1 0 1 #timing (1322 1322) ps
net 17: 2 1 1 1 0 1 #timing (1343 1343) ps
net 17: 2 3 0 0 0 1 #timing (1343 1343) ps
net 17: 0 15 1 3 0 0 #timing (1134 1134) ps
net 17: 0 15 1 2 0 1 #timing (1196 1196) ps
net 17: 2 15 0 1 0 1 #timing (1196 1196) ps
net 18: 3 24 0 0 0 0 #timing (1050 1050) ps
net 18: 1 26 1 3 0 0 #timing (1134 1134) ps
net 18: 1 26 5 0 0 0 #timing (1218 1218) ps
net 18: 1 10 13 1 0 0 #timing (1302 1302) ps
net 18: 1 10 5 0 0 1 #timing (1302 1302) ps
net 18: 1 10 4 2 0 1 #timing (1344 1344) ps
net 18: 5 10 1 1 0 1 #timing (1365 1365) ps
net 18: 5 8 0 1 0 1 #timing (1365 1365) ps
net 18: 1 26 3 4 0 1 #timing (1239 1239) ps
net 18: 1 22 1 2 0 1 #timing (1239 1239) ps
net 18: 3 22 0 1 0 1 #timing (1239 1239) ps
net 19: 2 24 0 0 0 0 #timing (1050 1050) ps
net 19: 0 26 1 3 0 0 #timing (1134 1134) ps
net 19: 0 26 5 0 0 0 #timing (1218 1218) ps
net 19: 0 10 13 1 0 0 #timing (1302 1302) ps
net 19: 0 10 5 0 0 1 #timing (1302 1302) ps
net 19: 0 10 4 2 0 1 #timing (1344 1344) ps
net 19: 4 10 1 1 0 1 #timing (1365 1365) ps
net 19: 4 8 0 3 0 1 #timing (1365 1365) ps
net 19: 0 26 3 4 0 1 #timing (1239 1239) ps
net 19: 0 22 1 2 0 1 #timing (1239 1239) ps
net 19: 2 22 0 1 0 1 #timing (1239 1239) ps
net 20: 3 22 0 0 0 0 #timing (1050 1050) ps
net 20: 1 20 1 3 0 0 #timing (1134 1134) ps
net 20: 1 20 5 0 0 0 #timing (1218 1218) ps
net 20: 1 5 13 1 1 0 #timing (1302 1302) ps
net 20: 1 5 5 0 0 1 #timing (1302 1302) ps
net 20: 1 5 4 2 0 1 #timing (1344 1344) ps
net 20: 5 5 3 4 0 1 #timing (1386 1386) ps
net 20: 5 9 1 0 1 1 #timing (1386 1386) ps
net 20: 5 9 0 0 0 1 #timing (1386 1386) ps
net 20: 1 20 1 3 0 1 #timing (1196 1196) ps
net 20: 3 22 0 0 0 1 #timing (1196 1196) ps
net 21: 2 22 0 0 0 0 #timing (1050 1050) ps
net 21: 0 20 1 3 0 0 #timing (1134 1134) ps
net 21: 0 20 5 0 0 0 #timing (1218 1218) ps
net 21: 0 5 13 1 1 0 #timing (1302 1302) ps
net 21: 0 5 5 0 0 1 #timing (1302 1302) ps
net 21: 0 5 4 2 0 1 #timing (1344 1344) ps
net 21: 4 5 3 4 0 1 #timing (1386 1386) ps
net 21: 4 9 1 0 1 1 #timing (1386 1386) ps
net 21: 4 9 0 2 0 1 #timing (1386 1386) ps
net 21: 0 20 1 3 0 1 #timing (1196 1196) ps
net 21: 2 22 0 0 0 1 #timing (1196 1196) ps
net 22: 3 21 0 0 0 0 #timing (1050 1050) ps
net 22: 1 23 1 3 0 0 #timing (1134 1134) ps
net 22: 1 23 1 3 0 1 #timing (1196 1196) ps
net 22: 3 21 0 0 0 1 #timing (1196 1196) ps
net 22: 2 20 0 3 0 0 #timing (1050 1050) ps
net 22: 2 20 1 0 0 0 #timing (1134 1134) ps
net 22: 2 20 5 0 1 0 #timing (1218 1218) ps
net 22: 2 4 13 1 0 0 #timing (1302 1302) ps
net 22: 2 4 5 0 0 1 #timing (1302 1302) ps
net 22: 2 4 4 2 0 1 #timing (1344 1344) ps
net 22: 6 4 3 4 0 1 #timing (1386 1386) ps
net 22: 6 8 1 2 0 1 #timing (1386 1386) ps
net 22: 4 8 0 0 0 1 #timing (1386 1386) ps
net 23: 2 21 0 0 0 0 #timing (1050 1050) ps
net 23: 0 23 1 3 0 0 #timing (1134 1134) ps
net 23: 0 23 1 3 0 1 #timing (1196 1196) ps
net 23: 2 21 0 0 0 1 #timing (1196 1196) ps
net 23: 3 21 0 2 0 0 #timing (1050 1050) ps
net 23: 3 23 1 1 0 0 #timing (1134 1134) ps
net 23: 3 23 5 0 1 0 #timing (1218 1218) ps
net 23: 3 7 13 1 0 0 #timing (1302 1302) ps
net 23: 3 7 5 0 0 1 #timing (1302 1302) ps
net 23: 3 7 4 2 0 1 #timing (1344 1344) ps
net 23: 7 7 3 4 0 1 #timing (1386 1386) ps
net 23: 7 11 1 3 0 1 #timing (1386 1386) ps
net 23: 5 9 0 3 0 1 #timing (1386 1386) ps
net 24: 3 19 0 0 0 0 #timing (1050 1050) ps
net 24: 1 17 1 3 0 0 #timing (1134 1134) ps
net 24: 1 17 5 0 0 0 #timing (1218 1218) ps
net 24: 1 0 13 1 1 0 #timing (1302 1302) ps
net 24: 1 0 5 3 0 1 #timing (1323 1323) ps
net 24: 9 8 4 5 0 1 #timing (1365 1365) ps
net 24: 5 8 1 0 0 1 #timing (1386 1386) ps
net 24: 5 8 0 2 0 1 #timing (1386 1386) ps
net 24: 1 17 3 1 0 1 #timing (1239 1239) ps
net 24: 1 21 1 2 0 1 #timing (1239 1239) ps
net 24: 3 21 0 1 0 1 #timing (1239 1239) ps
net 25: 2 19 0 0 0 0 #timing (1050 1050) ps
net 25: 0 17 1 3 0 0 #timing (1134 1134) ps
net 25: 0 13 3 4 0 0 #timing (1218 1218) ps
net 25: 4 13 4 2 0 0 #timing (1260 1260) ps
net 25: 4 13 3 1 0 1 #timing (1322 1322) ps
net 25: 4 9 1 0 0 1 #timing (1322 1322) ps
net 25: 4 9 0 1 0 1 #timing (1322 1322) ps
net 25: 0 17 3 1 0 1 #timing (1239 1239) ps
net 25: 0 21 1 2 0 1 #timing (1239 1239) ps
net 25: 2 21 0 1 0 1 #timing (1239 1239) ps
net 26: 3 6 0 0 0 0 #timing (1050 1050) ps
net 26: 1 4 1 3 0 0 #timing (1134 1134) ps
net 26: 1 0 3 1 0 0 #timing (1218 1218) ps
net 26: 1 0 1 3 0 1 #timing (1239 1239) ps
net 26: 3 2 0 1 0 1 #timing (1239 1239) ps
net 26: 1 4 1 2 0 1 #timing (1196 1196) ps
net 26: 3 4 0 1 0 1 #timing (1196 1196) ps
net 27: 2 6 0 0 0 0 #timing (1050 1050) ps
net 27: 0 4 1 3 0 0 #timing (1134 1134) ps
net 27: 0 0 3 1 0 0 #timing (1218 1218) ps
net 27: 0 0 1 3 0 1 #timing (1239 1239) ps
net 27: 2 2 0 3 0 1 #timing (1239 1239) ps
net 27: 0 4 1 2 0 1 #timing (1196 1196) ps
net 27: 2 4 0 1 0 1 #timing (1196 1196) ps
net 28: 3 4 0 0 0 0 #timing (1050 1050) ps
net 28: 1 6 1 3 0 0 #timing (1134 1134) ps
net 28: 1 6 1 3 0 1 #timing (1196 1196) ps
net 28: 3 4 0 0 0 1 #timing (1196 1196) ps
net 28: 3 5 0 1 0 0 #timing (1050 1050) ps
net 28: 1 5 1 2 0 0 #timing (1134 1134) ps
net 28: 1 5 3 1 0 1 #timing (1239 1239) ps
net 28: 1 1 1 2 0 1 #timing (1239 1239) ps
net 28: 3 1 0 0 0 1 #timing (1239 1239) ps
net 29: 2 4 0 0 0 0 #timing (1050 1050) ps
net 29: 0 6 1 3 0 0 #timing (1134 1134) ps
net 29: 0 6 1 3 0 1 #timing (1196 1196) ps
net 29: 2 4 0 0 0 1 #timing (1196 1196) ps
net 29: 2 5 0 1 0 0 #timing (1050 1050) ps
net 29: 2 7 1 1 0 0 #timing (1134 1134) ps
net 29: 2 3 3 1 0 0 #timing (1218 1218) ps
net 29: 2 3 1 0 0 1 #timing (1239 1239) ps
net 29: 2 3 0 2 0 1 #timing (1239 1239) ps
net 30: 3 3 0 0 0 0 #timing (1050 1050) ps
net 30: 3 3 1 0 0 0 #timing (1134 1134) ps
net 30: 3 3 1 0 0 1 #timing (1196 1196) ps
net 30: 3 3 0 0 0 1 #timing (1196 1196) ps
net 30: 3 3 0 3 0 1 #timing (1196 1196) ps
net 31: 2 3 0 0 0 0 #timing (1050 1050) ps
net 31: 2 3 1 0 0 0 #timing (1134 1134) ps
net 31: 2 3 1 0 1 1 #timing (1196 1196) ps
net 31: 2 3 0 1 0 1 #timing (1196 1196) ps
net 31: 3 2 0 3 0 0 #timing (1050 1050) ps
net 31: 1 2 1 2 0 0 #timing (1134 1134) ps
net 31: 1 2 1 2 0 1 #timing (1196 1196) ps
net 31: 3 2 0 3 0 1 #timing (1196 1196) ps
net 32: 2 1 0 2 0 0 #timing (1050 1050) ps
net 32: 0 3 1 3 0 0 #timing (1134 1134) ps
net 32: 0 3 1 3 0 1 #timing (1196 1196) ps
net 32: 2 1 0 2 0 1 #timing (1196 1196) ps
net 33: 2 0 0 1 0 0 #timing (1050 1050) ps
net 33: 2 0 1 0 0 0 #timing (1134 1134) ps
net 33: 2 0 1 1 0 1 #timing (1196 1196) ps
net 33: 2 2 0 0 0 1 #timing (1196 1196) ps
net 34: 3 12 0 0 0 0 #timing (1050 1050) ps
net 34: 1 14 1 3 0 0 #timing (1134 1134) ps
net 34: 1 18 3 4 0 0 #timing (1218 1218) ps
net 34: 5 18 4 2 0 0 #timing (1260 1260) ps
net 34: 5 18 5 0 1 0 #timing (1302 1302) ps
net 34: 5 3 13 1 1 0 #timing (1386 1386) ps
net 34: 5 3 5 0 1 1 #timing (1386 1386) ps
net 34: 5 3 4 2 0 1 #timing (1428 1428) ps
net 34: 1 3 1 2 0 1 #timing (1449 1449) ps
net 34: 3 3 0 1 0 1 #timing (1449 1449) ps
net 34: 1 14 3 1 0 1 #timing (1239 1239) ps
net 34: 1 10 1 2 0 1 #timing (1239 1239) ps
net 34: 3 10 0 1 0 1 #timing (1239 1239) ps
net 35: 2 12 0 0 0 0 #timing (1050 1050) ps
net 35: 0 14 1 3 0 0 #timing (1134 1134) ps
net 35: 0 18 3 4 0 0 #timing (1218 1218) ps
net 35: 4 18 4 2 0 0 #timing (1260 1260) ps
net 35: 4 18 5 0 1 0 #timing (1302 1302) ps
net 35: 4 3 13 1 1 0 #timing (1386 1386) ps
net 35: 4 3 5 0 1 1 #timing (1386 1386) ps
net 35: 4 3 4 2 0 1 #timing (1428 1428) ps
net 35: 0 3 1 2 0 1 #timing (1449 1449) ps
net 35: 2 3 0 3 0 1 #timing (1449 1449) ps
net 35: 0 14 3 1 0 1 #timing (1239 1239) ps
net 35: 0 10 1 2 0 1 #timing (1239 1239) ps
net 35: 2 10 0 1 0 1 #timing (1239 1239) ps
net 36: 3 10 0 0 0 0 #timing (1050 1050) ps
net 36: 1 8 1 3 0 0 #timing (1134 1134) ps
net 36: 1 8 1 3 0 1 #timing (1196 1196) ps
net 36: 3 10 0 0 0 1 #timing (1196 1196) ps
net 36: 2 10 0 2 0 0 #timing (1050 1050) ps
net 36: 2 10 1 0 0 0 #timing (1134 1134) ps
net 36: 2 6 3 4 0 0 #timing (1218 1218) ps
net 36: 2 6 3 1 0 1 #timing (1280 1280) ps
net 36: 2 2 1 0 1 1 #timing (1280 1280) ps
net 36: 2 2 0 2 0 1 #timing (1280 1280) ps
net 37: 2 10 0 0 0 0 #timing (1050 1050) ps
net 37: 0 8 1 3 0 0 #timing (1134 1134) ps
net 37: 0 8 1 3 0 1 #timing (1196 1196) ps
net 37: 2 10 0 0 0 1 #timing (1196 1196) ps
net 37: 3 10 0 2 0 0 #timing (1050 1050) ps
net 37: 3 8 1 1 0 0 #timing (1134 1134) ps
net 37: 3 4 3 4 0 0 #timing (1218 1218) ps
net 37: 3 4 3 1 0 1 #timing (1280 1280) ps
net 37: 3 0 1 1 0 1 #timing (1280 1280) ps
net 37: 3 2 0 0 0 1 #timing (1280 1280) ps
net 38: 3 9 0 0 0 0 #timing (1050 1050) ps
net 38: 1 11 1 3 0 0 #timing (1134 1134) ps
net 38: 1 7 3 4 0 0 #timing (1218 1218) ps
net 38: 1 7 1 3 0 1 #timing (1239 1239) ps
net 38: 3 5 0 2 0 1 #timing (1239 1239) ps
net 38: 1 11 1 3 0 1 #timing (1196 1196) ps
net 38: 3 9 0 0 0 1 #timing (1196 1196) ps
net 39: 2 9 0 0 0 0 #timing (1050 1050) ps
net 39: 0 11 1 3 0 0 #timing (1134 1134) ps
net 39: 0 7 3 4 0 0 #timing (1218 1218) ps
net 39: 0 7 1 3 0 1 #timing (1239 1239) ps
net 39: 2 5 0 0 0 1 #timing (1239 1239) ps
net 39: 0 11 1 3 0 1 #timing (1196 1196) ps
net 39: 2 9 0 0 0 1 #timing (1196 1196) ps
net 40: 3 7 0 0 0 0 #timing (1050 1050) ps
net 40: 1 5 1 3 0 0 #timing (1134 1134) ps
net 40: 1 9 3 4 0 0 #timing (1218 1218) ps
net 40: 1 9 1 2 0 1 #timing (1239 1239) ps
net 40: 3 9 0 1 0 1 #timing (1239 1239) ps
net 40: 1 5 1 3 0 1 #timing (1196 1196) ps
net 40: 3 7 0 1 0 1 #timing (1196 1196) ps
net 41: 3 6 0 3 0 0 #timing (1050 1050) ps
net 41: 3 6 1 0 0 0 #timing (1134 1134) ps
net 41: 3 10 3 4 0 0 #timing (1218 1218) ps
net 41: 3 10 1 1 0 1 #timing (1239 1239) ps
net 41: 3 8 0 2 0 1 #timing (1239 1239) ps
net 41: 3 6 1 1 0 1 #timing (1196 1196) ps
net 41: 3 4 0 3 0 1 #timing (1196 1196) ps
net 56: 4 9 0 0 0 0 #timing (1050 1050) ps
net 56: 6 11 1 3 0 0 #timing (1134 1134) ps
net 56: 6 7 3 4 0 0 #timing (1218 1218) ps
net 56: 2 7 4 2 0 0 #timing (1260 1260) ps
net 56: 2 7 5 0 1 0 #timing (1302 1302) ps
net 56: 2 22 13 1 1 0 #timing (1386 1386) ps
net 56: 18 22 13 2 0 0 #timing (1428 1428) ps
net 56: 18 22 5 3 0 1 #timing (1449 1449) ps
net 56: 26 30 1 2 0 1 #timing (1449 1449) ps
net 56: 24 30 0 1 0 1 #timing (1449 1449) ps
net 56: 24 30 0 3 0 1 #timing (1449 1449) ps
net 56: 26 30 4 5 0 1 #timing (1491 1491) ps
net 56: 22 30 1 0 0 1 #timing (1512 1512) ps
net 56: 22 30 0 1 0 1 #timing (1512 1512) ps
net 56: 22 30 0 3 0 1 #timing (1512 1512) ps
net 56: 2 22 5 3 0 1 #timing (1407 1407) ps
net 56: 10 30 1 2 0 1 #timing (1407 1407) ps
net 56: 8 30 0 1 0 1 #timing (1407 1407) ps
net 56: 8 30 0 3 0 1 #timing (1407 1407) ps
net 56: 10 30 4 5 0 1 #timing (1449 1449) ps
net 56: 6 30 1 0 0 1 #timing (1470 1470) ps
net 56: 6 30 0 1 0 1 #timing (1470 1470) ps
net 56: 6 30 1 2 0 1 #timing (1470 1470) ps
net 56: 4 30 0 3 0 1 #timing (1470 1470) ps
net 56: 6 7 1 0 1 1 #timing (1239 1239) ps
net 56: 6 7 0 0 0 1 #timing (1239 1239) ps
net 56: 6 7 1 2 0 1 #timing (1239 1239) ps
net 56: 4 7 0 1 0 1 #timing (1239 1239) ps
net 56: 5 8 0 3 0 0 #timing (1050 1050) ps
net 56: 5 10 1 1 0 0 #timing (1134 1134) ps
net 56: 5 6 3 4 0 0 #timing (1218 1218) ps
net 56: 5 6 4 2 0 1 #timing (1280 1280) ps
net 56: 1 6 3 1 0 1 #timing (1322 1322) ps
net 56: 1 2 1 3 0 1 #timing (1322 1322) ps
net 56: 3 0 0 3 0 1 #timing (1322 1322) ps
net 77: 4 6 0 1 0 0 #timing (1050 1050) ps
net 77: 4 6 1 0 0 0 #timing (1134 1134) ps
net 77: 4 6 1 0 1 1 #timing (1196 1196) ps
net 77: 4 6 0 3 0 1 #timing (1196 1196) ps
net 78: 6 7 0 2 0 0 #timing (1050 1050) ps
net 78: 4 5 1 3 0 0 #timing (1134 1134) ps
net 78: 4 5 5 0 1 0 #timing (1218 1218) ps
net 78: 21 5 13 2 1 0 #timing (1302 1302) ps
net 78: 21 20 13 1 1 0 #timing (1344 1344) ps
net 78: 21 20 5 1 0 1 #timing (1365 1365) ps
net 78: 21 28 1 3 0 1 #timing (1386 1386) ps
net 78: 23 30 0 3 0 1 #timing (1386 1386) ps
net 79: 6 7 0 0 0 0 #timing (1050 1050) ps
net 79: 6 7 1 0 0 0 #timing (1134 1134) ps
net 79: 6 7 5 0 1 0 #timing (1218 1218) ps
net 79: 23 7 13 2 1 0 #timing (1302 1302) ps
net 79: 23 22 13 1 1 0 #timing (1344 1344) ps
net 79: 23 22 5 1 0 1 #timing (1365 1365) ps
net 79: 23 30 1 0 0 1 #timing (1386 1386) ps
net 79: 23 30 0 1 0 1 #timing (1386 1386) ps
net 80: 6 9 0 2 0 0 #timing (1050 1050) ps
net 80: 4 9 1 2 0 0 #timing (1134 1134) ps
net 80: 4 9 5 0 1 0 #timing (1218 1218) ps
net 80: 21 9 13 2 1 0 #timing (1302 1302) ps
net 80: 21 24 13 1 1 0 #timing (1344 1344) ps
net 80: 21 24 5 0 0 1 #timing (1344 1344) ps
net 80: 21 24 4 5 0 1 #timing (1386 1386) ps
net 80: 25 24 3 1 0 1 #timing (1428 1428) ps
net 80: 25 28 1 1 0 1 #timing (1428 1428) ps
net 80: 25 30 0 3 0 1 #timing (1428 1428) ps
net 81: 7 8 0 3 0 0 #timing (1050 1050) ps
net 81: 5 8 1 2 0 0 #timing (1134 1134) ps
net 81: 5 8 5 0 1 0 #timing (1218 1218) ps
net 81: 20 8 13 2 1 0 #timing (1302 1302) ps
net 81: 20 25 13 1 1 0 #timing (1344 1344) ps
net 81: 20 25 5 0 0 1 #timing (1344 1344) ps
net 81: 20 25 4 5 0 1 #timing (1386 1386) ps
net 81: 24 25 3 1 0 1 #timing (1428 1428) ps
net 81: 24 29 1 1 0 1 #timing (1428 1428) ps
net 81: 24 31 0 2 0 1 #timing (1428 1428) ps
net 82: 4 5 0 3 0 0 #timing (1050 1050) ps
net 82: 6 7 1 3 0 0 #timing (1134 1134) ps
net 82: 6 7 5 0 0 0 #timing (1218 1218) ps
net 82: 6 23 13 1 0 0 #timing (1302 1302) ps
net 82: 6 23 5 1 0 1 #timing (1323 1323) ps
net 82: 6 31 1 2 0 1 #timing (1344 1344) ps
net 82: 4 31 0 2 0 1 #timing (1344 1344) ps
net 83: 5 5 0 3 0 0 #timing (1050 1050) ps
net 83: 7 5 1 2 0 0 #timing (1134 1134) ps
net 83: 7 5 5 0 1 0 #timing (1218 1218) ps
net 83: 7 20 13 1 1 0 #timing (1302 1302) ps
net 83: 7 20 5 1 0 1 #timing (1323 1323) ps
net 83: 7 28 1 1 0 1 #timing (1344 1344) ps
net 83: 7 30 0 3 0 1 #timing (1344 1344) ps
net 84: 5 7 0 1 0 0 #timing (1050 1050) ps
net 84: 7 5 1 3 0 0 #timing (1134 1134) ps
net 84: 3 5 4 2 0 0 #timing (1218 1218) ps
net 84: 3 5 5 0 1 0 #timing (1260 1260) ps
net 84: 3 20 13 1 1 0 #timing (1344 1344) ps
net 84: 3 20 5 3 0 1 #timing (1365 1365) ps
net 84: 11 28 1 3 0 1 #timing (1365 1365) ps
net 84: 9 30 0 3 0 1 #timing (1365 1365) ps
net 85: 4 7 0 1 0 0 #timing (1050 1050) ps
net 85: 4 7 1 0 0 0 #timing (1134 1134) ps
net 85: 0 7 4 2 0 0 #timing (1218 1218) ps
net 85: 0 7 5 0 1 0 #timing (1260 1260) ps
net 85: 0 23 13 1 0 0 #timing (1344 1344) ps
net 85: 0 23 5 3 0 1 #timing (1365 1365) ps
net 85: 8 31 1 0 0 1 #timing (1365 1365) ps
net 85: 8 31 0 2 0 1 #timing (1365 1365) ps
net 86: 5 7 0 0 0 0 #timing (1050 1050) ps
net 86: 5 7 1 0 0 0 #timing (1134 1134) ps
net 86: 5 7 1 0 1 1 #timing (1196 1196) ps
net 86: 5 7 0 2 0 1 #timing (1196 1196) ps
net 87: 5 9 0 0 0 0 #timing (1050 1050) ps
net 87: 7 11 1 3 0 0 #timing (1134 1134) ps
net 87: 7 11 3 4 0 1 #timing (1239 1239) ps
net 87: 7 7 1 2 0 1 #timing (1239 1239) ps
net 87: 5 7 0 0 0 1 #timing (1239 1239) ps
net 88: 3 2 0 0 0 0 #timing (1050 1050) ps
net 88: 3 2 1 0 0 0 #timing (1134 1134) ps
net 88: 3 6 3 1 0 0 #timing (1218 1218) ps
net 88: 7 6 4 2 0 0 #timing (1260 1260) ps
net 88: 7 6 3 4 0 1 #timing (1322 1322) ps
net 88: 7 10 1 3 0 1 #timing (1322 1322) ps
net 88: 5 8 0 3 0 1 #timing (1322 1322) ps
net 89: 2 5 0 0 0 0 #timing (1050 1050) ps
net 89: 2 5 1 0 0 0 #timing (1134 1134) ps
net 89: 2 9 3 4 0 0 #timing (1218 1218) ps
net 89: 6 9 4 2 0 0 #timing (1260 1260) ps
net 89: 6 9 1 2 0 1 #timing (1281 1281) ps
net 89: 4 9 0 0 0 1 #timing (1281 1281) ps
net 90: 3 3 0 1 0 0 #timing (1050 1050) ps
net 90: 3 1 1 1 0 0 #timing (1134 1134) ps
net 90: 3 5 3 1 0 0 #timing (1218 1218) ps
net 90: 7 5 4 2 0 0 #timing (1260 1260) ps
net 90: 7 5 3 4 0 1 #timing (1322 1322) ps
net 90: 7 9 1 2 0 1 #timing (1322 1322) ps
net 90: 5 9 0 2 0 1 #timing (1322 1322) ps
net 91: 2 2 0 0 0 0 #timing (1050 1050) ps
net 91: 2 2 1 0 0 0 #timing (1134 1134) ps
net 91: 2 6 3 1 0 0 #timing (1218 1218) ps
net 91: 6 6 4 2 0 0 #timing (1260 1260) ps
net 91: 6 6 3 4 0 1 #timing (1322 1322) ps
net 91: 6 10 1 3 0 1 #timing (1322 1322) ps
net 91: 4 8 0 1 0 1 #timing (1322 1322) ps
net 92: 2 3 0 1 0 0 #timing (1050 1050) ps
net 92: 0 1 1 3 0 0 #timing (1134 1134) ps
net 92: 0 1 4 2 0 1 #timing (1239 1239) ps
net 92: 4 1 3 1 0 1 #timing (1281 1281) ps
net 92: 4 5 1 1 0 1 #timing (1281 1281) ps
net 92: 4 7 0 2 0 1 #timing (1281 1281) ps
