

####   Resource Utilization Report   ####

    Top level module name: pmod_led

    Resource usage:
      11 Logic 6-LUT CLBs
           44 CLB LUTs utilized (up to 4 per CLB)
           40 CLB FFs utilized (up to 4 pairs per CLB)
       9 I/O CLBs
           17 Output pins
            8 Output FFs utilized
       1 Clock
           Clock 0: net    42, clk, Fanout: 18 CLBs
    need 0 DSP and 1 Logic-Memory EFLX 1K Tiles.

 
####   Resource Utilization Complete   ####

TILE-REQ:		0		0		0		1

### Total EFLX resources from current floorplan: ###
                       184 IOBs
                       140 Logic 6-LUT CLBs
                              40 CLBs support RAM/SR

Usage of Logic CLBs is 7.9%.
    Logic-Memory CLB for RAM/Shift-Register is 0.0%.
Usage of LUTs is 7.9%.
    dual-LUTs is 0.9%.
Usage of FF is 7.1%.
    dual-FF is 0.0%.
Usage of IO CLB is 4.9%.
