#! /c/Source/iverilog-install/bin/vvp
:ivl_version "12.0 (devel)" "(s20150603-1539-g2693dd32b)";
:ivl_delay_selection "TYPICAL";
:vpi_time_precision - 12;
:vpi_module "C:\iverilog\lib\ivl\system.vpi";
:vpi_module "C:\iverilog\lib\ivl\vhdl_sys.vpi";
:vpi_module "C:\iverilog\lib\ivl\vhdl_textio.vpi";
:vpi_module "C:\iverilog\lib\ivl\v2005_math.vpi";
:vpi_module "C:\iverilog\lib\ivl\va_math.vpi";
S_00000280dd6c8dc0 .scope module, "uart_transceiver_tb" "uart_transceiver_tb" 2 24;
 .timescale -12 -12;
P_00000280dd6c77d0 .param/l "BAUD_RATE" 0 2 28, +C4<00000000000000011100001000000000>;
P_00000280dd6c7808 .param/l "BIT_PERIOD" 1 2 45, +C4<00000000000000000010000110011000>;
P_00000280dd6c7840 .param/l "CLK_PERIOD" 1 2 44, +C4<00000000000000000000000000010100>;
P_00000280dd6c7878 .param/l "DATA_FRAME" 0 2 27, +C4<00000000000000000000000000001000>;
P_00000280dd6c78b0 .param/l "IN_CLK_HZ" 0 2 26, +C4<00000010111110101111000010000000>;
P_00000280dd6c78e8 .param/l "LSB" 0 2 31, C4<0>;
P_00000280dd6c7920 .param/l "OVERSAMPLING_MODE" 0 2 29, +C4<00000000000000000000000000010000>;
P_00000280dd6c7958 .param/l "STOP_BIT" 0 2 30, +C4<00000000000000000000000000000001>;
v00000280dd71ba80_0 .var "r_clk", 0 0;
v00000280dd71c8e0_0 .var "r_rst", 0 0;
v00000280dd71c5c0_0 .var "r_rx", 0 0;
v00000280dd71bb20_0 .var "r_tx_data", 7 0;
v00000280dd71c660_0 .var "r_tx_start", 0 0;
v00000280dd71ce80_0 .net "w_rx_data", 7 0, v00000280dd6c7350_0;  1 drivers
v00000280dd71c700_0 .net "w_rx_done", 0 0, v00000280dd6c6a90_0;  1 drivers
v00000280dd71b1c0_0 .net "w_tx", 0 0, v00000280dd71cc00_0;  1 drivers
v00000280dd71b4e0_0 .net "w_tx_done", 0 0, v00000280dd71b940_0;  1 drivers
S_00000280dd673fd0 .scope task, "UART_WRITE_BYTE" "UART_WRITE_BYTE" 2 70, 2 70 0, S_00000280dd6c8dc0;
 .timescale -12 -12;
v00000280dd6c6f90_0 .var/i "i", 31 0;
v00000280dd6c7030_0 .var "i_data", 7 0;
TD_uart_transceiver_tb.UART_WRITE_BYTE ;
    %pushi/vec4 0, 0, 1;
    %assign/vec4 v00000280dd71c5c0_0, 0;
    %delay 8600, 0;
    %delay 1000, 0;
    %pushi/vec4 0, 0, 32;
    %store/vec4 v00000280dd6c6f90_0, 0, 32;
T_0.0 ;
    %load/vec4 v00000280dd6c6f90_0;
    %cmpi/s 8, 0, 32;
    %jmp/0xz T_0.1, 5;
    %load/vec4 v00000280dd6c7030_0;
    %load/vec4 v00000280dd6c6f90_0;
    %part/s 1;
    %assign/vec4 v00000280dd71c5c0_0, 0;
    %delay 8600, 0;
    %load/vec4 v00000280dd6c6f90_0;
    %addi 1, 0, 32;
    %store/vec4 v00000280dd6c6f90_0, 0, 32;
    %jmp T_0.0;
T_0.1 ;
    %pushi/vec4 1, 0, 1;
    %assign/vec4 v00000280dd71c5c0_0, 0;
    %delay 8600, 0;
    %end;
S_00000280dd674160 .scope module, "dut" "uart_transceiver" 2 55, 3 34 0, S_00000280dd6c8dc0;
 .timescale -9 -12;
    .port_info 0 /INPUT 1 "i_clk";
    .port_info 1 /INPUT 1 "i_rst";
    .port_info 2 /INPUT 8 "i_tx_data";
    .port_info 3 /INPUT 1 "i_tx_start";
    .port_info 4 /OUTPUT 1 "o_tx";
    .port_info 5 /OUTPUT 1 "o_tx_done";
    .port_info 6 /INPUT 1 "i_rx";
    .port_info 7 /OUTPUT 8 "o_rx_data";
    .port_info 8 /OUTPUT 1 "o_rx_done";
P_00000280dd674cf0 .param/l "BAUD_RATE" 0 3 37, +C4<00000000000000011100001000000000>;
P_00000280dd674d28 .param/l "DATA_FRAME" 0 3 36, +C4<00000000000000000000000000001000>;
P_00000280dd674d60 .param/l "IN_CLK_HZ" 0 3 35, +C4<00000010111110101111000010000000>;
P_00000280dd674d98 .param/l "LSB" 0 3 40, C4<0>;
P_00000280dd674dd0 .param/l "OVERSAMPLING_MODE" 0 3 38, +C4<00000000000000000000000000010000>;
P_00000280dd674e08 .param/l "STOP_BIT" 0 3 39, +C4<00000000000000000000000000000001>;
v00000280dd71c340_0 .net "i_clk", 0 0, v00000280dd71ba80_0;  1 drivers
v00000280dd71b9e0_0 .net "i_rst", 0 0, v00000280dd71c8e0_0;  1 drivers
v00000280dd71b760_0 .net "i_rx", 0 0, v00000280dd71c5c0_0;  1 drivers
v00000280dd71c160_0 .net "i_tx_data", 7 0, v00000280dd71bb20_0;  1 drivers
v00000280dd71c3e0_0 .net "i_tx_start", 0 0, v00000280dd71c660_0;  1 drivers
v00000280dd71c840_0 .net "o_rx_data", 7 0, v00000280dd6c7350_0;  alias, 1 drivers
v00000280dd71ca20_0 .net "o_rx_done", 0 0, v00000280dd6c6a90_0;  alias, 1 drivers
v00000280dd71cd40_0 .net "o_tx", 0 0, v00000280dd71cc00_0;  alias, 1 drivers
v00000280dd71b260_0 .net "o_tx_done", 0 0, v00000280dd71b940_0;  alias, 1 drivers
v00000280dd71c520_0 .net "w_tick", 0 0, v00000280dd6c7170_0;  1 drivers
S_00000280dd674e50 .scope module, "baud_rate_gen_trx_wrapper" "uart_transceiver_baud_rate_generator_trx" 3 95, 3 475 0, S_00000280dd674160;
 .timescale -9 -12;
    .port_info 0 /INPUT 1 "i_clk";
    .port_info 1 /INPUT 1 "i_rst";
    .port_info 2 /OUTPUT 1 "o_tick";
P_00000280dd66f720 .param/l "BAUD_RATE" 0 3 477, +C4<00000000000000011100001000000000>;
P_00000280dd66f758 .param/l "DIV_CNT_VAL" 1 3 486, +C4<00000000000000000000000000000000000000000000000000000000000011010>;
P_00000280dd66f790 .param/l "DIV_CNT_WIDTH" 1 3 487, +C4<00000000000000000000000000000101>;
P_00000280dd66f7c8 .param/l "IN_CLK_HZ" 0 3 476, +C4<00000010111110101111000010000000>;
P_00000280dd66f800 .param/l "OVERSAMPLING_MODE" 0 3 478, +C4<00000000000000000000000000010000>;
v00000280dd6c7530_0 .net "i_clk", 0 0, v00000280dd71ba80_0;  alias, 1 drivers
v00000280dd6c7490_0 .net "i_rst", 0 0, v00000280dd71c8e0_0;  alias, 1 drivers
v00000280dd6c7170_0 .var "o_tick", 0 0;
v00000280dd6c6950_0 .var "r_count", 4 0;
E_00000280dd6bbdf0 .event posedge, v00000280dd6c7530_0;
S_00000280dd676fa0 .scope module, "fsm_uart_rx_wrapper" "uart_transceiver_fsm_uart_rx" 3 81, 3 305 0, S_00000280dd674160;
 .timescale -9 -12;
    .port_info 0 /INPUT 1 "i_clk";
    .port_info 1 /INPUT 1 "i_rst";
    .port_info 2 /INPUT 1 "i_rx";
    .port_info 3 /INPUT 1 "i_tick";
    .port_info 4 /OUTPUT 8 "o_rx_data";
    .port_info 5 /OUTPUT 1 "o_rx_done";
P_00000280dd677130 .param/l "BAUD_RATE" 0 3 307, +C4<00000000000000011100001000000000>;
P_00000280dd677168 .param/l "DATA" 1 3 322, C4<0100>;
P_00000280dd6771a0 .param/l "DATA_FRAME" 0 3 306, +C4<00000000000000000000000000001000>;
P_00000280dd6771d8 .param/l "IDLE" 1 3 320, C4<0001>;
P_00000280dd677210 .param/l "LSB" 0 3 310, C4<0>;
P_00000280dd677248 .param/l "OVERSAMPLING_MODE" 0 3 308, +C4<00000000000000000000000000010000>;
P_00000280dd677280 .param/l "START" 1 3 321, C4<0010>;
P_00000280dd6772b8 .param/l "STOP" 1 3 323, C4<1000>;
P_00000280dd6772f0 .param/l "STOP_BIT" 0 3 309, +C4<00000000000000000000000000000001>;
P_00000280dd677328 .param/l "STOP_BIT_P1" 1 3 325, +C4<000000000000000000000000000000000>;
P_00000280dd677360 .param/l "STOP_BIT_P2" 1 3 326, +C4<000000000000000000000000000000000>;
v00000280dd6c7210_0 .net "i_clk", 0 0, v00000280dd71ba80_0;  alias, 1 drivers
v00000280dd6c69f0_0 .net "i_rst", 0 0, v00000280dd71c8e0_0;  alias, 1 drivers
v00000280dd6c72b0_0 .net "i_rx", 0 0, v00000280dd71c5c0_0;  alias, 1 drivers
v00000280dd6c75d0_0 .net "i_tick", 0 0, v00000280dd6c7170_0;  alias, 1 drivers
v00000280dd6c7350_0 .var "o_rx_data", 7 0;
v00000280dd6c6a90_0 .var "o_rx_done", 0 0;
v00000280dd6c6d10_0 .var "r_cnt", 3 0;
v00000280dd6c6c70_0 .var "r_cnt_en", 0 0;
v00000280dd6c6bd0_0 .var "r_index", 2 0;
v00000280dd6c73f0_0 .var "r_index_cnt_en", 0 0;
v00000280dd6c7670_0 .var "r_next", 3 0;
v00000280dd6c7710_0 .var "r_read_data", 0 0;
v00000280dd6c6810_0 .var "r_state", 3 0;
v00000280dd6c6b30_0 .var "w_cnt_en", 0 0;
v00000280dd6c6db0_0 .var "w_index_cnt_en", 0 0;
v00000280dd6c6e50_0 .var "w_read_data", 0 0;
v00000280dd71c2a0_0 .var "w_rx_done", 0 0;
E_00000280dd6bbbb0 .event anyedge, v00000280dd6c6810_0;
E_00000280dd6bb930/0 .event anyedge, v00000280dd6c6810_0, v00000280dd6c72b0_0, v00000280dd6c6d10_0, v00000280dd6c7170_0;
E_00000280dd6bb930/1 .event anyedge, v00000280dd6c6bd0_0;
E_00000280dd6bb930 .event/or E_00000280dd6bb930/0, E_00000280dd6bb930/1;
S_00000280dd696660 .scope module, "fsm_uart_tx_wrapper" "uart_transceiver_fsm_uart_tx" 3 64, 3 104 0, S_00000280dd674160;
 .timescale -9 -12;
    .port_info 0 /INPUT 1 "i_clk";
    .port_info 1 /INPUT 1 "i_rst";
    .port_info 2 /INPUT 8 "i_tx_data";
    .port_info 3 /INPUT 1 "i_tx_start";
    .port_info 4 /INPUT 1 "i_tick";
    .port_info 5 /OUTPUT 1 "o_tx";
    .port_info 6 /OUTPUT 1 "o_tx_done";
P_00000280dd6967f0 .param/l "BAUD_RATE" 0 3 106, +C4<00000000000000011100001000000000>;
P_00000280dd696828 .param/l "DATA" 1 3 122, C4<0100>;
P_00000280dd696860 .param/l "DATA_FRAME" 0 3 105, +C4<00000000000000000000000000001000>;
P_00000280dd696898 .param/l "IDLE" 1 3 120, C4<0001>;
P_00000280dd6968d0 .param/l "LSB" 0 3 109, C4<0>;
P_00000280dd696908 .param/l "OVERSAMPLING_MODE" 0 3 107, +C4<00000000000000000000000000010000>;
P_00000280dd696940 .param/l "START" 1 3 121, C4<0010>;
P_00000280dd696978 .param/l "STOP" 1 3 123, C4<1000>;
P_00000280dd6969b0 .param/l "STOP_BIT" 0 3 108, +C4<00000000000000000000000000000001>;
P_00000280dd6969e8 .param/l "STOP_BIT_P1" 1 3 125, +C4<000000000000000000000000000000000>;
P_00000280dd696a20 .param/l "STOP_BIT_P2" 1 3 126, +C4<000000000000000000000000000000000>;
L_00000280dd6b3fd0 .functor NOT 1, v00000280dd71c980_0, C4<0>, C4<0>, C4<0>;
L_00000280dd6b4120 .functor AND 1, v00000280dd71cca0_0, L_00000280dd6b3fd0, C4<1>, C4<1>;
v00000280dd71cde0_0 .net *"_ivl_0", 0 0, L_00000280dd6b3fd0;  1 drivers
v00000280dd71c020_0 .net "i_clk", 0 0, v00000280dd71ba80_0;  alias, 1 drivers
v00000280dd71c7a0_0 .net "i_rst", 0 0, v00000280dd71c8e0_0;  alias, 1 drivers
v00000280dd71b300_0 .net "i_tick", 0 0, v00000280dd6c7170_0;  alias, 1 drivers
v00000280dd71c200_0 .net "i_tx_data", 7 0, v00000280dd71bb20_0;  alias, 1 drivers
v00000280dd71cf20_0 .net "i_tx_start", 0 0, v00000280dd71c660_0;  alias, 1 drivers
v00000280dd71cc00_0 .var "o_tx", 0 0;
v00000280dd71b940_0 .var "o_tx_done", 0 0;
v00000280dd71b580_0 .var "r_cnt", 3 0;
v00000280dd71b080_0 .var "r_cnt_en", 0 0;
v00000280dd71b120_0 .var "r_index", 2 0;
v00000280dd71bd00_0 .var "r_index_cnt_en", 0 0;
v00000280dd71bda0_0 .var "r_load", 0 0;
v00000280dd71b3a0_0 .var "r_next", 3 0;
v00000280dd71be40_0 .var "r_send_data", 0 0;
v00000280dd71b620_0 .var "r_state", 3 0;
v00000280dd71bee0_0 .var "r_tx_buffer", 7 0;
v00000280dd71cca0_0 .var "r_tx_regA", 0 0;
v00000280dd71c980_0 .var "r_tx_regB", 0 0;
v00000280dd71b6c0_0 .var "w_cnt_en", 0 0;
v00000280dd71cb60_0 .var "w_index_cnt_en", 0 0;
v00000280dd71c480_0 .var "w_load", 0 0;
v00000280dd71bbc0_0 .var "w_send_data", 0 0;
v00000280dd71b440_0 .var "w_tx", 0 0;
v00000280dd71bf80_0 .var "w_tx_done", 0 0;
v00000280dd71c0c0_0 .net "w_tx_r_edge", 0 0, L_00000280dd6b4120;  1 drivers
E_00000280dd6bb670 .event anyedge, v00000280dd71b620_0, v00000280dd71bee0_0;
E_00000280dd6bb970/0 .event anyedge, v00000280dd71b620_0, v00000280dd71c0c0_0, v00000280dd71b580_0, v00000280dd6c7170_0;
E_00000280dd6bb970/1 .event anyedge, v00000280dd71b120_0;
E_00000280dd6bb970 .event/or E_00000280dd6bb970/0, E_00000280dd6bb970/1;
    .scope S_00000280dd696660;
T_1 ;
    %pushi/vec4 0, 0, 4;
    %store/vec4 v00000280dd71b580_0, 0, 4;
    %pushi/vec4 0, 0, 3;
    %store/vec4 v00000280dd71b120_0, 0, 3;
    %end;
    .thread T_1;
    .scope S_00000280dd696660;
T_2 ;
    %wait E_00000280dd6bbdf0;
    %load/vec4 v00000280dd71cf20_0;
    %assign/vec4 v00000280dd71cca0_0, 0;
    %load/vec4 v00000280dd71cca0_0;
    %assign/vec4 v00000280dd71c980_0, 0;
    %jmp T_2;
    .thread T_2;
    .scope S_00000280dd696660;
T_3 ;
    %wait E_00000280dd6bbdf0;
    %load/vec4 v00000280dd71c7a0_0;
    %flag_set/vec4 8;
    %jmp/0xz  T_3.0, 8;
    %pushi/vec4 1, 0, 4;
    %assign/vec4 v00000280dd71b620_0, 0;
    %jmp T_3.1;
T_3.0 ;
    %load/vec4 v00000280dd71b3a0_0;
    %assign/vec4 v00000280dd71b620_0, 0;
T_3.1 ;
    %jmp T_3;
    .thread T_3;
    .scope S_00000280dd696660;
T_4 ;
    %wait E_00000280dd6bb970;
    %load/vec4 v00000280dd71b620_0;
    %store/vec4 v00000280dd71b3a0_0, 0, 4;
    %load/vec4 v00000280dd71b620_0;
    %dup/vec4;
    %pushi/vec4 1, 0, 4;
    %cmp/u;
    %jmp/1 T_4.0, 6;
    %dup/vec4;
    %pushi/vec4 2, 0, 4;
    %cmp/u;
    %jmp/1 T_4.1, 6;
    %dup/vec4;
    %pushi/vec4 4, 0, 4;
    %cmp/u;
    %jmp/1 T_4.2, 6;
    %dup/vec4;
    %pushi/vec4 8, 0, 4;
    %cmp/u;
    %jmp/1 T_4.3, 6;
    %pushi/vec4 1, 0, 4;
    %store/vec4 v00000280dd71b3a0_0, 0, 4;
    %jmp T_4.5;
T_4.0 ;
    %load/vec4 v00000280dd71c0c0_0;
    %flag_set/vec4 8;
    %jmp/0xz  T_4.6, 8;
    %pushi/vec4 2, 0, 4;
    %store/vec4 v00000280dd71b3a0_0, 0, 4;
T_4.6 ;
    %jmp T_4.5;
T_4.1 ;
    %load/vec4 v00000280dd71b580_0;
    %pad/u 32;
    %cmpi/e 0, 0, 32;
    %flag_get/vec4 4;
    %jmp/0 T_4.10, 4;
    %load/vec4 v00000280dd71b300_0;
    %and;
T_4.10;
    %flag_set/vec4 8;
    %jmp/0xz  T_4.8, 8;
    %pushi/vec4 4, 0, 4;
    %store/vec4 v00000280dd71b3a0_0, 0, 4;
T_4.8 ;
    %jmp T_4.5;
T_4.2 ;
    %load/vec4 v00000280dd71b580_0;
    %pad/u 32;
    %cmpi/e 0, 0, 32;
    %flag_get/vec4 4;
    %jmp/0 T_4.13, 4;
    %load/vec4 v00000280dd71b300_0;
    %and;
T_4.13;
    %flag_set/vec4 8;
    %jmp/0xz  T_4.11, 8;
    %load/vec4 v00000280dd71b120_0;
    %pad/u 32;
    %cmpi/e 7, 0, 32;
    %jmp/0xz  T_4.14, 4;
    %pushi/vec4 8, 0, 4;
    %store/vec4 v00000280dd71b3a0_0, 0, 4;
T_4.14 ;
T_4.11 ;
    %jmp T_4.5;
T_4.3 ;
    %load/vec4 v00000280dd71b300_0;
    %flag_set/vec4 10;
    %flag_get/vec4 10;
    %jmp/0 T_4.19, 10;
    %load/vec4 v00000280dd71b580_0;
    %pad/u 33;
    %pushi/vec4 0, 0, 33;
    %cmp/e;
    %flag_get/vec4 4;
    %and;
T_4.19;
    %flag_set/vec4 9;
    %flag_get/vec4 9;
    %jmp/0 T_4.18, 9;
    %load/vec4 v00000280dd71b120_0;
    %pad/u 33;
    %pushi/vec4 0, 0, 33;
    %cmp/e;
    %flag_get/vec4 4;
    %and;
T_4.18;
    %flag_set/vec4 8;
    %jmp/0xz  T_4.16, 8;
    %pushi/vec4 1, 0, 4;
    %store/vec4 v00000280dd71b3a0_0, 0, 4;
T_4.16 ;
    %jmp T_4.5;
T_4.5 ;
    %pop/vec4 1;
    %jmp T_4;
    .thread T_4, $push;
    .scope S_00000280dd696660;
T_5 ;
    %wait E_00000280dd6bb670;
    %pushi/vec4 0, 0, 1;
    %store/vec4 v00000280dd71cb60_0, 0, 1;
    %pushi/vec4 0, 0, 1;
    %store/vec4 v00000280dd71bf80_0, 0, 1;
    %pushi/vec4 0, 0, 1;
    %store/vec4 v00000280dd71bbc0_0, 0, 1;
    %pushi/vec4 0, 0, 1;
    %store/vec4 v00000280dd71b6c0_0, 0, 1;
    %pushi/vec4 0, 0, 1;
    %store/vec4 v00000280dd71c480_0, 0, 1;
    %pushi/vec4 1, 0, 1;
    %store/vec4 v00000280dd71b440_0, 0, 1;
    %load/vec4 v00000280dd71b620_0;
    %dup/vec4;
    %pushi/vec4 2, 0, 4;
    %cmp/u;
    %jmp/1 T_5.0, 6;
    %dup/vec4;
    %pushi/vec4 4, 0, 4;
    %cmp/u;
    %jmp/1 T_5.1, 6;
    %dup/vec4;
    %pushi/vec4 8, 0, 4;
    %cmp/u;
    %jmp/1 T_5.2, 6;
    %jmp T_5.3;
T_5.0 ;
    %pushi/vec4 1, 0, 1;
    %store/vec4 v00000280dd71b6c0_0, 0, 1;
    %pushi/vec4 1, 0, 1;
    %store/vec4 v00000280dd71c480_0, 0, 1;
    %pushi/vec4 0, 0, 1;
    %store/vec4 v00000280dd71b440_0, 0, 1;
    %jmp T_5.3;
T_5.1 ;
    %pushi/vec4 0, 0, 1;
    %store/vec4 v00000280dd71c480_0, 0, 1;
    %pushi/vec4 1, 0, 1;
    %store/vec4 v00000280dd71b6c0_0, 0, 1;
    %pushi/vec4 1, 0, 1;
    %store/vec4 v00000280dd71bbc0_0, 0, 1;
    %pushi/vec4 1, 0, 1;
    %store/vec4 v00000280dd71cb60_0, 0, 1;
    %pushi/vec4 0, 0, 1;
    %dup/vec4;
    %pushi/vec4 0, 0, 1;
    %cmp/u;
    %jmp/1 T_5.4, 6;
    %dup/vec4;
    %pushi/vec4 1, 0, 1;
    %cmp/u;
    %jmp/1 T_5.5, 6;
    %load/vec4 v00000280dd71bee0_0;
    %parti/s 1, 0, 2;
    %store/vec4 v00000280dd71b440_0, 0, 1;
    %jmp T_5.7;
T_5.4 ;
    %load/vec4 v00000280dd71bee0_0;
    %parti/s 1, 0, 2;
    %store/vec4 v00000280dd71b440_0, 0, 1;
    %jmp T_5.7;
T_5.5 ;
    %load/vec4 v00000280dd71bee0_0;
    %parti/s 1, 7, 4;
    %store/vec4 v00000280dd71b440_0, 0, 1;
    %jmp T_5.7;
T_5.7 ;
    %pop/vec4 1;
    %jmp T_5.3;
T_5.2 ;
    %pushi/vec4 0, 0, 1;
    %store/vec4 v00000280dd71c480_0, 0, 1;
    %pushi/vec4 1, 0, 1;
    %store/vec4 v00000280dd71b6c0_0, 0, 1;
    %pushi/vec4 0, 0, 1;
    %store/vec4 v00000280dd71bbc0_0, 0, 1;
    %pushi/vec4 1, 0, 1;
    %store/vec4 v00000280dd71bf80_0, 0, 1;
    %pushi/vec4 1, 0, 1;
    %store/vec4 v00000280dd71cb60_0, 0, 1;
    %jmp T_5.3;
T_5.3 ;
    %pop/vec4 1;
    %jmp T_5;
    .thread T_5, $push;
    .scope S_00000280dd696660;
T_6 ;
    %wait E_00000280dd6bbdf0;
    %load/vec4 v00000280dd71c7a0_0;
    %flag_set/vec4 8;
    %jmp/0xz  T_6.0, 8;
    %pushi/vec4 0, 0, 1;
    %assign/vec4 v00000280dd71be40_0, 0;
    %pushi/vec4 0, 0, 1;
    %assign/vec4 v00000280dd71b080_0, 0;
    %pushi/vec4 0, 0, 1;
    %assign/vec4 v00000280dd71bd00_0, 0;
    %pushi/vec4 0, 0, 1;
    %assign/vec4 v00000280dd71bda0_0, 0;
    %pushi/vec4 0, 0, 1;
    %assign/vec4 v00000280dd71b940_0, 0;
    %pushi/vec4 1, 0, 1;
    %assign/vec4 v00000280dd71cc00_0, 0;
    %jmp T_6.1;
T_6.0 ;
    %load/vec4 v00000280dd71b300_0;
    %flag_set/vec4 8;
    %jmp/0xz  T_6.2, 8;
    %load/vec4 v00000280dd71bbc0_0;
    %assign/vec4 v00000280dd71be40_0, 0;
T_6.2 ;
    %load/vec4 v00000280dd71b6c0_0;
    %assign/vec4 v00000280dd71b080_0, 0;
    %load/vec4 v00000280dd71c480_0;
    %assign/vec4 v00000280dd71bda0_0, 0;
    %load/vec4 v00000280dd71bf80_0;
    %assign/vec4 v00000280dd71b940_0, 0;
    %load/vec4 v00000280dd71b440_0;
    %assign/vec4 v00000280dd71cc00_0, 0;
    %load/vec4 v00000280dd71b300_0;
    %flag_set/vec4 8;
    %jmp/0xz  T_6.4, 8;
    %load/vec4 v00000280dd71cb60_0;
    %assign/vec4 v00000280dd71bd00_0, 0;
T_6.4 ;
T_6.1 ;
    %jmp T_6;
    .thread T_6;
    .scope S_00000280dd696660;
T_7 ;
    %wait E_00000280dd6bbdf0;
    %load/vec4 v00000280dd71c7a0_0;
    %flag_set/vec4 8;
    %jmp/0xz  T_7.0, 8;
    %pushi/vec4 0, 0, 8;
    %assign/vec4 v00000280dd71bee0_0, 0;
    %jmp T_7.1;
T_7.0 ;
    %load/vec4 v00000280dd71bda0_0;
    %flag_set/vec4 8;
    %jmp/0xz  T_7.2, 8;
    %load/vec4 v00000280dd71c200_0;
    %assign/vec4 v00000280dd71bee0_0, 0;
    %jmp T_7.3;
T_7.2 ;
    %load/vec4 v00000280dd71b300_0;
    %flag_set/vec4 9;
    %flag_get/vec4 9;
    %jmp/0 T_7.6, 9;
    %load/vec4 v00000280dd71b580_0;
    %pad/u 32;
    %pushi/vec4 0, 0, 32;
    %cmp/e;
    %flag_get/vec4 4;
    %and;
T_7.6;
    %flag_set/vec4 8;
    %jmp/0xz  T_7.4, 8;
    %pushi/vec4 0, 0, 1;
    %dup/vec4;
    %pushi/vec4 0, 0, 1;
    %cmp/u;
    %jmp/1 T_7.7, 6;
    %dup/vec4;
    %pushi/vec4 1, 0, 1;
    %cmp/u;
    %jmp/1 T_7.8, 6;
    %load/vec4 v00000280dd71bee0_0;
    %ix/load 4, 1, 0;
    %flag_set/imm 4, 0;
    %shiftr 4;
    %assign/vec4 v00000280dd71bee0_0, 0;
    %jmp T_7.10;
T_7.7 ;
    %load/vec4 v00000280dd71bee0_0;
    %ix/load 4, 1, 0;
    %flag_set/imm 4, 0;
    %shiftr 4;
    %assign/vec4 v00000280dd71bee0_0, 0;
    %jmp T_7.10;
T_7.8 ;
    %load/vec4 v00000280dd71bee0_0;
    %ix/load 4, 1, 0;
    %flag_set/imm 4, 0;
    %shiftl 4;
    %assign/vec4 v00000280dd71bee0_0, 0;
    %jmp T_7.10;
T_7.10 ;
    %pop/vec4 1;
T_7.4 ;
T_7.3 ;
T_7.1 ;
    %jmp T_7;
    .thread T_7;
    .scope S_00000280dd696660;
T_8 ;
    %wait E_00000280dd6bbdf0;
    %load/vec4 v00000280dd71c7a0_0;
    %flag_set/vec4 8;
    %jmp/0xz  T_8.0, 8;
    %pushi/vec4 15, 0, 4;
    %assign/vec4 v00000280dd71b580_0, 0;
    %jmp T_8.1;
T_8.0 ;
    %load/vec4 v00000280dd71b080_0;
    %flag_set/vec4 8;
    %jmp/0xz  T_8.2, 8;
    %load/vec4 v00000280dd71b300_0;
    %flag_set/vec4 8;
    %jmp/0xz  T_8.4, 8;
    %load/vec4 v00000280dd71b580_0;
    %subi 1, 0, 4;
    %assign/vec4 v00000280dd71b580_0, 0;
T_8.4 ;
    %jmp T_8.3;
T_8.2 ;
    %pushi/vec4 15, 0, 4;
    %assign/vec4 v00000280dd71b580_0, 0;
T_8.3 ;
T_8.1 ;
    %jmp T_8;
    .thread T_8;
    .scope S_00000280dd696660;
T_9 ;
    %wait E_00000280dd6bbdf0;
    %load/vec4 v00000280dd71c7a0_0;
    %flag_set/vec4 8;
    %jmp/0xz  T_9.0, 8;
    %pushi/vec4 0, 0, 3;
    %assign/vec4 v00000280dd71b120_0, 0;
    %jmp T_9.1;
T_9.0 ;
    %load/vec4 v00000280dd71bd00_0;
    %flag_set/vec4 8;
    %jmp/0xz  T_9.2, 8;
    %load/vec4 v00000280dd71b300_0;
    %flag_set/vec4 9;
    %flag_get/vec4 9;
    %jmp/0 T_9.6, 9;
    %load/vec4 v00000280dd71b580_0;
    %pad/u 32;
    %pushi/vec4 0, 0, 32;
    %cmp/e;
    %flag_get/vec4 4;
    %and;
T_9.6;
    %flag_set/vec4 8;
    %jmp/0xz  T_9.4, 8;
    %load/vec4 v00000280dd71b120_0;
    %addi 1, 0, 3;
    %assign/vec4 v00000280dd71b120_0, 0;
T_9.4 ;
    %jmp T_9.3;
T_9.2 ;
    %pushi/vec4 0, 0, 3;
    %assign/vec4 v00000280dd71b120_0, 0;
T_9.3 ;
T_9.1 ;
    %jmp T_9;
    .thread T_9;
    .scope S_00000280dd676fa0;
T_10 ;
    %pushi/vec4 0, 0, 4;
    %store/vec4 v00000280dd6c6d10_0, 0, 4;
    %pushi/vec4 0, 0, 3;
    %store/vec4 v00000280dd6c6bd0_0, 0, 3;
    %end;
    .thread T_10;
    .scope S_00000280dd676fa0;
T_11 ;
    %wait E_00000280dd6bbdf0;
    %load/vec4 v00000280dd6c69f0_0;
    %flag_set/vec4 8;
    %jmp/0xz  T_11.0, 8;
    %pushi/vec4 1, 0, 4;
    %assign/vec4 v00000280dd6c6810_0, 0;
    %jmp T_11.1;
T_11.0 ;
    %load/vec4 v00000280dd6c7670_0;
    %assign/vec4 v00000280dd6c6810_0, 0;
T_11.1 ;
    %jmp T_11;
    .thread T_11;
    .scope S_00000280dd676fa0;
T_12 ;
    %wait E_00000280dd6bb930;
    %load/vec4 v00000280dd6c6810_0;
    %store/vec4 v00000280dd6c7670_0, 0, 4;
    %load/vec4 v00000280dd6c6810_0;
    %dup/vec4;
    %pushi/vec4 1, 0, 4;
    %cmp/u;
    %jmp/1 T_12.0, 6;
    %dup/vec4;
    %pushi/vec4 2, 0, 4;
    %cmp/u;
    %jmp/1 T_12.1, 6;
    %dup/vec4;
    %pushi/vec4 4, 0, 4;
    %cmp/u;
    %jmp/1 T_12.2, 6;
    %dup/vec4;
    %pushi/vec4 8, 0, 4;
    %cmp/u;
    %jmp/1 T_12.3, 6;
    %pushi/vec4 1, 0, 4;
    %store/vec4 v00000280dd6c7670_0, 0, 4;
    %jmp T_12.5;
T_12.0 ;
    %load/vec4 v00000280dd6c72b0_0;
    %nor/r;
    %flag_set/vec4 8;
    %jmp/0xz  T_12.6, 8;
    %pushi/vec4 2, 0, 4;
    %store/vec4 v00000280dd6c7670_0, 0, 4;
T_12.6 ;
    %jmp T_12.5;
T_12.1 ;
    %load/vec4 v00000280dd6c6d10_0;
    %pad/u 32;
    %cmpi/e 0, 0, 32;
    %jmp/0xz  T_12.8, 4;
    %load/vec4 v00000280dd6c72b0_0;
    %nor/r;
    %flag_set/vec4 8;
    %jmp/0xz  T_12.10, 8;
    %pushi/vec4 4, 0, 4;
    %store/vec4 v00000280dd6c7670_0, 0, 4;
    %jmp T_12.11;
T_12.10 ;
    %pushi/vec4 1, 0, 4;
    %store/vec4 v00000280dd6c7670_0, 0, 4;
T_12.11 ;
T_12.8 ;
    %jmp T_12.5;
T_12.2 ;
    %load/vec4 v00000280dd6c75d0_0;
    %flag_set/vec4 9;
    %flag_get/vec4 9;
    %jmp/0 T_12.14, 9;
    %load/vec4 v00000280dd6c6d10_0;
    %pad/u 32;
    %pushi/vec4 0, 0, 32;
    %cmp/e;
    %flag_get/vec4 4;
    %and;
T_12.14;
    %flag_set/vec4 8;
    %jmp/0xz  T_12.12, 8;
    %load/vec4 v00000280dd6c6bd0_0;
    %pad/u 32;
    %cmpi/e 7, 0, 32;
    %jmp/0xz  T_12.15, 4;
    %pushi/vec4 8, 0, 4;
    %store/vec4 v00000280dd6c7670_0, 0, 4;
T_12.15 ;
T_12.12 ;
    %jmp T_12.5;
T_12.3 ;
    %load/vec4 v00000280dd6c75d0_0;
    %flag_set/vec4 10;
    %flag_get/vec4 10;
    %jmp/0 T_12.20, 10;
    %load/vec4 v00000280dd6c6d10_0;
    %pad/u 33;
    %pushi/vec4 0, 0, 33;
    %cmp/e;
    %flag_get/vec4 4;
    %and;
T_12.20;
    %flag_set/vec4 9;
    %flag_get/vec4 9;
    %jmp/0 T_12.19, 9;
    %load/vec4 v00000280dd6c6bd0_0;
    %pad/u 33;
    %pushi/vec4 0, 0, 33;
    %cmp/e;
    %flag_get/vec4 4;
    %and;
T_12.19;
    %flag_set/vec4 8;
    %jmp/0xz  T_12.17, 8;
    %pushi/vec4 1, 0, 4;
    %store/vec4 v00000280dd6c7670_0, 0, 4;
T_12.17 ;
    %jmp T_12.5;
T_12.5 ;
    %pop/vec4 1;
    %jmp T_12;
    .thread T_12, $push;
    .scope S_00000280dd676fa0;
T_13 ;
    %wait E_00000280dd6bbbb0;
    %pushi/vec4 0, 0, 1;
    %store/vec4 v00000280dd6c6db0_0, 0, 1;
    %pushi/vec4 0, 0, 1;
    %store/vec4 v00000280dd71c2a0_0, 0, 1;
    %pushi/vec4 0, 0, 1;
    %store/vec4 v00000280dd6c6e50_0, 0, 1;
    %pushi/vec4 0, 0, 1;
    %store/vec4 v00000280dd6c6b30_0, 0, 1;
    %load/vec4 v00000280dd6c6810_0;
    %dup/vec4;
    %pushi/vec4 2, 0, 4;
    %cmp/u;
    %jmp/1 T_13.0, 6;
    %dup/vec4;
    %pushi/vec4 4, 0, 4;
    %cmp/u;
    %jmp/1 T_13.1, 6;
    %dup/vec4;
    %pushi/vec4 8, 0, 4;
    %cmp/u;
    %jmp/1 T_13.2, 6;
    %jmp T_13.3;
T_13.0 ;
    %pushi/vec4 1, 0, 1;
    %store/vec4 v00000280dd6c6b30_0, 0, 1;
    %jmp T_13.3;
T_13.1 ;
    %pushi/vec4 1, 0, 1;
    %store/vec4 v00000280dd6c6b30_0, 0, 1;
    %pushi/vec4 1, 0, 1;
    %store/vec4 v00000280dd6c6e50_0, 0, 1;
    %pushi/vec4 1, 0, 1;
    %store/vec4 v00000280dd6c6db0_0, 0, 1;
    %jmp T_13.3;
T_13.2 ;
    %pushi/vec4 1, 0, 1;
    %store/vec4 v00000280dd6c6b30_0, 0, 1;
    %pushi/vec4 0, 0, 1;
    %store/vec4 v00000280dd6c6e50_0, 0, 1;
    %pushi/vec4 1, 0, 1;
    %store/vec4 v00000280dd71c2a0_0, 0, 1;
    %pushi/vec4 1, 0, 1;
    %store/vec4 v00000280dd6c6db0_0, 0, 1;
    %jmp T_13.3;
T_13.3 ;
    %pop/vec4 1;
    %jmp T_13;
    .thread T_13, $push;
    .scope S_00000280dd676fa0;
T_14 ;
    %wait E_00000280dd6bbdf0;
    %load/vec4 v00000280dd6c69f0_0;
    %flag_set/vec4 8;
    %jmp/0xz  T_14.0, 8;
    %pushi/vec4 0, 0, 1;
    %assign/vec4 v00000280dd6c7710_0, 0;
    %pushi/vec4 0, 0, 1;
    %assign/vec4 v00000280dd6c6c70_0, 0;
    %pushi/vec4 0, 0, 1;
    %assign/vec4 v00000280dd6c73f0_0, 0;
    %pushi/vec4 0, 0, 1;
    %assign/vec4 v00000280dd6c6a90_0, 0;
    %jmp T_14.1;
T_14.0 ;
    %load/vec4 v00000280dd6c75d0_0;
    %flag_set/vec4 8;
    %jmp/0xz  T_14.2, 8;
    %load/vec4 v00000280dd6c6e50_0;
    %assign/vec4 v00000280dd6c7710_0, 0;
    %load/vec4 v00000280dd6c6db0_0;
    %assign/vec4 v00000280dd6c73f0_0, 0;
T_14.2 ;
    %load/vec4 v00000280dd6c6b30_0;
    %assign/vec4 v00000280dd6c6c70_0, 0;
    %load/vec4 v00000280dd71c2a0_0;
    %assign/vec4 v00000280dd6c6a90_0, 0;
T_14.1 ;
    %jmp T_14;
    .thread T_14;
    .scope S_00000280dd676fa0;
T_15 ;
    %wait E_00000280dd6bbdf0;
    %load/vec4 v00000280dd6c69f0_0;
    %flag_set/vec4 8;
    %jmp/0xz  T_15.0, 8;
    %pushi/vec4 0, 0, 8;
    %assign/vec4 v00000280dd6c7350_0, 0;
    %jmp T_15.1;
T_15.0 ;
    %load/vec4 v00000280dd6c7710_0;
    %flag_set/vec4 10;
    %flag_get/vec4 10;
    %jmp/0 T_15.5, 10;
    %load/vec4 v00000280dd6c75d0_0;
    %and;
T_15.5;
    %flag_set/vec4 9;
    %flag_get/vec4 9;
    %jmp/0 T_15.4, 9;
    %load/vec4 v00000280dd6c6d10_0;
    %pad/u 32;
    %pushi/vec4 0, 0, 32;
    %cmp/e;
    %flag_get/vec4 4;
    %and;
T_15.4;
    %flag_set/vec4 8;
    %jmp/0xz  T_15.2, 8;
    %pushi/vec4 0, 0, 1;
    %dup/vec4;
    %pushi/vec4 0, 0, 1;
    %cmp/u;
    %jmp/1 T_15.6, 6;
    %dup/vec4;
    %pushi/vec4 1, 0, 1;
    %cmp/u;
    %jmp/1 T_15.7, 6;
    %load/vec4 v00000280dd6c72b0_0;
    %load/vec4 v00000280dd6c7350_0;
    %parti/s 7, 1, 2;
    %concat/vec4; draw_concat_vec4
    %assign/vec4 v00000280dd6c7350_0, 0;
    %jmp T_15.9;
T_15.6 ;
    %load/vec4 v00000280dd6c72b0_0;
    %load/vec4 v00000280dd6c7350_0;
    %parti/s 7, 1, 2;
    %concat/vec4; draw_concat_vec4
    %assign/vec4 v00000280dd6c7350_0, 0;
    %jmp T_15.9;
T_15.7 ;
    %load/vec4 v00000280dd6c7350_0;
    %parti/s 7, 0, 2;
    %load/vec4 v00000280dd6c72b0_0;
    %concat/vec4; draw_concat_vec4
    %assign/vec4 v00000280dd6c7350_0, 0;
    %jmp T_15.9;
T_15.9 ;
    %pop/vec4 1;
T_15.2 ;
T_15.1 ;
    %jmp T_15;
    .thread T_15;
    .scope S_00000280dd676fa0;
T_16 ;
    %wait E_00000280dd6bbdf0;
    %load/vec4 v00000280dd6c69f0_0;
    %flag_set/vec4 8;
    %jmp/0xz  T_16.0, 8;
    %pushi/vec4 7, 0, 4;
    %assign/vec4 v00000280dd6c6d10_0, 0;
    %jmp T_16.1;
T_16.0 ;
    %load/vec4 v00000280dd6c6c70_0;
    %flag_set/vec4 8;
    %jmp/0xz  T_16.2, 8;
    %load/vec4 v00000280dd6c75d0_0;
    %flag_set/vec4 8;
    %jmp/0xz  T_16.4, 8;
    %load/vec4 v00000280dd6c6d10_0;
    %subi 1, 0, 4;
    %assign/vec4 v00000280dd6c6d10_0, 0;
T_16.4 ;
    %jmp T_16.3;
T_16.2 ;
    %pushi/vec4 7, 0, 4;
    %assign/vec4 v00000280dd6c6d10_0, 0;
T_16.3 ;
T_16.1 ;
    %jmp T_16;
    .thread T_16;
    .scope S_00000280dd676fa0;
T_17 ;
    %wait E_00000280dd6bbdf0;
    %load/vec4 v00000280dd6c69f0_0;
    %flag_set/vec4 8;
    %jmp/0xz  T_17.0, 8;
    %pushi/vec4 0, 0, 3;
    %assign/vec4 v00000280dd6c6bd0_0, 0;
    %jmp T_17.1;
T_17.0 ;
    %load/vec4 v00000280dd6c73f0_0;
    %flag_set/vec4 8;
    %jmp/0xz  T_17.2, 8;
    %load/vec4 v00000280dd6c75d0_0;
    %flag_set/vec4 9;
    %flag_get/vec4 9;
    %jmp/0 T_17.6, 9;
    %load/vec4 v00000280dd6c6d10_0;
    %pad/u 32;
    %pushi/vec4 0, 0, 32;
    %cmp/e;
    %flag_get/vec4 4;
    %and;
T_17.6;
    %flag_set/vec4 8;
    %jmp/0xz  T_17.4, 8;
    %load/vec4 v00000280dd6c6bd0_0;
    %addi 1, 0, 3;
    %assign/vec4 v00000280dd6c6bd0_0, 0;
T_17.4 ;
    %jmp T_17.3;
T_17.2 ;
    %pushi/vec4 0, 0, 3;
    %assign/vec4 v00000280dd6c6bd0_0, 0;
T_17.3 ;
T_17.1 ;
    %jmp T_17;
    .thread T_17;
    .scope S_00000280dd674e50;
T_18 ;
    %pushi/vec4 0, 0, 5;
    %store/vec4 v00000280dd6c6950_0, 0, 5;
    %end;
    .thread T_18;
    .scope S_00000280dd674e50;
T_19 ;
    %wait E_00000280dd6bbdf0;
    %load/vec4 v00000280dd6c7490_0;
    %flag_set/vec4 8;
    %jmp/0xz  T_19.0, 8;
    %pushi/vec4 0, 0, 5;
    %assign/vec4 v00000280dd6c6950_0, 0;
    %pushi/vec4 0, 0, 1;
    %assign/vec4 v00000280dd6c7170_0, 0;
    %jmp T_19.1;
T_19.0 ;
    %load/vec4 v00000280dd6c6950_0;
    %addi 1, 0, 5;
    %assign/vec4 v00000280dd6c6950_0, 0;
    %pushi/vec4 0, 0, 1;
    %assign/vec4 v00000280dd6c7170_0, 0;
    %load/vec4 v00000280dd6c6950_0;
    %pad/u 65;
    %cmpi/e 26, 0, 65;
    %jmp/0xz  T_19.2, 4;
    %pushi/vec4 0, 0, 5;
    %assign/vec4 v00000280dd6c6950_0, 0;
    %pushi/vec4 1, 0, 1;
    %assign/vec4 v00000280dd6c7170_0, 0;
T_19.2 ;
T_19.1 ;
    %jmp T_19;
    .thread T_19;
    .scope S_00000280dd6c8dc0;
T_20 ;
    %pushi/vec4 0, 0, 1;
    %store/vec4 v00000280dd71ba80_0, 0, 1;
    %pushi/vec4 1, 0, 1;
    %store/vec4 v00000280dd71c8e0_0, 0, 1;
    %pushi/vec4 0, 0, 8;
    %store/vec4 v00000280dd71bb20_0, 0, 8;
    %pushi/vec4 0, 0, 1;
    %store/vec4 v00000280dd71c660_0, 0, 1;
    %pushi/vec4 0, 0, 1;
    %store/vec4 v00000280dd71c5c0_0, 0, 1;
    %end;
    .thread T_20;
    .scope S_00000280dd6c8dc0;
T_21 ;
    %delay 10, 0;
    %load/vec4 v00000280dd71ba80_0;
    %inv;
    %store/vec4 v00000280dd71ba80_0, 0, 1;
    %jmp T_21;
    .thread T_21;
    .scope S_00000280dd6c8dc0;
T_22 ;
    %vpi_call 2 91 "$dumpfile", "uart_transceiver_tb.vcd" {0 0 0};
    %vpi_call 2 92 "$dumpvars", 32'sb00000000000000000000000000000000, S_00000280dd6c8dc0 {0 0 0};
    %pushi/vec4 0, 0, 1;
    %assign/vec4 v00000280dd71ba80_0, 0;
    %pushi/vec4 1, 0, 1;
    %assign/vec4 v00000280dd71c8e0_0, 0;
    %pushi/vec4 1, 0, 1;
    %assign/vec4 v00000280dd71c5c0_0, 0;
    %pushi/vec4 0, 0, 1;
    %assign/vec4 v00000280dd71c660_0, 0;
    %pushi/vec4 5, 0, 8;
    %assign/vec4 v00000280dd71bb20_0, 0;
    %wait E_00000280dd6bbdf0;
    %pushi/vec4 4, 0, 8;
    %store/vec4 v00000280dd6c7030_0, 0, 8;
    %fork TD_uart_transceiver_tb.UART_WRITE_BYTE, S_00000280dd673fd0;
    %join;
    %delay 1000, 0;
    %wait E_00000280dd6bbdf0;
    %pushi/vec4 245, 0, 8;
    %store/vec4 v00000280dd6c7030_0, 0, 8;
    %fork TD_uart_transceiver_tb.UART_WRITE_BYTE, S_00000280dd673fd0;
    %join;
    %delay 10, 0;
    %pushi/vec4 0, 0, 1;
    %assign/vec4 v00000280dd71c8e0_0, 0;
    %wait E_00000280dd6bbdf0;
    %pushi/vec4 4, 0, 8;
    %store/vec4 v00000280dd6c7030_0, 0, 8;
    %fork TD_uart_transceiver_tb.UART_WRITE_BYTE, S_00000280dd673fd0;
    %join;
    %delay 1000, 0;
    %wait E_00000280dd6bbdf0;
    %pushi/vec4 245, 0, 8;
    %store/vec4 v00000280dd6c7030_0, 0, 8;
    %fork TD_uart_transceiver_tb.UART_WRITE_BYTE, S_00000280dd673fd0;
    %join;
    %delay 10, 0;
    %pushi/vec4 1, 0, 1;
    %assign/vec4 v00000280dd71c660_0, 0;
    %delay 30, 0;
    %pushi/vec4 0, 0, 1;
    %assign/vec4 v00000280dd71c660_0, 0;
    %delay 100000, 0;
    %vpi_call 2 109 "$finish" {0 0 0};
    %end;
    .thread T_22;
# The file index is used to find the file name in the following table.
:file_names 4;
    "N/A";
    "<interactive>";
    "D:/e/vicharak/ForgeFpga/uart_loopback/ffpga/sim/uart_transceiver_tb.vt";
    "D:/e/vicharak/ForgeFpga/uart_loopback/ffpga/lib/uart_transceiver.v";
